Using pre-set license
Built from '2021.3/staging' branch; Version is '2021.3.29f1 (204d6dc9ae1c) revision 2116973'; Using compiler version '192829333'; Build Type 'Release'
OS: 'Windows 10  (10.0.19045) 64bit Core' Language: 'zh' Physical Memory: 32429 MB
BatchMode: 1, IsHumanControllingUs: 0, StartBugReporterOnCrash: 0, Is64bit: 1, IsPro: 1

COMMAND LINE ARGUMENTS:
C:\unity\2021.3.29f1\Editor\Unity.exe
-adb2
-batchMode
-noUpm
-name
AssetImportWorker19
-projectPath
C:/Users/lny/Desktop/COMP602/Mythics ()1)
-logFile
Logs/AssetImportWorker19.log
-srvPort
49669
Successfully changed project path to: C:/Users/lny/Desktop/COMP602/Mythics ()1)
C:/Users/lny/Desktop/COMP602/Mythics ()1)
[UnityMemory] Configuration Parameters - Can be set up in boot.config
    "memorysetup-bucket-allocator-granularity=16"
    "memorysetup-bucket-allocator-bucket-count=8"
    "memorysetup-bucket-allocator-block-size=33554432"
    "memorysetup-bucket-allocator-block-count=8"
    "memorysetup-main-allocator-block-size=16777216"
    "memorysetup-thread-allocator-block-size=16777216"
    "memorysetup-gfx-main-allocator-block-size=16777216"
    "memorysetup-gfx-thread-allocator-block-size=16777216"
    "memorysetup-cache-allocator-block-size=4194304"
    "memorysetup-typetree-allocator-block-size=2097152"
    "memorysetup-profiler-bucket-allocator-granularity=16"
    "memorysetup-profiler-bucket-allocator-bucket-count=8"
    "memorysetup-profiler-bucket-allocator-block-size=33554432"
    "memorysetup-profiler-bucket-allocator-block-count=8"
    "memorysetup-profiler-allocator-block-size=16777216"
    "memorysetup-profiler-editor-allocator-block-size=1048576"
    "memorysetup-temp-allocator-size-main=16777216"
    "memorysetup-job-temp-allocator-block-size=2097152"
    "memorysetup-job-temp-allocator-block-size-background=1048576"
    "memorysetup-job-temp-allocator-reduction-small-platforms=262144"
    "memorysetup-temp-allocator-size-background-worker=32768"
    "memorysetup-temp-allocator-size-job-worker=262144"
    "memorysetup-temp-allocator-size-preload-manager=33554432"
    "memorysetup-temp-allocator-size-nav-mesh-worker=65536"
    "memorysetup-temp-allocator-size-audio-worker=65536"
    "memorysetup-temp-allocator-size-cloud-worker=32768"
    "memorysetup-temp-allocator-size-gi-baking-worker=262144"
    "memorysetup-temp-allocator-size-gfx=262144"
Player connection [16968] Host "[IP] 192.168.1.228 [Port] 0 [Flags] 2 [Guid] 3888498361 [EditorId] 3888498361 [Version] 1048832 [Id] WindowsEditor(7,DESKTOP-UVGHRJR) [Debug] 1 [PackageName] WindowsEditor [ProjectName] Editor" joined multi-casting on [225.0.0.222:54997]...

Player connection [16968] Host "[IP] 192.168.1.228 [Port] 0 [Flags] 2 [Guid] 3888498361 [EditorId] 3888498361 [Version] 1048832 [Id] WindowsEditor(7,DESKTOP-UVGHRJR) [Debug] 1 [PackageName] WindowsEditor [ProjectName] Editor" joined alternative multi-casting on [225.0.0.222:34997]...

Refreshing native plugins compatible for Editor in 178.27 ms, found 4 plugins.
Preloading 0 native plugins for Editor in 0.00 ms.
Initialize engine version: 2021.3.29f1 (204d6dc9ae1c)
[Subsystems] Discovering subsystems at path C:/unity/2021.3.29f1/Editor/Data/Resources/UnitySubsystems
[Subsystems] Discovering subsystems at path C:/Users/lny/Desktop/COMP602/Mythics ()1)/Assets
GfxDevice: creating device client; threaded=0; jobified=0
Direct3D:
    Version:  Direct3D 11.0 [level 11.1]
    Renderer: NVIDIA GeForce RTX 3080 Laptop GPU (ID=0x24dc)
    Vendor:   NVIDIA
    VRAM:     16191 MB
    Driver:   31.0.15.3699
Initialize mono
Mono path[0] = 'C:/unity/2021.3.29f1/Editor/Data/Managed'
Mono path[1] = 'C:/unity/2021.3.29f1/Editor/Data/MonoBleedingEdge/lib/mono/unityjit-win32'
Mono config path = 'C:/unity/2021.3.29f1/Editor/Data/MonoBleedingEdge/etc'
Using monoOptions --debugger-agent=transport=dt_socket,embedding=1,server=y,suspend=n,address=127.0.0.1:56608
Begin MonoManager ReloadAssembly
Registering precompiled unity dll's ...
Register platform support module: C:/unity/2021.3.29f1/Editor/Data/PlaybackEngines/WindowsStandaloneSupport/UnityEditor.WindowsStandalone.Extensions.dll
Registered in 0.012139 seconds.
Native extension for WindowsStandalone target not found
Refreshing native plugins compatible for Editor in 112.96 ms, found 4 plugins.
Preloading 0 native plugins for Editor in 0.00 ms.
Mono: successfully reloaded assembly
- Completed reload, in  0.976 seconds
Domain Reload Profiling:
	ReloadAssembly (977ms)
		BeginReloadAssembly (149ms)
			ExecutionOrderSort (0ms)
			DisableScriptedObjects (0ms)
			BackupInstance (0ms)
			ReleaseScriptingObjects (0ms)
			CreateAndSetChildDomain (1ms)
		EndReloadAssembly (663ms)
			LoadAssemblies (143ms)
			RebuildTransferFunctionScriptingTraits (0ms)
			SetupTypeCache (162ms)
			ReleaseScriptCaches (0ms)
			RebuildScriptCaches (38ms)
			SetupLoadedEditorAssemblies (394ms)
				LogAssemblyErrors (0ms)
				InitializePlatformSupportModulesInManaged (12ms)
				SetLoadedEditorAssemblies (0ms)
				RefreshPlugins (113ms)
				BeforeProcessingInitializeOnLoad (2ms)
				ProcessInitializeOnLoadAttributes (187ms)
				ProcessInitializeOnLoadMethodAttributes (80ms)
				AfterProcessingInitializeOnLoad (0ms)
				EditorAssembliesLoaded (0ms)
			ExecutionOrderSort2 (0ms)
			AwakeInstancesAfterBackupRestoration (0ms)
Platform modules already initialized, skipping
Registering precompiled user dll's ...
Registered in 0.018236 seconds.
Begin MonoManager ReloadAssembly
Symbol file LoadedFromMemory doesn't match image C:\Users\lny\Desktop\COMP602\Mythics ()1)\Library\PackageCache\com.unity.visualscripting@1.8.0\Editor\VisualScripting.Core\Dependencies\YamlDotNet\Unity.VisualScripting.YamlDotNet.dll
Symbol file LoadedFromMemory doesn't match image C:\Users\lny\Desktop\COMP602\Mythics ()1)\Library\PackageCache\com.unity.visualscripting@1.8.0\Editor\VisualScripting.Core\Dependencies\DotNetZip\Unity.VisualScripting.IonicZip.dll
Native extension for WindowsStandalone target not found
Refreshing native plugins compatible for Editor in 129.16 ms, found 4 plugins.
Preloading 0 native plugins for Editor in 0.00 ms.
Mono: successfully reloaded assembly
- Completed reload, in  1.916 seconds
Domain Reload Profiling:
	ReloadAssembly (1917ms)
		BeginReloadAssembly (221ms)
			ExecutionOrderSort (0ms)
			DisableScriptedObjects (11ms)
			BackupInstance (0ms)
			ReleaseScriptingObjects (0ms)
			CreateAndSetChildDomain (27ms)
		EndReloadAssembly (1504ms)
			LoadAssemblies (174ms)
			RebuildTransferFunctionScriptingTraits (0ms)
			SetupTypeCache (389ms)
			ReleaseScriptCaches (1ms)
			RebuildScriptCaches (86ms)
			SetupLoadedEditorAssemblies (834ms)
				LogAssemblyErrors (0ms)
				InitializePlatformSupportModulesInManaged (7ms)
				SetLoadedEditorAssemblies (0ms)
				RefreshPlugins (129ms)
				BeforeProcessingInitializeOnLoad (196ms)
				ProcessInitializeOnLoadAttributes (400ms)
				ProcessInitializeOnLoadMethodAttributes (79ms)
				AfterProcessingInitializeOnLoad (22ms)
				EditorAssembliesLoaded (0ms)
			ExecutionOrderSort2 (0ms)
			AwakeInstancesAfterBackupRestoration (16ms)
Platform modules already initialized, skipping
========================================================================
Worker process is ready to serve import requests
Launched and connected shader compiler UnityShaderCompiler.exe after 0.06 seconds
Refreshing native plugins compatible for Editor in 0.79 ms, found 4 plugins.
Preloading 0 native plugins for Editor in 0.00 ms.
Unloading 3798 Unused Serialized files (Serialized files now loaded: 0)
Unloading 35 unused Assets / (46.7 KB). Loaded Objects now: 4258.
Memory consumption went from 144.5 MB to 144.4 MB.
Total: 3.784700 ms (FindLiveObjects: 0.324400 ms CreateObjectMapping: 0.142700 ms MarkObjects: 3.080000 ms  DeleteObjects: 0.234600 ms)

AssetImportParameters requested are different than current active one (requested -> active):
  custom:video-decoder-ogg-theora: a1e56fd34408186e4bbccfd4996cb3dc -> 
  custom:container-muxer-webm: aa71ff27fc2769a1b78a27578f13a17b -> 
  custom:container-demuxer-webm: 4f35f7cbe854078d1ac9338744f61a02 -> 
  custom:video-encoder-webm-vp8: eb34c28f22e8b96e1ab97ce403110664 -> 
  custom:video-codec-MediaFoundation-h265: 746d11721c4dcdbdad8f713fa42b33f4 -> 
  custom:CustomObjectIndexerAttribute: bc11b3a6c3213fcdd17b65e7da85e133 -> 
  custom:audio-encoder-webm-vorbis: bf7c407c2cedff20999df2af8eb42d56 -> 
  custom:framework-win-MediaFoundation: 216162199b28c13a410421893ffa2e32 -> 
  custom:container-demuxer-ogg: 62fdf1f143b41e24485cea50d1cbac27 -> 
  custom:video-decoder-webm-vp8: 9c59270c3fd7afecdb556c50c9e8de78 -> 
  custom:audio-decoder-ogg-vorbis: bf7c407c2cedff20999df2af8eb42d56 -> 
========================================================================
Received Import Request.
  Time since last request: 1453525.220292 seconds.
  path: Assets/Controllers/PoisonIdle_0023_Layer-47.png
  artifactKey: Guid(2e755f4cf36c88e438ab191d148fc80e) Importer(815301076,1909f56bfc062723c751e8b465ee728b)
Start importing Assets/Controllers/PoisonIdle_0023_Layer-47.png using Guid(2e755f4cf36c88e438ab191d148fc80e) Importer(815301076,1909f56bfc062723c751e8b465ee728b)  -> (artifact id: 'd46ef3b092862c2c86b1e0737db8406c') in 0.268000 seconds 
========================================================================
Received Import Request.
  Time since last request: 0.000049 seconds.
  path: Assets/Controllers/StormIdle_0000s_0000_Layer-155.png
  artifactKey: Guid(80d357e00ca7b67418c012ed8a7d49d2) Importer(815301076,1909f56bfc062723c751e8b465ee728b)
Start importing Assets/Controllers/StormIdle_0000s_0000_Layer-155.png using Guid(80d357e00ca7b67418c012ed8a7d49d2) Importer(815301076,1909f56bfc062723c751e8b465ee728b)  -> (artifact id: '07598e34d83c26f8f3110bc0b224b8f3') in 0.055468 seconds 
========================================================================
Received Import Request.
  Time since last request: 0.000065 seconds.
  path: Assets/Controllers/PoisonIdle_0031_Layer-39.png
  artifactKey: Guid(ec2ebf677c45a664698623bb21792b92) Importer(815301076,1909f56bfc062723c751e8b465ee728b)
Start importing Assets/Controllers/PoisonIdle_0031_Layer-39.png using Guid(ec2ebf677c45a664698623bb21792b92) Importer(815301076,1909f56bfc062723c751e8b465ee728b)  -> (artifact id: '51ba21793607cd6c3a45a648b2559ac2') in 0.054892 seconds 
========================================================================
Received Import Request.
  Time since last request: 0.000031 seconds.
  path: Assets/Controllers/PoisonIdle_0029_Layer-41.png
  artifactKey: Guid(011fc682d9f20bf4faabfd934bec5c22) Importer(815301076,1909f56bfc062723c751e8b465ee728b)
Start importing Assets/Controllers/PoisonIdle_0029_Layer-41.png using Guid(011fc682d9f20bf4faabfd934bec5c22) Importer(815301076,1909f56bfc062723c751e8b465ee728b)  -> (artifact id: 'b522175c4529cf179853858f1298d158') in 0.054636 seconds 
========================================================================
Received Import Request.
  Time since last request: 0.000036 seconds.
  path: Assets/Controllers/StormIdle_0000s_0004_Layer-151.png
  artifactKey: Guid(2dc36cd82a988674392df6941b9c71cc) Importer(815301076,1909f56bfc062723c751e8b465ee728b)
Start importing Assets/Controllers/StormIdle_0000s_0004_Layer-151.png using Guid(2dc36cd82a988674392df6941b9c71cc) Importer(815301076,1909f56bfc062723c751e8b465ee728b)  -> (artifact id: 'db6eba4a09a8033475df1f6bcc3aead1') in 0.052368 seconds 
========================================================================
Received Import Request.
  Time since last request: 0.000031 seconds.
  path: Assets/Controllers/PoisonIdle_0027_Layer-43.png
  artifactKey: Guid(fdde2837c19ee3e4da690e48b0b5a8c4) Importer(815301076,1909f56bfc062723c751e8b465ee728b)
Start importing Assets/Controllers/PoisonIdle_0027_Layer-43.png using Guid(fdde2837c19ee3e4da690e48b0b5a8c4) Importer(815301076,1909f56bfc062723c751e8b465ee728b)  -> (artifact id: '498195807e2a2fbe85808f330ccd81b6') in 0.049719 seconds 
========================================================================
Received Import Request.
  Time since last request: 0.000038 seconds.
  path: Assets/Controllers/StormIdle_0000s_0001_Layer-154.png
  artifactKey: Guid(a806631906e5411438b146e3ce755dd3) Importer(815301076,1909f56bfc062723c751e8b465ee728b)
Start importing Assets/Controllers/StormIdle_0000s_0001_Layer-154.png using Guid(a806631906e5411438b146e3ce755dd3) Importer(815301076,1909f56bfc062723c751e8b465ee728b)  -> (artifact id: 'a376bca52dd4b6e7664616d26c739418') in 0.047847 seconds 
========================================================================
Received Import Request.
  Time since last request: 0.000042 seconds.
  path: Assets/Controllers/PoisonIdle_0028_Layer-42.png
  artifactKey: Guid(29a280f0939d1ab4fad9df189272ef6e) Importer(815301076,1909f56bfc062723c751e8b465ee728b)
Start importing Assets/Controllers/PoisonIdle_0028_Layer-42.png using Guid(29a280f0939d1ab4fad9df189272ef6e) Importer(815301076,1909f56bfc062723c751e8b465ee728b)  -> (artifact id: 'bb52ff307886140c21dbbf64bd1df2e7') in 0.061832 seconds 
========================================================================
Received Prepare
Registering precompiled user dll's ...
Registered in 0.016852 seconds.
Begin MonoManager ReloadAssembly
Symbol file LoadedFromMemory doesn't match image C:\Users\lny\Desktop\COMP602\Mythics ()1)\Library\PackageCache\com.unity.visualscripting@1.8.0\Editor\VisualScripting.Core\Dependencies\YamlDotNet\Unity.VisualScripting.YamlDotNet.dll
Symbol file LoadedFromMemory doesn't match image C:\Users\lny\Desktop\COMP602\Mythics ()1)\Library\PackageCache\com.unity.visualscripting@1.8.0\Editor\VisualScripting.Core\Dependencies\DotNetZip\Unity.VisualScripting.IonicZip.dll
Native extension for WindowsStandalone target not found
Refreshing native plugins compatible for Editor in 0.75 ms, found 4 plugins.
Preloading 0 native plugins for Editor in 0.00 ms.
Mono: successfully reloaded assembly
- Completed reload, in  1.585 seconds
Domain Reload Profiling:
	ReloadAssembly (1586ms)
		BeginReloadAssembly (299ms)
			ExecutionOrderSort (0ms)
			DisableScriptedObjects (15ms)
			BackupInstance (0ms)
			ReleaseScriptingObjects (0ms)
			CreateAndSetChildDomain (72ms)
		EndReloadAssembly (1106ms)
			LoadAssemblies (210ms)
			RebuildTransferFunctionScriptingTraits (0ms)
			SetupTypeCache (360ms)
			ReleaseScriptCaches (2ms)
			RebuildScriptCaches (62ms)
			SetupLoadedEditorAssemblies (473ms)
				LogAssemblyErrors (0ms)
				InitializePlatformSupportModulesInManaged (7ms)
				SetLoadedEditorAssemblies (1ms)
				RefreshPlugins (1ms)
				BeforeProcessingInitializeOnLoad (112ms)
				ProcessInitializeOnLoadAttributes (249ms)
				ProcessInitializeOnLoadMethodAttributes (76ms)
				AfterProcessingInitializeOnLoad (27ms)
				EditorAssembliesLoaded (0ms)
			ExecutionOrderSort2 (0ms)
			AwakeInstancesAfterBackupRestoration (16ms)
Platform modules already initialized, skipping
Refreshing native plugins compatible for Editor in 4.87 ms, found 4 plugins.
Preloading 0 native plugins for Editor in 0.00 ms.
Unloading 3787 Unused Serialized files (Serialized files now loaded: 0)
Unloading 22 unused Assets / (22.0 KB). Loaded Objects now: 4268.
Memory consumption went from 147.7 MB to 147.7 MB.
Total: 4.039200 ms (FindLiveObjects: 0.301600 ms CreateObjectMapping: 0.108900 ms MarkObjects: 3.597600 ms  DeleteObjects: 0.029900 ms)

AssetImportParameters requested are different than current active one (requested -> active):
  custom:video-decoder-ogg-theora: a1e56fd34408186e4bbccfd4996cb3dc -> 
  custom:container-muxer-webm: aa71ff27fc2769a1b78a27578f13a17b -> 
  custom:container-demuxer-webm: 4f35f7cbe854078d1ac9338744f61a02 -> 
  custom:video-encoder-webm-vp8: eb34c28f22e8b96e1ab97ce403110664 -> 
  custom:video-codec-MediaFoundation-h265: 746d11721c4dcdbdad8f713fa42b33f4 -> 
  custom:CustomObjectIndexerAttribute: bc11b3a6c3213fcdd17b65e7da85e133 -> 
  custom:audio-encoder-webm-vorbis: bf7c407c2cedff20999df2af8eb42d56 -> 
  custom:framework-win-MediaFoundation: 216162199b28c13a410421893ffa2e32 -> 
  custom:container-demuxer-ogg: 62fdf1f143b41e24485cea50d1cbac27 -> 
  custom:video-decoder-webm-vp8: 9c59270c3fd7afecdb556c50c9e8de78 -> 
  custom:audio-decoder-ogg-vorbis: bf7c407c2cedff20999df2af8eb42d56 -> 
========================================================================
Received Import Request.
  Time since last request: 95.161630 seconds.
  path: Assets/Controllers/PoisonIdle_0023_Layer-47.png
  artifactKey: Guid(2e755f4cf36c88e438ab191d148fc80e) Importer(815301076,1909f56bfc062723c751e8b465ee728b)
Start importing Assets/Controllers/PoisonIdle_0023_Layer-47.png using Guid(2e755f4cf36c88e438ab191d148fc80e) Importer(815301076,1909f56bfc062723c751e8b465ee728b)  -> (artifact id: 'dafd73c2a5032ea4f88c300c14ad26c4') in 0.106594 seconds 
========================================================================
Received Import Request.
  Time since last request: 6.111318 seconds.
  path: Assets/Controllers/PoisonIdle_0010_Layer-60.png
  artifactKey: Guid(f3e0112e39dbf584dbf02dec00d649f0) Importer(815301076,1909f56bfc062723c751e8b465ee728b)
Start importing Assets/Controllers/PoisonIdle_0010_Layer-60.png using Guid(f3e0112e39dbf584dbf02dec00d649f0) Importer(815301076,1909f56bfc062723c751e8b465ee728b)  -> (artifact id: '1f1a4b1f9be502a5f3c56964c836c8cf') in 0.039486 seconds 
========================================================================
Received Import Request.
  Time since last request: 0.000036 seconds.
  path: Assets/Controllers/IceIdle_0000s_0030_Layer-110.png
  artifactKey: Guid(af39277923ac8204c969a6726d9de4bd) Importer(815301076,1909f56bfc062723c751e8b465ee728b)
Start importing Assets/Controllers/IceIdle_0000s_0030_Layer-110.png using Guid(af39277923ac8204c969a6726d9de4bd) Importer(815301076,1909f56bfc062723c751e8b465ee728b)  -> (artifact id: '0188da7b5989aa6a2a01fd657d9325d6') in 0.054850 seconds 
========================================================================
Received Import Request.
  Time since last request: 0.000027 seconds.
  path: Assets/Controllers/PoisonIdle_0021_Layer-49.png
  artifactKey: Guid(cff92cb26df8722489a2d95c4ebcc5ee) Importer(815301076,1909f56bfc062723c751e8b465ee728b)
Start importing Assets/Controllers/PoisonIdle_0021_Layer-49.png using Guid(cff92cb26df8722489a2d95c4ebcc5ee) Importer(815301076,1909f56bfc062723c751e8b465ee728b)  -> (artifact id: 'efc6735ca7bf570b85cff8fbf8acb2ba') in 0.048116 seconds 
========================================================================
Received Import Request.
  Time since last request: 0.000029 seconds.
  path: Assets/Controllers/IceIdle_0000s_0012_Layer-128.png
  artifactKey: Guid(847ef4c1e8c7979499aede11113fed2f) Importer(815301076,1909f56bfc062723c751e8b465ee728b)
Start importing Assets/Controllers/IceIdle_0000s_0012_Layer-128.png using Guid(847ef4c1e8c7979499aede11113fed2f) Importer(815301076,1909f56bfc062723c751e8b465ee728b)  -> (artifact id: '2a74c9d262ff0e0e2ace35da96080122') in 0.050071 seconds 
========================================================================
Received Import Request.
  Time since last request: 0.000036 seconds.
  path: Assets/Controllers/PoisonIdle_0009_Layer-61.png
  artifactKey: Guid(63953651858beed4ca0458d3987d3528) Importer(815301076,1909f56bfc062723c751e8b465ee728b)
Start importing Assets/Controllers/PoisonIdle_0009_Layer-61.png using Guid(63953651858beed4ca0458d3987d3528) Importer(815301076,1909f56bfc062723c751e8b465ee728b)  -> (artifact id: '3834c7652091002826eeab86ee29b8c1') in 0.044833 seconds 
========================================================================
Received Import Request.
  Time since last request: 0.000026 seconds.
  path: Assets/Controllers/IceIdle_0000s_0011_Layer-129.png
  artifactKey: Guid(87396efa06ba9964cad202fef90e13b3) Importer(815301076,1909f56bfc062723c751e8b465ee728b)
Start importing Assets/Controllers/IceIdle_0000s_0011_Layer-129.png using Guid(87396efa06ba9964cad202fef90e13b3) Importer(815301076,1909f56bfc062723c751e8b465ee728b)  -> (artifact id: '96d4f097ce4cfdf532059013b4ff1cb7') in 0.048114 seconds 
========================================================================
Received Import Request.
  Time since last request: 0.000032 seconds.
  path: Assets/Controllers/IceIdle_0000s_0024_Layer-116.png
  artifactKey: Guid(9666eeddcd407244fa69e77c8c7e577b) Importer(815301076,1909f56bfc062723c751e8b465ee728b)
Start importing Assets/Controllers/IceIdle_0000s_0024_Layer-116.png using Guid(9666eeddcd407244fa69e77c8c7e577b) Importer(815301076,1909f56bfc062723c751e8b465ee728b)  -> (artifact id: 'b5ca36d4b2cc408922ba260d7b583950') in 0.047145 seconds 
========================================================================
Received Import Request.
  Time since last request: 0.000029 seconds.
  path: Assets/Controllers/PoisonIdle_0015_Layer-55.png
  artifactKey: Guid(94e0ae3a32489b54897c9aa9cbb165ee) Importer(815301076,1909f56bfc062723c751e8b465ee728b)
Start importing Assets/Controllers/PoisonIdle_0015_Layer-55.png using Guid(94e0ae3a32489b54897c9aa9cbb165ee) Importer(815301076,1909f56bfc062723c751e8b465ee728b)  -> (artifact id: '25ee56b3eb3e17b9dec58b3075792acd') in 0.045836 seconds 
========================================================================
Received Import Request.
  Time since last request: 0.000032 seconds.
  path: Assets/Controllers/PoisonIdle_0020_Layer-50.png
  artifactKey: Guid(9b4d6651c13187d498927acc99c02fcf) Importer(815301076,1909f56bfc062723c751e8b465ee728b)
Start importing Assets/Controllers/PoisonIdle_0020_Layer-50.png using Guid(9b4d6651c13187d498927acc99c02fcf) Importer(815301076,1909f56bfc062723c751e8b465ee728b)  -> (artifact id: '2f009eb404e3e39fa2aed905199d4d32') in 0.045873 seconds 
========================================================================
Received Import Request.
  Time since last request: 0.000042 seconds.
  path: Assets/Controllers/IceIdle_0000s_0017_Layer-123.png
  artifactKey: Guid(45a67e39b9191014fad66fb5785bfb51) Importer(815301076,1909f56bfc062723c751e8b465ee728b)
Start importing Assets/Controllers/IceIdle_0000s_0017_Layer-123.png using Guid(45a67e39b9191014fad66fb5785bfb51) Importer(815301076,1909f56bfc062723c751e8b465ee728b)  -> (artifact id: 'd46157cbf0d51b532369d84010de5623') in 0.048484 seconds 
========================================================================
Received Import Request.
  Time since last request: 0.000030 seconds.
  path: Assets/Controllers/IceIdle_0000s_0005_Layer-135.png
  artifactKey: Guid(d518d50773b43b441a41d816dddee2bc) Importer(815301076,1909f56bfc062723c751e8b465ee728b)
Start importing Assets/Controllers/IceIdle_0000s_0005_Layer-135.png using Guid(d518d50773b43b441a41d816dddee2bc) Importer(815301076,1909f56bfc062723c751e8b465ee728b)  -> (artifact id: 'cea8c35c5fb614f166969e839f4e991e') in 0.044182 seconds 
========================================================================
Received Import Request.
  Time since last request: 0.000019 seconds.
  path: Assets/Controllers/IceIdle_0000s_0032_Layer-108.png
  artifactKey: Guid(28fd9b258379a61408bcb318c5959ffe) Importer(815301076,1909f56bfc062723c751e8b465ee728b)
Start importing Assets/Controllers/IceIdle_0000s_0032_Layer-108.png using Guid(28fd9b258379a61408bcb318c5959ffe) Importer(815301076,1909f56bfc062723c751e8b465ee728b)  -> (artifact id: 'a391bf6e4265a57af1c719d90f0741d0') in 0.047878 seconds 
========================================================================
Received Import Request.
  Time since last request: 0.000029 seconds.
  path: Assets/Controllers/IceIdle_0000s_0023_Layer-117.png
  artifactKey: Guid(b0fdc7aec06470249b593336e6a44f8c) Importer(815301076,1909f56bfc062723c751e8b465ee728b)
Start importing Assets/Controllers/IceIdle_0000s_0023_Layer-117.png using Guid(b0fdc7aec06470249b593336e6a44f8c) Importer(815301076,1909f56bfc062723c751e8b465ee728b)  -> (artifact id: '0829ffab098d8c7d5383ca7263bec3f5') in 0.052192 seconds 
========================================================================
Received Import Request.
  Time since last request: 0.000035 seconds.
  path: Assets/Controllers/IceIdle_0000s_0027_Layer-113.png
  artifactKey: Guid(83f212627be468f40a043402d222c13a) Importer(815301076,1909f56bfc062723c751e8b465ee728b)
Start importing Assets/Controllers/IceIdle_0000s_0027_Layer-113.png using Guid(83f212627be468f40a043402d222c13a) Importer(815301076,1909f56bfc062723c751e8b465ee728b)  -> (artifact id: '363755edbb2c1e3d125b1978f5c12d10') in 0.050588 seconds 
========================================================================
Received Import Request.
  Time since last request: 0.000044 seconds.
  path: Assets/Controllers/PoisonIdle_0012_Layer-58.png
  artifactKey: Guid(578b98ecaea32684ba363fd4c10b62e6) Importer(815301076,1909f56bfc062723c751e8b465ee728b)
Start importing Assets/Controllers/PoisonIdle_0012_Layer-58.png using Guid(578b98ecaea32684ba363fd4c10b62e6) Importer(815301076,1909f56bfc062723c751e8b465ee728b)  -> (artifact id: '7def4a2bba83f913aa636267741146c8') in 0.043615 seconds 
========================================================================
Received Import Request.
  Time since last request: 0.000028 seconds.
  path: Assets/Controllers/IceIdle_0000s_0016_Layer-124.png
  artifactKey: Guid(cc72accfba40c48479efd2f6719cd79f) Importer(815301076,1909f56bfc062723c751e8b465ee728b)
Start importing Assets/Controllers/IceIdle_0000s_0016_Layer-124.png using Guid(cc72accfba40c48479efd2f6719cd79f) Importer(815301076,1909f56bfc062723c751e8b465ee728b)  -> (artifact id: '237135b76fa5ea318fa00ae7598e7f4c') in 0.050436 seconds 
========================================================================
Received Import Request.
  Time since last request: 0.000025 seconds.
  path: Assets/Controllers/PoisonIdle_0014_Layer-56.png
  artifactKey: Guid(69729d8e27956d94f88fd61eb1f05dfa) Importer(815301076,1909f56bfc062723c751e8b465ee728b)
Start importing Assets/Controllers/PoisonIdle_0014_Layer-56.png using Guid(69729d8e27956d94f88fd61eb1f05dfa) Importer(815301076,1909f56bfc062723c751e8b465ee728b)  -> (artifact id: '9fd5a624d75f1cf46fb5e6c132cf3d8e') in 0.055148 seconds 
========================================================================
Received Import Request.
  Time since last request: 0.000021 seconds.
  path: Assets/Controllers/IceIdle_0000s_0003_Layer-137.png
  artifactKey: Guid(023d4a3022017ab45bbe07cc72697980) Importer(815301076,1909f56bfc062723c751e8b465ee728b)
Start importing Assets/Controllers/IceIdle_0000s_0003_Layer-137.png using Guid(023d4a3022017ab45bbe07cc72697980) Importer(815301076,1909f56bfc062723c751e8b465ee728b)  -> (artifact id: '4f11e15cfd59dca01a386400d3db8411') in 0.054766 seconds 
========================================================================
Received Import Request.
  Time since last request: 0.000030 seconds.
  path: Assets/Controllers/IceIdle_0000s_0034_Layer-106.png
  artifactKey: Guid(4fd6d187c8d475b48b596c19270390a1) Importer(815301076,1909f56bfc062723c751e8b465ee728b)
Start importing Assets/Controllers/IceIdle_0000s_0034_Layer-106.png using Guid(4fd6d187c8d475b48b596c19270390a1) Importer(815301076,1909f56bfc062723c751e8b465ee728b)  -> (artifact id: 'de9e2f6239f0c0e06f01fdf8a01727e9') in 0.046299 seconds 
========================================================================
Received Import Request.
  Time since last request: 0.000043 seconds.
  path: Assets/Controllers/IceIdle_0000s_0002_Layer-138.png
  artifactKey: Guid(865caf0260ae84f4db9d202d3ff98852) Importer(815301076,1909f56bfc062723c751e8b465ee728b)
Start importing Assets/Controllers/IceIdle_0000s_0002_Layer-138.png using Guid(865caf0260ae84f4db9d202d3ff98852) Importer(815301076,1909f56bfc062723c751e8b465ee728b)  -> (artifact id: '9f3c44e7c81de12810479aadccc3fc06') in 0.046547 seconds 
========================================================================
Received Import Request.
  Time since last request: 0.000029 seconds.
  path: Assets/Controllers/PoisonIdle_0001_Layer-69.png
  artifactKey: Guid(96d5f21e8aa26f948aef3e96e022abb9) Importer(815301076,1909f56bfc062723c751e8b465ee728b)
Start importing Assets/Controllers/PoisonIdle_0001_Layer-69.png using Guid(96d5f21e8aa26f948aef3e96e022abb9) Importer(815301076,1909f56bfc062723c751e8b465ee728b)  -> (artifact id: '619343e8dfaa415ee8739650fb778859') in 0.054182 seconds 
========================================================================
Received Import Request.
  Time since last request: 0.000026 seconds.
  path: Assets/Controllers/PoisonIdle_0003_Layer-67.png
  artifactKey: Guid(b3fe5bea45d73184d897e4cfd422f61a) Importer(815301076,1909f56bfc062723c751e8b465ee728b)
Start importing Assets/Controllers/PoisonIdle_0003_Layer-67.png using Guid(b3fe5bea45d73184d897e4cfd422f61a) Importer(815301076,1909f56bfc062723c751e8b465ee728b)  -> (artifact id: '6f493de31236e3da2fb3d7e1fea75671') in 0.049788 seconds 
========================================================================
Received Import Request.
  Time since last request: 0.000027 seconds.
  path: Assets/Controllers/PoisonIdle_0005_Layer-65.png
  artifactKey: Guid(2b790a05148f0e140a158fecd083381c) Importer(815301076,1909f56bfc062723c751e8b465ee728b)
Start importing Assets/Controllers/PoisonIdle_0005_Layer-65.png using Guid(2b790a05148f0e140a158fecd083381c) Importer(815301076,1909f56bfc062723c751e8b465ee728b)  -> (artifact id: '109031f596c16d0abeebe620bba498ca') in 0.093601 seconds 
========================================================================
Received Import Request.
  Time since last request: 0.000038 seconds.
  path: Assets/Controllers/IceIdle_0000s_0004_Layer-136.png
  artifactKey: Guid(62b09a89ce829c74ba33bf47eb4213cd) Importer(815301076,1909f56bfc062723c751e8b465ee728b)
Start importing Assets/Controllers/IceIdle_0000s_0004_Layer-136.png using Guid(62b09a89ce829c74ba33bf47eb4213cd) Importer(815301076,1909f56bfc062723c751e8b465ee728b)  -> (artifact id: 'b9266306322be2b2e1e5d2ab6caf6308') in 0.064510 seconds 
========================================================================
Received Import Request.
  Time since last request: 0.000051 seconds.
  path: Assets/Controllers/IceIdle_0000s_0013_Layer-127.png
  artifactKey: Guid(6f496aeb549fb1c4badc710b4769597a) Importer(815301076,1909f56bfc062723c751e8b465ee728b)
Start importing Assets/Controllers/IceIdle_0000s_0013_Layer-127.png using Guid(6f496aeb549fb1c4badc710b4769597a) Importer(815301076,1909f56bfc062723c751e8b465ee728b)  -> (artifact id: 'a2244ced33a950bc08e2af93b3ffc160') in 0.053960 seconds 
========================================================================
Received Import Request.
  Time since last request: 0.000041 seconds.
  path: Assets/Controllers/IceIdle_0000s_0000_Layer-140.png
  artifactKey: Guid(9fec7d4afeaf9fc4888ef1bc5fb5e765) Importer(815301076,1909f56bfc062723c751e8b465ee728b)
Start importing Assets/Controllers/IceIdle_0000s_0000_Layer-140.png using Guid(9fec7d4afeaf9fc4888ef1bc5fb5e765) Importer(815301076,1909f56bfc062723c751e8b465ee728b)  -> (artifact id: '86699766bc84f922d34e67197abd5c74') in 0.055487 seconds 
========================================================================
Received Import Request.
  Time since last request: 0.000045 seconds.
  path: Assets/Controllers/PoisonIdle_0019_Layer-51.png
  artifactKey: Guid(5fb31d46f33050244a7dd1f8f5c74e89) Importer(815301076,1909f56bfc062723c751e8b465ee728b)
Start importing Assets/Controllers/PoisonIdle_0019_Layer-51.png using Guid(5fb31d46f33050244a7dd1f8f5c74e89) Importer(815301076,1909f56bfc062723c751e8b465ee728b)  -> (artifact id: '6d1a88723c879767cab2db1b9986e7ff') in 0.057561 seconds 
========================================================================
Received Import Request.
  Time since last request: 0.000037 seconds.
  path: Assets/Controllers/IceIdle_0000s_0006_Layer-134.png
  artifactKey: Guid(ca0b77042edb20e4e84213e5ac2acc0e) Importer(815301076,1909f56bfc062723c751e8b465ee728b)
Start importing Assets/Controllers/IceIdle_0000s_0006_Layer-134.png using Guid(ca0b77042edb20e4e84213e5ac2acc0e) Importer(815301076,1909f56bfc062723c751e8b465ee728b)  -> (artifact id: '65ff1226d953d5146f90508bc2efca19') in 0.054969 seconds 
========================================================================
Received Prepare
Registering precompiled user dll's ...
Registered in 0.020683 seconds.
Begin MonoManager ReloadAssembly
Symbol file LoadedFromMemory doesn't match image C:\Users\lny\Desktop\COMP602\Mythics ()1)\Library\PackageCache\com.unity.visualscripting@1.8.0\Editor\VisualScripting.Core\Dependencies\YamlDotNet\Unity.VisualScripting.YamlDotNet.dll
Symbol file LoadedFromMemory doesn't match image C:\Users\lny\Desktop\COMP602\Mythics ()1)\Library\PackageCache\com.unity.visualscripting@1.8.0\Editor\VisualScripting.Core\Dependencies\DotNetZip\Unity.VisualScripting.IonicZip.dll
Native extension for WindowsStandalone target not found
Refreshing native plugins compatible for Editor in 1.16 ms, found 4 plugins.
Preloading 0 native plugins for Editor in 0.00 ms.
Mono: successfully reloaded assembly
- Completed reload, in  1.559 seconds
Domain Reload Profiling:
	ReloadAssembly (1560ms)
		BeginReloadAssembly (247ms)
			ExecutionOrderSort (0ms)
			DisableScriptedObjects (9ms)
			BackupInstance (0ms)
			ReleaseScriptingObjects (0ms)
			CreateAndSetChildDomain (56ms)
		EndReloadAssembly (1144ms)
			LoadAssemblies (185ms)
			RebuildTransferFunctionScriptingTraits (0ms)
			SetupTypeCache (354ms)
			ReleaseScriptCaches (2ms)
			RebuildScriptCaches (59ms)
			SetupLoadedEditorAssemblies (499ms)
				LogAssemblyErrors (0ms)
				InitializePlatformSupportModulesInManaged (9ms)
				SetLoadedEditorAssemblies (1ms)
				RefreshPlugins (1ms)
				BeforeProcessingInitializeOnLoad (122ms)
				ProcessInitializeOnLoadAttributes (277ms)
				ProcessInitializeOnLoadMethodAttributes (67ms)
				AfterProcessingInitializeOnLoad (21ms)
				EditorAssembliesLoaded (0ms)
			ExecutionOrderSort2 (0ms)
			AwakeInstancesAfterBackupRestoration (30ms)
Platform modules already initialized, skipping
Refreshing native plugins compatible for Editor in 4.53 ms, found 4 plugins.
Preloading 0 native plugins for Editor in 0.00 ms.
Unloading 3787 Unused Serialized files (Serialized files now loaded: 0)
Unloading 22 unused Assets / (22.0 KB). Loaded Objects now: 4271.
Memory consumption went from 147.8 MB to 147.7 MB.
Total: 4.495700 ms (FindLiveObjects: 0.394900 ms CreateObjectMapping: 0.143800 ms MarkObjects: 3.916100 ms  DeleteObjects: 0.039400 ms)

AssetImportParameters requested are different than current active one (requested -> active):
  custom:video-decoder-ogg-theora: a1e56fd34408186e4bbccfd4996cb3dc -> 
  custom:container-muxer-webm: aa71ff27fc2769a1b78a27578f13a17b -> 
  custom:container-demuxer-webm: 4f35f7cbe854078d1ac9338744f61a02 -> 
  custom:video-encoder-webm-vp8: eb34c28f22e8b96e1ab97ce403110664 -> 
  custom:video-codec-MediaFoundation-h265: 746d11721c4dcdbdad8f713fa42b33f4 -> 
  custom:CustomObjectIndexerAttribute: bc11b3a6c3213fcdd17b65e7da85e133 -> 
  custom:audio-encoder-webm-vorbis: bf7c407c2cedff20999df2af8eb42d56 -> 
  custom:framework-win-MediaFoundation: 216162199b28c13a410421893ffa2e32 -> 
  custom:container-demuxer-ogg: 62fdf1f143b41e24485cea50d1cbac27 -> 
  custom:video-decoder-webm-vp8: 9c59270c3fd7afecdb556c50c9e8de78 -> 
  custom:audio-decoder-ogg-vorbis: bf7c407c2cedff20999df2af8eb42d56 -> 
Editor requested this worker to shutdown with reason: Scaling down because of idle timeout
AssetImportWorker is now disconnected from the server
Process exiting
Exiting without the bug reporter. Application will terminate with return code 0