Using pre-set license
Built from '2021.3/staging' branch; Version is '2021.3.29f1 (204d6dc9ae1c) revision 2116973'; Using compiler version '192829333'; Build Type 'Release'
OS: 'Windows 10  (10.0.19045) 64bit Core' Language: 'zh' Physical Memory: 32429 MB
BatchMode: 1, IsHumanControllingUs: 0, StartBugReporterOnCrash: 0, Is64bit: 1, IsPro: 1

COMMAND LINE ARGUMENTS:
C:\unity\2021.3.29f1\Editor\Unity.exe
-adb2
-batchMode
-noUpm
-name
AssetImportWorker15
-projectPath
C:/Users/lny/Desktop/COMP602/Mythics ()1)
-logFile
Logs/AssetImportWorker15.log
-srvPort
49669
Successfully changed project path to: C:/Users/lny/Desktop/COMP602/Mythics ()1)
C:/Users/lny/Desktop/COMP602/Mythics ()1)
[UnityMemory] Configuration Parameters - Can be set up in boot.config
    "memorysetup-bucket-allocator-granularity=16"
    "memorysetup-bucket-allocator-bucket-count=8"
    "memorysetup-bucket-allocator-block-size=33554432"
    "memorysetup-bucket-allocator-block-count=8"
    "memorysetup-main-allocator-block-size=16777216"
    "memorysetup-thread-allocator-block-size=16777216"
    "memorysetup-gfx-main-allocator-block-size=16777216"
    "memorysetup-gfx-thread-allocator-block-size=16777216"
    "memorysetup-cache-allocator-block-size=4194304"
    "memorysetup-typetree-allocator-block-size=2097152"
    "memorysetup-profiler-bucket-allocator-granularity=16"
    "memorysetup-profiler-bucket-allocator-bucket-count=8"
    "memorysetup-profiler-bucket-allocator-block-size=33554432"
    "memorysetup-profiler-bucket-allocator-block-count=8"
    "memorysetup-profiler-allocator-block-size=16777216"
    "memorysetup-profiler-editor-allocator-block-size=1048576"
    "memorysetup-temp-allocator-size-main=16777216"
    "memorysetup-job-temp-allocator-block-size=2097152"
    "memorysetup-job-temp-allocator-block-size-background=1048576"
    "memorysetup-job-temp-allocator-reduction-small-platforms=262144"
    "memorysetup-temp-allocator-size-background-worker=32768"
    "memorysetup-temp-allocator-size-job-worker=262144"
    "memorysetup-temp-allocator-size-preload-manager=33554432"
    "memorysetup-temp-allocator-size-nav-mesh-worker=65536"
    "memorysetup-temp-allocator-size-audio-worker=65536"
    "memorysetup-temp-allocator-size-cloud-worker=32768"
    "memorysetup-temp-allocator-size-gi-baking-worker=262144"
    "memorysetup-temp-allocator-size-gfx=262144"
Player connection [34452] Host "[IP] 192.168.1.228 [Port] 0 [Flags] 2 [Guid] 3957946160 [EditorId] 3957946160 [Version] 1048832 [Id] WindowsEditor(7,DESKTOP-UVGHRJR) [Debug] 1 [PackageName] WindowsEditor [ProjectName] Editor" joined multi-casting on [225.0.0.222:54997]...

Player connection [34452] Host "[IP] 192.168.1.228 [Port] 0 [Flags] 2 [Guid] 3957946160 [EditorId] 3957946160 [Version] 1048832 [Id] WindowsEditor(7,DESKTOP-UVGHRJR) [Debug] 1 [PackageName] WindowsEditor [ProjectName] Editor" joined alternative multi-casting on [225.0.0.222:34997]...

Refreshing native plugins compatible for Editor in 142.62 ms, found 4 plugins.
Preloading 0 native plugins for Editor in 0.00 ms.
Initialize engine version: 2021.3.29f1 (204d6dc9ae1c)
[Subsystems] Discovering subsystems at path C:/unity/2021.3.29f1/Editor/Data/Resources/UnitySubsystems
[Subsystems] Discovering subsystems at path C:/Users/lny/Desktop/COMP602/Mythics ()1)/Assets
GfxDevice: creating device client; threaded=0; jobified=0
Direct3D:
    Version:  Direct3D 11.0 [level 11.1]
    Renderer: NVIDIA GeForce RTX 3080 Laptop GPU (ID=0x24dc)
    Vendor:   NVIDIA
    VRAM:     16191 MB
    Driver:   31.0.15.3699
Initialize mono
Mono path[0] = 'C:/unity/2021.3.29f1/Editor/Data/Managed'
Mono path[1] = 'C:/unity/2021.3.29f1/Editor/Data/MonoBleedingEdge/lib/mono/unityjit-win32'
Mono config path = 'C:/unity/2021.3.29f1/Editor/Data/MonoBleedingEdge/etc'
Using monoOptions --debugger-agent=transport=dt_socket,embedding=1,server=y,suspend=n,address=127.0.0.1:56056
Begin MonoManager ReloadAssembly
Registering precompiled unity dll's ...
Register platform support module: C:/unity/2021.3.29f1/Editor/Data/PlaybackEngines/WindowsStandaloneSupport/UnityEditor.WindowsStandalone.Extensions.dll
Registered in 0.010879 seconds.
Native extension for WindowsStandalone target not found
Refreshing native plugins compatible for Editor in 116.48 ms, found 4 plugins.
Preloading 0 native plugins for Editor in 0.00 ms.
Mono: successfully reloaded assembly
- Completed reload, in  0.901 seconds
Domain Reload Profiling:
	ReloadAssembly (902ms)
		BeginReloadAssembly (113ms)
			ExecutionOrderSort (0ms)
			DisableScriptedObjects (0ms)
			BackupInstance (0ms)
			ReleaseScriptingObjects (0ms)
			CreateAndSetChildDomain (1ms)
		EndReloadAssembly (630ms)
			LoadAssemblies (110ms)
			RebuildTransferFunctionScriptingTraits (0ms)
			SetupTypeCache (134ms)
			ReleaseScriptCaches (0ms)
			RebuildScriptCaches (39ms)
			SetupLoadedEditorAssemblies (384ms)
				LogAssemblyErrors (0ms)
				InitializePlatformSupportModulesInManaged (12ms)
				SetLoadedEditorAssemblies (0ms)
				RefreshPlugins (117ms)
				BeforeProcessingInitializeOnLoad (2ms)
				ProcessInitializeOnLoadAttributes (174ms)
				ProcessInitializeOnLoadMethodAttributes (79ms)
				AfterProcessingInitializeOnLoad (0ms)
				EditorAssembliesLoaded (0ms)
			ExecutionOrderSort2 (0ms)
			AwakeInstancesAfterBackupRestoration (0ms)
Platform modules already initialized, skipping
Registering precompiled user dll's ...
Registered in 0.017282 seconds.
Begin MonoManager ReloadAssembly
Symbol file LoadedFromMemory doesn't match image C:\Users\lny\Desktop\COMP602\Mythics ()1)\Library\PackageCache\com.unity.visualscripting@1.8.0\Editor\VisualScripting.Core\Dependencies\YamlDotNet\Unity.VisualScripting.YamlDotNet.dll
Symbol file LoadedFromMemory doesn't match image C:\Users\lny\Desktop\COMP602\Mythics ()1)\Library\PackageCache\com.unity.visualscripting@1.8.0\Editor\VisualScripting.Core\Dependencies\DotNetZip\Unity.VisualScripting.IonicZip.dll
Native extension for WindowsStandalone target not found
Refreshing native plugins compatible for Editor in 91.66 ms, found 4 plugins.
Preloading 0 native plugins for Editor in 0.00 ms.
Mono: successfully reloaded assembly
- Completed reload, in  1.408 seconds
Domain Reload Profiling:
	ReloadAssembly (1409ms)
		BeginReloadAssembly (138ms)
			ExecutionOrderSort (0ms)
			DisableScriptedObjects (7ms)
			BackupInstance (0ms)
			ReleaseScriptingObjects (0ms)
			CreateAndSetChildDomain (19ms)
		EndReloadAssembly (1136ms)
			LoadAssemblies (119ms)
			RebuildTransferFunctionScriptingTraits (0ms)
			SetupTypeCache (331ms)
			ReleaseScriptCaches (2ms)
			RebuildScriptCaches (67ms)
			SetupLoadedEditorAssemblies (551ms)
				LogAssemblyErrors (0ms)
				InitializePlatformSupportModulesInManaged (6ms)
				SetLoadedEditorAssemblies (0ms)
				RefreshPlugins (92ms)
				BeforeProcessingInitializeOnLoad (128ms)
				ProcessInitializeOnLoadAttributes (260ms)
				ProcessInitializeOnLoadMethodAttributes (47ms)
				AfterProcessingInitializeOnLoad (18ms)
				EditorAssembliesLoaded (0ms)
			ExecutionOrderSort2 (0ms)
			AwakeInstancesAfterBackupRestoration (11ms)
Platform modules already initialized, skipping
========================================================================
Worker process is ready to serve import requests
Launched and connected shader compiler UnityShaderCompiler.exe after 0.05 seconds
Refreshing native plugins compatible for Editor in 0.72 ms, found 4 plugins.
Preloading 0 native plugins for Editor in 0.00 ms.
Unloading 3796 Unused Serialized files (Serialized files now loaded: 0)
Unloading 35 unused Assets / (46.8 KB). Loaded Objects now: 4256.
Memory consumption went from 144.5 MB to 144.4 MB.
Total: 3.825600 ms (FindLiveObjects: 0.324900 ms CreateObjectMapping: 0.193200 ms MarkObjects: 3.213900 ms  DeleteObjects: 0.092100 ms)

AssetImportParameters requested are different than current active one (requested -> active):
  custom:video-decoder-ogg-theora: a1e56fd34408186e4bbccfd4996cb3dc -> 
  custom:container-muxer-webm: aa71ff27fc2769a1b78a27578f13a17b -> 
  custom:container-demuxer-webm: 4f35f7cbe854078d1ac9338744f61a02 -> 
  custom:video-encoder-webm-vp8: eb34c28f22e8b96e1ab97ce403110664 -> 
  custom:video-codec-MediaFoundation-h265: 746d11721c4dcdbdad8f713fa42b33f4 -> 
  custom:CustomObjectIndexerAttribute: bc11b3a6c3213fcdd17b65e7da85e133 -> 
  custom:audio-encoder-webm-vorbis: bf7c407c2cedff20999df2af8eb42d56 -> 
  custom:framework-win-MediaFoundation: 216162199b28c13a410421893ffa2e32 -> 
  custom:container-demuxer-ogg: 62fdf1f143b41e24485cea50d1cbac27 -> 
  custom:video-decoder-webm-vp8: 9c59270c3fd7afecdb556c50c9e8de78 -> 
  custom:audio-decoder-ogg-vorbis: bf7c407c2cedff20999df2af8eb42d56 -> 
========================================================================
Received Import Request.
  Time since last request: 1448991.571580 seconds.
  path: Assets/Prafab/New Folder 1
  artifactKey: Guid(3256b0a55a3c68441ad10cdf31b66f69) Importer(815301076,1909f56bfc062723c751e8b465ee728b)
Start importing Assets/Prafab/New Folder 1 using Guid(3256b0a55a3c68441ad10cdf31b66f69) Importer(815301076,1909f56bfc062723c751e8b465ee728b)  -> (artifact id: 'e9fc5eb16a60c7851ffe99e0ba60f5c9') in 0.013831 seconds 
========================================================================
Received Import Request.
  Time since last request: 2.494632 seconds.
  path: Assets/Prafab/New Folder 2
  artifactKey: Guid(4a32e4e096aa6d8469f80c96cc5e7a87) Importer(815301076,1909f56bfc062723c751e8b465ee728b)
Start importing Assets/Prafab/New Folder 2 using Guid(4a32e4e096aa6d8469f80c96cc5e7a87) Importer(815301076,1909f56bfc062723c751e8b465ee728b)  -> (artifact id: '21bd326e7d18f5e591ff9ce78414de18') in 0.007900 seconds 
========================================================================
Received Import Request.
  Time since last request: 5.962353 seconds.
  path: Assets/Prafab/Tiles
  artifactKey: Guid(bd6c44aaab4ff3442a769773f08de63a) Importer(815301076,1909f56bfc062723c751e8b465ee728b)
Start importing Assets/Prafab/Tiles using Guid(bd6c44aaab4ff3442a769773f08de63a) Importer(815301076,1909f56bfc062723c751e8b465ee728b)  -> (artifact id: 'a0d98f4e89fb87d063e59b28017e396a') in 0.009230 seconds 
========================================================================
Received Import Request.
  Time since last request: 30.072228 seconds.
  path: Assets/Prafab/RedPortal.prefab
  artifactKey: Guid(544b2560df8457e49be28e45c13a9c7e) Importer(815301076,1909f56bfc062723c751e8b465ee728b)
Start importing Assets/Prafab/RedPortal.prefab using Guid(544b2560df8457e49be28e45c13a9c7e) Importer(815301076,1909f56bfc062723c751e8b465ee728b)  -> (artifact id: '2b868a6e62630844210688a0e50f2d98') in 0.139826 seconds 
========================================================================
Received Import Request.
  Time since last request: 11.157426 seconds.
  path: Assets/Prafab/Portal
  artifactKey: Guid(4a32e4e096aa6d8469f80c96cc5e7a87) Importer(815301076,1909f56bfc062723c751e8b465ee728b)
Start importing Assets/Prafab/Portal using Guid(4a32e4e096aa6d8469f80c96cc5e7a87) Importer(815301076,1909f56bfc062723c751e8b465ee728b)  -> (artifact id: 'a24a825e7531f28a1595060dfbe8ff6a') in 0.007985 seconds 
========================================================================
Received Import Request.
  Time since last request: 9.031604 seconds.
  path: Assets/Prafab/Towers
  artifactKey: Guid(3256b0a55a3c68441ad10cdf31b66f69) Importer(815301076,1909f56bfc062723c751e8b465ee728b)
Start importing Assets/Prafab/Towers using Guid(3256b0a55a3c68441ad10cdf31b66f69) Importer(815301076,1909f56bfc062723c751e8b465ee728b)  -> (artifact id: '2104c17be577af81d9c2e2a7d57a25af') in 0.009041 seconds 
========================================================================
Received Import Request.
  Time since last request: 24.906058 seconds.
  path: Assets/Prafab/Towers/FireIdle_0000s_0000_Layer-27.prefab
  artifactKey: Guid(02d9901dce77a9f48859285d78d6f93d) Importer(815301076,1909f56bfc062723c751e8b465ee728b)
Start importing Assets/Prafab/Towers/FireIdle_0000s_0000_Layer-27.prefab using Guid(02d9901dce77a9f48859285d78d6f93d) Importer(815301076,1909f56bfc062723c751e8b465ee728b) The Animator Controller (FireIdle_0000s_0000_Layer-27 1) you have used is not valid. Animations will not play
UnityEngine.StackTraceUtility:ExtractStackTrace ()
UnityEditor.EditorUtility:Internal_InstantiateRemoveAllNonAnimationComponentsSingle (UnityEngine.Object,UnityEngine.Vector3,UnityEngine.Quaternion)
UnityEditor.EditorUtility:InstantiateRemoveAllNonAnimationComponents (UnityEngine.Object,UnityEngine.Vector3,UnityEngine.Quaternion)
UnityEditor.EditorUtility:InstantiateForAnimatorPreview (UnityEngine.Object)
UnityEditor.GameObjectInspector/PreviewData:UpdateGameObject (UnityEngine.Object)
UnityEditor.GameObjectInspector/PreviewData:.ctor (UnityEngine.Object)
UnityEditor.GameObjectInspector:GetPreviewData ()
UnityEditor.GameObjectInspector:RenderStaticPreview (string,UnityEngine.Object[],int,int)
UnityEditor.AssetPreviewUpdater:CreatePreview (UnityEngine.Object,UnityEngine.Object[],string,int,int)
UnityEditor.AssetPreviewUpdater:CreatePreviewForAsset (UnityEngine.Object,UnityEngine.Object[],string)

[C:\build\output\unity\unity\Modules\Animation\Director\AnimatorControllerPlayable.cpp line 333]

The Animator Controller (FireIdle_0000s_0000_Layer-27 1) you have used is not valid. Animations will not play
UnityEngine.StackTraceUtility:ExtractStackTrace ()
UnityEditor.EditorUtility:InitInstantiatedPreviewRecursive (UnityEngine.GameObject)
UnityEditor.EditorUtility:InstantiateForAnimatorPreview (UnityEngine.Object)
UnityEditor.GameObjectInspector/PreviewData:UpdateGameObject (UnityEngine.Object)
UnityEditor.GameObjectInspector/PreviewData:.ctor (UnityEngine.Object)
UnityEditor.GameObjectInspector:GetPreviewData ()
UnityEditor.GameObjectInspector:RenderStaticPreview (string,UnityEngine.Object[],int,int)
UnityEditor.AssetPreviewUpdater:CreatePreview (UnityEngine.Object,UnityEngine.Object[],string,int,int)
UnityEditor.AssetPreviewUpdater:CreatePreviewForAsset (UnityEngine.Object,UnityEngine.Object[],string)

[C:\build\output\unity\unity\Modules\Animation\Director\AnimatorControllerPlayable.cpp line 333]

 -> (artifact id: 'e93b3729b8e5aa2771c29aa75c82e978') in 0.023153 seconds 
========================================================================
Received Import Request.
  Time since last request: 1.938674 seconds.
  path: Assets/Prafab/Towers/IceIdle_0000s_0000_Layer-140.prefab
  artifactKey: Guid(bdae7354c2a578d49aa87204b5c204d1) Importer(815301076,1909f56bfc062723c751e8b465ee728b)
Start importing Assets/Prafab/Towers/IceIdle_0000s_0000_Layer-140.prefab using Guid(bdae7354c2a578d49aa87204b5c204d1) Importer(815301076,1909f56bfc062723c751e8b465ee728b) The Animator Controller (IceIdle_0000s_0000_Layer-140) you have used is not valid. Animations will not play
UnityEngine.StackTraceUtility:ExtractStackTrace ()
UnityEditor.EditorUtility:Internal_InstantiateRemoveAllNonAnimationComponentsSingle (UnityEngine.Object,UnityEngine.Vector3,UnityEngine.Quaternion)
UnityEditor.EditorUtility:InstantiateRemoveAllNonAnimationComponents (UnityEngine.Object,UnityEngine.Vector3,UnityEngine.Quaternion)
UnityEditor.EditorUtility:InstantiateForAnimatorPreview (UnityEngine.Object)
UnityEditor.GameObjectInspector/PreviewData:UpdateGameObject (UnityEngine.Object)
UnityEditor.GameObjectInspector/PreviewData:.ctor (UnityEngine.Object)
UnityEditor.GameObjectInspector:GetPreviewData ()
UnityEditor.GameObjectInspector:RenderStaticPreview (string,UnityEngine.Object[],int,int)
UnityEditor.AssetPreviewUpdater:CreatePreview (UnityEngine.Object,UnityEngine.Object[],string,int,int)
UnityEditor.AssetPreviewUpdater:CreatePreviewForAsset (UnityEngine.Object,UnityEngine.Object[],string)

[C:\build\output\unity\unity\Modules\Animation\Director\AnimatorControllerPlayable.cpp line 333]

The Animator Controller (IceIdle_0000s_0000_Layer-140) you have used is not valid. Animations will not play
UnityEngine.StackTraceUtility:ExtractStackTrace ()
UnityEditor.EditorUtility:InitInstantiatedPreviewRecursive (UnityEngine.GameObject)
UnityEditor.EditorUtility:InstantiateForAnimatorPreview (UnityEngine.Object)
UnityEditor.GameObjectInspector/PreviewData:UpdateGameObject (UnityEngine.Object)
UnityEditor.GameObjectInspector/PreviewData:.ctor (UnityEngine.Object)
UnityEditor.GameObjectInspector:GetPreviewData ()
UnityEditor.GameObjectInspector:RenderStaticPreview (string,UnityEngine.Object[],int,int)
UnityEditor.AssetPreviewUpdater:CreatePreview (UnityEngine.Object,UnityEngine.Object[],string,int,int)
UnityEditor.AssetPreviewUpdater:CreatePreviewForAsset (UnityEngine.Object,UnityEngine.Object[],string)

[C:\build\output\unity\unity\Modules\Animation\Director\AnimatorControllerPlayable.cpp line 333]

 -> (artifact id: '615d44b680fa9c14c4f095753123fca8') in 0.022421 seconds 
========================================================================
Received Import Request.
  Time since last request: 1.727241 seconds.
  path: Assets/Prafab/Towers/PoisonIdle_0000_Layer-70.prefab
  artifactKey: Guid(898fab4a1304cba448162917e3a18d86) Importer(815301076,1909f56bfc062723c751e8b465ee728b)
Start importing Assets/Prafab/Towers/PoisonIdle_0000_Layer-70.prefab using Guid(898fab4a1304cba448162917e3a18d86) Importer(815301076,1909f56bfc062723c751e8b465ee728b) The Animator Controller (PoisonIdle_0000_Layer-70) you have used is not valid. Animations will not play
UnityEngine.StackTraceUtility:ExtractStackTrace ()
UnityEditor.EditorUtility:Internal_InstantiateRemoveAllNonAnimationComponentsSingle (UnityEngine.Object,UnityEngine.Vector3,UnityEngine.Quaternion)
UnityEditor.EditorUtility:InstantiateRemoveAllNonAnimationComponents (UnityEngine.Object,UnityEngine.Vector3,UnityEngine.Quaternion)
UnityEditor.EditorUtility:InstantiateForAnimatorPreview (UnityEngine.Object)
UnityEditor.GameObjectInspector/PreviewData:UpdateGameObject (UnityEngine.Object)
UnityEditor.GameObjectInspector/PreviewData:.ctor (UnityEngine.Object)
UnityEditor.GameObjectInspector:GetPreviewData ()
UnityEditor.GameObjectInspector:RenderStaticPreview (string,UnityEngine.Object[],int,int)
UnityEditor.AssetPreviewUpdater:CreatePreview (UnityEngine.Object,UnityEngine.Object[],string,int,int)
UnityEditor.AssetPreviewUpdater:CreatePreviewForAsset (UnityEngine.Object,UnityEngine.Object[],string)

[C:\build\output\unity\unity\Modules\Animation\Director\AnimatorControllerPlayable.cpp line 333]

The Animator Controller (PoisonIdle_0000_Layer-70) you have used is not valid. Animations will not play
UnityEngine.StackTraceUtility:ExtractStackTrace ()
UnityEditor.EditorUtility:InitInstantiatedPreviewRecursive (UnityEngine.GameObject)
UnityEditor.EditorUtility:InstantiateForAnimatorPreview (UnityEngine.Object)
UnityEditor.GameObjectInspector/PreviewData:UpdateGameObject (UnityEngine.Object)
UnityEditor.GameObjectInspector/PreviewData:.ctor (UnityEngine.Object)
UnityEditor.GameObjectInspector:GetPreviewData ()
UnityEditor.GameObjectInspector:RenderStaticPreview (string,UnityEngine.Object[],int,int)
UnityEditor.AssetPreviewUpdater:CreatePreview (UnityEngine.Object,UnityEngine.Object[],string,int,int)
UnityEditor.AssetPreviewUpdater:CreatePreviewForAsset (UnityEngine.Object,UnityEngine.Object[],string)

[C:\build\output\unity\unity\Modules\Animation\Director\AnimatorControllerPlayable.cpp line 333]

 -> (artifact id: '887dcc48e536f0044d843c107ad61050') in 0.025317 seconds 
========================================================================
Received Import Request.
  Time since last request: 1.437668 seconds.
  path: Assets/Prafab/Towers/StormIdle_0000s_0000_Layer-155.prefab
  artifactKey: Guid(72636e8b991325341942b9bf2dc84755) Importer(815301076,1909f56bfc062723c751e8b465ee728b)
Start importing Assets/Prafab/Towers/StormIdle_0000s_0000_Layer-155.prefab using Guid(72636e8b991325341942b9bf2dc84755) Importer(815301076,1909f56bfc062723c751e8b465ee728b) The Animator Controller (StormIdle_0000s_0000_Layer-155) you have used is not valid. Animations will not play
UnityEngine.StackTraceUtility:ExtractStackTrace ()
UnityEditor.EditorUtility:Internal_InstantiateRemoveAllNonAnimationComponentsSingle (UnityEngine.Object,UnityEngine.Vector3,UnityEngine.Quaternion)
UnityEditor.EditorUtility:InstantiateRemoveAllNonAnimationComponents (UnityEngine.Object,UnityEngine.Vector3,UnityEngine.Quaternion)
UnityEditor.EditorUtility:InstantiateForAnimatorPreview (UnityEngine.Object)
UnityEditor.GameObjectInspector/PreviewData:UpdateGameObject (UnityEngine.Object)
UnityEditor.GameObjectInspector/PreviewData:.ctor (UnityEngine.Object)
UnityEditor.GameObjectInspector:GetPreviewData ()
UnityEditor.GameObjectInspector:RenderStaticPreview (string,UnityEngine.Object[],int,int)
UnityEditor.AssetPreviewUpdater:CreatePreview (UnityEngine.Object,UnityEngine.Object[],string,int,int)
UnityEditor.AssetPreviewUpdater:CreatePreviewForAsset (UnityEngine.Object,UnityEngine.Object[],string)

[C:\build\output\unity\unity\Modules\Animation\Director\AnimatorControllerPlayable.cpp line 333]

The Animator Controller (StormIdle_0000s_0000_Layer-155) you have used is not valid. Animations will not play
UnityEngine.StackTraceUtility:ExtractStackTrace ()
UnityEditor.EditorUtility:InitInstantiatedPreviewRecursive (UnityEngine.GameObject)
UnityEditor.EditorUtility:InstantiateForAnimatorPreview (UnityEngine.Object)
UnityEditor.GameObjectInspector/PreviewData:UpdateGameObject (UnityEngine.Object)
UnityEditor.GameObjectInspector/PreviewData:.ctor (UnityEngine.Object)
UnityEditor.GameObjectInspector:GetPreviewData ()
UnityEditor.GameObjectInspector:RenderStaticPreview (string,UnityEngine.Object[],int,int)
UnityEditor.AssetPreviewUpdater:CreatePreview (UnityEngine.Object,UnityEngine.Object[],string,int,int)
UnityEditor.AssetPreviewUpdater:CreatePreviewForAsset (UnityEngine.Object,UnityEngine.Object[],string)

[C:\build\output\unity\unity\Modules\Animation\Director\AnimatorControllerPlayable.cpp line 333]

 -> (artifact id: '6b0080941bdbbb1ffe95a60306b513b9') in 0.019480 seconds 
========================================================================
Received Prepare
Registering precompiled user dll's ...
Registered in 0.012997 seconds.
Begin MonoManager ReloadAssembly
Symbol file LoadedFromMemory doesn't match image C:\Users\lny\Desktop\COMP602\Mythics ()1)\Library\PackageCache\com.unity.visualscripting@1.8.0\Editor\VisualScripting.Core\Dependencies\YamlDotNet\Unity.VisualScripting.YamlDotNet.dll
Symbol file LoadedFromMemory doesn't match image C:\Users\lny\Desktop\COMP602\Mythics ()1)\Library\PackageCache\com.unity.visualscripting@1.8.0\Editor\VisualScripting.Core\Dependencies\DotNetZip\Unity.VisualScripting.IonicZip.dll
Native extension for WindowsStandalone target not found
Refreshing native plugins compatible for Editor in 1.10 ms, found 4 plugins.
Preloading 0 native plugins for Editor in 0.00 ms.
Mono: successfully reloaded assembly
- Completed reload, in  1.555 seconds
Domain Reload Profiling:
	ReloadAssembly (1556ms)
		BeginReloadAssembly (268ms)
			ExecutionOrderSort (0ms)
			DisableScriptedObjects (11ms)
			BackupInstance (0ms)
			ReleaseScriptingObjects (0ms)
			CreateAndSetChildDomain (57ms)
		EndReloadAssembly (1104ms)
			LoadAssemblies (209ms)
			RebuildTransferFunctionScriptingTraits (0ms)
			SetupTypeCache (382ms)
			ReleaseScriptCaches (2ms)
			RebuildScriptCaches (58ms)
			SetupLoadedEditorAssemblies (453ms)
				LogAssemblyErrors (0ms)
				InitializePlatformSupportModulesInManaged (11ms)
				SetLoadedEditorAssemblies (1ms)
				RefreshPlugins (1ms)
				BeforeProcessingInitializeOnLoad (121ms)
				ProcessInitializeOnLoadAttributes (245ms)
				ProcessInitializeOnLoadMethodAttributes (59ms)
				AfterProcessingInitializeOnLoad (15ms)
				EditorAssembliesLoaded (0ms)
			ExecutionOrderSort2 (0ms)
			AwakeInstancesAfterBackupRestoration (14ms)
Platform modules already initialized, skipping
Refreshing native plugins compatible for Editor in 4.30 ms, found 4 plugins.
Preloading 0 native plugins for Editor in 0.00 ms.
Unloading 3785 Unused Serialized files (Serialized files now loaded: 0)
Unloading 22 unused Assets / (22.1 KB). Loaded Objects now: 4267.
Memory consumption went from 147.9 MB to 147.9 MB.
Total: 3.308400 ms (FindLiveObjects: 0.294300 ms CreateObjectMapping: 0.132200 ms MarkObjects: 2.853000 ms  DeleteObjects: 0.028100 ms)

AssetImportParameters requested are different than current active one (requested -> active):
  custom:video-decoder-ogg-theora: a1e56fd34408186e4bbccfd4996cb3dc -> 
  custom:container-muxer-webm: aa71ff27fc2769a1b78a27578f13a17b -> 
  custom:container-demuxer-webm: 4f35f7cbe854078d1ac9338744f61a02 -> 
  custom:video-encoder-webm-vp8: eb34c28f22e8b96e1ab97ce403110664 -> 
  custom:video-codec-MediaFoundation-h265: 746d11721c4dcdbdad8f713fa42b33f4 -> 
  custom:CustomObjectIndexerAttribute: bc11b3a6c3213fcdd17b65e7da85e133 -> 
  custom:audio-encoder-webm-vorbis: bf7c407c2cedff20999df2af8eb42d56 -> 
  custom:framework-win-MediaFoundation: 216162199b28c13a410421893ffa2e32 -> 
  custom:container-demuxer-ogg: 62fdf1f143b41e24485cea50d1cbac27 -> 
  custom:video-decoder-webm-vp8: 9c59270c3fd7afecdb556c50c9e8de78 -> 
  custom:audio-decoder-ogg-vorbis: bf7c407c2cedff20999df2af8eb42d56 -> 
========================================================================
Received Import Request.
  Time since last request: 55.437291 seconds.
  path: Assets/Prafab/Towers/FireTower.prefab
  artifactKey: Guid(02d9901dce77a9f48859285d78d6f93d) Importer(815301076,1909f56bfc062723c751e8b465ee728b)
Start importing Assets/Prafab/Towers/FireTower.prefab using Guid(02d9901dce77a9f48859285d78d6f93d) Importer(815301076,1909f56bfc062723c751e8b465ee728b) The Animator Controller (FireIdle_0000s_0000_Layer-27 1) you have used is not valid. Animations will not play
UnityEngine.StackTraceUtility:ExtractStackTrace ()
UnityEditor.EditorUtility:Internal_InstantiateRemoveAllNonAnimationComponentsSingle (UnityEngine.Object,UnityEngine.Vector3,UnityEngine.Quaternion)
UnityEditor.EditorUtility:InstantiateRemoveAllNonAnimationComponents (UnityEngine.Object,UnityEngine.Vector3,UnityEngine.Quaternion)
UnityEditor.EditorUtility:InstantiateForAnimatorPreview (UnityEngine.Object)
UnityEditor.GameObjectInspector/PreviewData:UpdateGameObject (UnityEngine.Object)
UnityEditor.GameObjectInspector/PreviewData:.ctor (UnityEngine.Object)
UnityEditor.GameObjectInspector:GetPreviewData ()
UnityEditor.GameObjectInspector:RenderStaticPreview (string,UnityEngine.Object[],int,int)
UnityEditor.AssetPreviewUpdater:CreatePreview (UnityEngine.Object,UnityEngine.Object[],string,int,int)
UnityEditor.AssetPreviewUpdater:CreatePreviewForAsset (UnityEngine.Object,UnityEngine.Object[],string)

[C:\build\output\unity\unity\Modules\Animation\Director\AnimatorControllerPlayable.cpp line 333]

The Animator Controller (FireIdle_0000s_0000_Layer-27 1) you have used is not valid. Animations will not play
UnityEngine.StackTraceUtility:ExtractStackTrace ()
UnityEditor.EditorUtility:InitInstantiatedPreviewRecursive (UnityEngine.GameObject)
UnityEditor.EditorUtility:InstantiateForAnimatorPreview (UnityEngine.Object)
UnityEditor.GameObjectInspector/PreviewData:UpdateGameObject (UnityEngine.Object)
UnityEditor.GameObjectInspector/PreviewData:.ctor (UnityEngine.Object)
UnityEditor.GameObjectInspector:GetPreviewData ()
UnityEditor.GameObjectInspector:RenderStaticPreview (string,UnityEngine.Object[],int,int)
UnityEditor.AssetPreviewUpdater:CreatePreview (UnityEngine.Object,UnityEngine.Object[],string,int,int)
UnityEditor.AssetPreviewUpdater:CreatePreviewForAsset (UnityEngine.Object,UnityEngine.Object[],string)

[C:\build\output\unity\unity\Modules\Animation\Director\AnimatorControllerPlayable.cpp line 333]

 -> (artifact id: '77ba7b040e84db0916824b58aa50ded7') in 0.065821 seconds 
========================================================================
Received Import Request.
  Time since last request: 8.316777 seconds.
  path: Assets/Prafab/Towers/IceTower.prefab
  artifactKey: Guid(bdae7354c2a578d49aa87204b5c204d1) Importer(815301076,1909f56bfc062723c751e8b465ee728b)
Start importing Assets/Prafab/Towers/IceTower.prefab using Guid(bdae7354c2a578d49aa87204b5c204d1) Importer(815301076,1909f56bfc062723c751e8b465ee728b) The Animator Controller (IceIdle_0000s_0000_Layer-140) you have used is not valid. Animations will not play
UnityEngine.StackTraceUtility:ExtractStackTrace ()
UnityEditor.EditorUtility:Internal_InstantiateRemoveAllNonAnimationComponentsSingle (UnityEngine.Object,UnityEngine.Vector3,UnityEngine.Quaternion)
UnityEditor.EditorUtility:InstantiateRemoveAllNonAnimationComponents (UnityEngine.Object,UnityEngine.Vector3,UnityEngine.Quaternion)
UnityEditor.EditorUtility:InstantiateForAnimatorPreview (UnityEngine.Object)
UnityEditor.GameObjectInspector/PreviewData:UpdateGameObject (UnityEngine.Object)
UnityEditor.GameObjectInspector/PreviewData:.ctor (UnityEngine.Object)
UnityEditor.GameObjectInspector:GetPreviewData ()
UnityEditor.GameObjectInspector:RenderStaticPreview (string,UnityEngine.Object[],int,int)
UnityEditor.AssetPreviewUpdater:CreatePreview (UnityEngine.Object,UnityEngine.Object[],string,int,int)
UnityEditor.AssetPreviewUpdater:CreatePreviewForAsset (UnityEngine.Object,UnityEngine.Object[],string)

[C:\build\output\unity\unity\Modules\Animation\Director\AnimatorControllerPlayable.cpp line 333]

The Animator Controller (IceIdle_0000s_0000_Layer-140) you have used is not valid. Animations will not play
UnityEngine.StackTraceUtility:ExtractStackTrace ()
UnityEditor.EditorUtility:InitInstantiatedPreviewRecursive (UnityEngine.GameObject)
UnityEditor.EditorUtility:InstantiateForAnimatorPreview (UnityEngine.Object)
UnityEditor.GameObjectInspector/PreviewData:UpdateGameObject (UnityEngine.Object)
UnityEditor.GameObjectInspector/PreviewData:.ctor (UnityEngine.Object)
UnityEditor.GameObjectInspector:GetPreviewData ()
UnityEditor.GameObjectInspector:RenderStaticPreview (string,UnityEngine.Object[],int,int)
UnityEditor.AssetPreviewUpdater:CreatePreview (UnityEngine.Object,UnityEngine.Object[],string,int,int)
UnityEditor.AssetPreviewUpdater:CreatePreviewForAsset (UnityEngine.Object,UnityEngine.Object[],string)

[C:\build\output\unity\unity\Modules\Animation\Director\AnimatorControllerPlayable.cpp line 333]

 -> (artifact id: '846c5350698b9edc6de4285bc79d1978') in 0.016650 seconds 
========================================================================
Received Import Request.
  Time since last request: 9.702967 seconds.
  path: Assets/Prafab/Towers/FireTower.prefab
  artifactKey: Guid(02d9901dce77a9f48859285d78d6f93d) Importer(815301076,1909f56bfc062723c751e8b465ee728b)
Start importing Assets/Prafab/Towers/FireTower.prefab using Guid(02d9901dce77a9f48859285d78d6f93d) Importer(815301076,1909f56bfc062723c751e8b465ee728b) The Animator Controller (FireIdle_0000s_0000_Layer-27 1) you have used is not valid. Animations will not play
UnityEngine.StackTraceUtility:ExtractStackTrace ()
UnityEditor.EditorUtility:Internal_InstantiateRemoveAllNonAnimationComponentsSingle (UnityEngine.Object,UnityEngine.Vector3,UnityEngine.Quaternion)
UnityEditor.EditorUtility:InstantiateRemoveAllNonAnimationComponents (UnityEngine.Object,UnityEngine.Vector3,UnityEngine.Quaternion)
UnityEditor.EditorUtility:InstantiateForAnimatorPreview (UnityEngine.Object)
UnityEditor.GameObjectInspector/PreviewData:UpdateGameObject (UnityEngine.Object)
UnityEditor.GameObjectInspector/PreviewData:.ctor (UnityEngine.Object)
UnityEditor.GameObjectInspector:GetPreviewData ()
UnityEditor.GameObjectInspector:RenderStaticPreview (string,UnityEngine.Object[],int,int)
UnityEditor.AssetPreviewUpdater:CreatePreview (UnityEngine.Object,UnityEngine.Object[],string,int,int)
UnityEditor.AssetPreviewUpdater:CreatePreviewForAsset (UnityEngine.Object,UnityEngine.Object[],string)

[C:\build\output\unity\unity\Modules\Animation\Director\AnimatorControllerPlayable.cpp line 333]

The Animator Controller (FireIdle_0000s_0000_Layer-27 1) you have used is not valid. Animations will not play
UnityEngine.StackTraceUtility:ExtractStackTrace ()
UnityEditor.EditorUtility:InitInstantiatedPreviewRecursive (UnityEngine.GameObject)
UnityEditor.EditorUtility:InstantiateForAnimatorPreview (UnityEngine.Object)
UnityEditor.GameObjectInspector/PreviewData:UpdateGameObject (UnityEngine.Object)
UnityEditor.GameObjectInspector/PreviewData:.ctor (UnityEngine.Object)
UnityEditor.GameObjectInspector:GetPreviewData ()
UnityEditor.GameObjectInspector:RenderStaticPreview (string,UnityEngine.Object[],int,int)
UnityEditor.AssetPreviewUpdater:CreatePreview (UnityEngine.Object,UnityEngine.Object[],string,int,int)
UnityEditor.AssetPreviewUpdater:CreatePreviewForAsset (UnityEngine.Object,UnityEngine.Object[],string)

[C:\build\output\unity\unity\Modules\Animation\Director\AnimatorControllerPlayable.cpp line 333]

 -> (artifact id: '756e3218f73427e09454886a6cfbe2a4') in 0.013523 seconds 
========================================================================
Received Import Request.
  Time since last request: 7.609246 seconds.
  path: Assets/Prafab/Towers/StormTower.prefab
  artifactKey: Guid(72636e8b991325341942b9bf2dc84755) Importer(815301076,1909f56bfc062723c751e8b465ee728b)
Start importing Assets/Prafab/Towers/StormTower.prefab using Guid(72636e8b991325341942b9bf2dc84755) Importer(815301076,1909f56bfc062723c751e8b465ee728b) The Animator Controller (StormIdle_0000s_0000_Layer-155) you have used is not valid. Animations will not play
UnityEngine.StackTraceUtility:ExtractStackTrace ()
UnityEditor.EditorUtility:Internal_InstantiateRemoveAllNonAnimationComponentsSingle (UnityEngine.Object,UnityEngine.Vector3,UnityEngine.Quaternion)
UnityEditor.EditorUtility:InstantiateRemoveAllNonAnimationComponents (UnityEngine.Object,UnityEngine.Vector3,UnityEngine.Quaternion)
UnityEditor.EditorUtility:InstantiateForAnimatorPreview (UnityEngine.Object)
UnityEditor.GameObjectInspector/PreviewData:UpdateGameObject (UnityEngine.Object)
UnityEditor.GameObjectInspector/PreviewData:.ctor (UnityEngine.Object)
UnityEditor.GameObjectInspector:GetPreviewData ()
UnityEditor.GameObjectInspector:RenderStaticPreview (string,UnityEngine.Object[],int,int)
UnityEditor.AssetPreviewUpdater:CreatePreview (UnityEngine.Object,UnityEngine.Object[],string,int,int)
UnityEditor.AssetPreviewUpdater:CreatePreviewForAsset (UnityEngine.Object,UnityEngine.Object[],string)

[C:\build\output\unity\unity\Modules\Animation\Director\AnimatorControllerPlayable.cpp line 333]

The Animator Controller (StormIdle_0000s_0000_Layer-155) you have used is not valid. Animations will not play
UnityEngine.StackTraceUtility:ExtractStackTrace ()
UnityEditor.EditorUtility:InitInstantiatedPreviewRecursive (UnityEngine.GameObject)
UnityEditor.EditorUtility:InstantiateForAnimatorPreview (UnityEngine.Object)
UnityEditor.GameObjectInspector/PreviewData:UpdateGameObject (UnityEngine.Object)
UnityEditor.GameObjectInspector/PreviewData:.ctor (UnityEngine.Object)
UnityEditor.GameObjectInspector:GetPreviewData ()
UnityEditor.GameObjectInspector:RenderStaticPreview (string,UnityEngine.Object[],int,int)
UnityEditor.AssetPreviewUpdater:CreatePreview (UnityEngine.Object,UnityEngine.Object[],string,int,int)
UnityEditor.AssetPreviewUpdater:CreatePreviewForAsset (UnityEngine.Object,UnityEngine.Object[],string)

[C:\build\output\unity\unity\Modules\Animation\Director\AnimatorControllerPlayable.cpp line 333]

 -> (artifact id: '6a91d34e4ec7da5cea6d66ab7aa5568b') in 0.014868 seconds 
========================================================================
Received Import Request.
  Time since last request: 242.616924 seconds.
  path: Assets/Prafab/Tiles/grass_1.prefab
  artifactKey: Guid(c85c2c0fa2919ed4db1ee24cbd53c5de) Importer(815301076,1909f56bfc062723c751e8b465ee728b)
Start importing Assets/Prafab/Tiles/grass_1.prefab using Guid(c85c2c0fa2919ed4db1ee24cbd53c5de) Importer(815301076,1909f56bfc062723c751e8b465ee728b)  -> (artifact id: '5dbf119fd016bad17f542a40a6f9b955') in 0.014047 seconds 
========================================================================
Received Import Request.
  Time since last request: 0.042797 seconds.
  path: Assets/Prafab/Tiles/grass_02.prefab
  artifactKey: Guid(9747c8a10d6624e4f926841ca5cec215) Importer(815301076,1909f56bfc062723c751e8b465ee728b)
Start importing Assets/Prafab/Tiles/grass_02.prefab using Guid(9747c8a10d6624e4f926841ca5cec215) Importer(815301076,1909f56bfc062723c751e8b465ee728b)  -> (artifact id: '3b4a5cea74175163e07673baf6da7dd1') in 0.018293 seconds 
========================================================================
Received Import Request.
  Time since last request: 0.001293 seconds.
  path: Assets/Prafab/Tiles/sand_02.prefab
  artifactKey: Guid(148ac7615ba2c74469a4dbbfc8f8087d) Importer(815301076,1909f56bfc062723c751e8b465ee728b)
Start importing Assets/Prafab/Tiles/sand_02.prefab using Guid(148ac7615ba2c74469a4dbbfc8f8087d) Importer(815301076,1909f56bfc062723c751e8b465ee728b)  -> (artifact id: '928ac7e3b6d545885ea627d2b58c487e') in 0.028701 seconds 
========================================================================
Received Import Request.
  Time since last request: 0.000025 seconds.
  path: Assets/Prafab/Tiles/RedPortal.prefab
  artifactKey: Guid(eac9b3b4dec174447905dc90b725efc3) Importer(815301076,1909f56bfc062723c751e8b465ee728b)
Start importing Assets/Prafab/Tiles/RedPortal.prefab using Guid(eac9b3b4dec174447905dc90b725efc3) Importer(815301076,1909f56bfc062723c751e8b465ee728b)  -> (artifact id: '5a45fbb2acfc9afd8e3b5cedf4cd5ac0') in 0.041426 seconds 
========================================================================
Received Import Request.
  Time since last request: 14.520149 seconds.
  path: Assets/Prafab/Tiles/grass_1.prefab
  artifactKey: Guid(c85c2c0fa2919ed4db1ee24cbd53c5de) Importer(815301076,1909f56bfc062723c751e8b465ee728b)
Start importing Assets/Prafab/Tiles/grass_1.prefab using Guid(c85c2c0fa2919ed4db1ee24cbd53c5de) Importer(815301076,1909f56bfc062723c751e8b465ee728b)  -> (artifact id: '93598400596dd974324c359de43182ac') in 0.012294 seconds 
========================================================================
Received Import Request.
  Time since last request: 0.010398 seconds.
  path: Assets/Prafab/Tiles/grass_02.prefab
  artifactKey: Guid(9747c8a10d6624e4f926841ca5cec215) Importer(815301076,1909f56bfc062723c751e8b465ee728b)
Start importing Assets/Prafab/Tiles/grass_02.prefab using Guid(9747c8a10d6624e4f926841ca5cec215) Importer(815301076,1909f56bfc062723c751e8b465ee728b)  -> (artifact id: 'f9645dbf5c44e12e4d71c33b4771c6bc') in 0.013539 seconds 
========================================================================
Received Import Request.
  Time since last request: 0.000028 seconds.
  path: Assets/Prafab/Tiles/wall.prefab
  artifactKey: Guid(16b609eacb7b57d468e3753810a81598) Importer(815301076,1909f56bfc062723c751e8b465ee728b)
Start importing Assets/Prafab/Tiles/wall.prefab using Guid(16b609eacb7b57d468e3753810a81598) Importer(815301076,1909f56bfc062723c751e8b465ee728b)  -> (artifact id: 'dea632deb8eae17b0c8a9c1208e1afa6') in 0.026708 seconds 
========================================================================
Received Import Request.
  Time since last request: 0.000039 seconds.
  path: Assets/Prafab/Tiles/grass_04.prefab
  artifactKey: Guid(fd8187ec28908ab4db41cb11a0ababf5) Importer(815301076,1909f56bfc062723c751e8b465ee728b)
Start importing Assets/Prafab/Tiles/grass_04.prefab using Guid(fd8187ec28908ab4db41cb11a0ababf5) Importer(815301076,1909f56bfc062723c751e8b465ee728b)  -> (artifact id: 'fb84a32780c60520c22e38f5a79c8326') in 0.027445 seconds 
========================================================================
Received Import Request.
  Time since last request: 0.000032 seconds.
  path: Assets/Prafab/Tiles/sand_01.prefab
  artifactKey: Guid(c1c46602f1bd8334c9d7badaff5af1fe) Importer(815301076,1909f56bfc062723c751e8b465ee728b)
Start importing Assets/Prafab/Tiles/sand_01.prefab using Guid(c1c46602f1bd8334c9d7badaff5af1fe) Importer(815301076,1909f56bfc062723c751e8b465ee728b)  -> (artifact id: 'f212985182cf8caf4d7d9f22c51844ad') in 0.015151 seconds 
Editor requested this worker to shutdown with reason: Scaling down because of idle timeout
AssetImportWorker is now disconnected from the server
Process exiting
Exiting without the bug reporter. Application will terminate with return code 0