Using pre-set license
Built from '2021.3/staging' branch; Version is '2021.3.29f1 (204d6dc9ae1c) revision 2116973'; Using compiler version '192829333'; Build Type 'Release'
OS: 'Windows 10  (10.0.19045) 64bit Core' Language: 'zh' Physical Memory: 32429 MB
BatchMode: 1, IsHumanControllingUs: 0, StartBugReporterOnCrash: 0, Is64bit: 1, IsPro: 1

COMMAND LINE ARGUMENTS:
C:\unity\2021.3.29f1\Editor\Unity.exe
-adb2
-batchMode
-noUpm
-name
AssetImportWorker6
-projectPath
C:/Users/lny/Desktop/COMP602/Mythics ()1)
-logFile
Logs/AssetImportWorker6.log
-srvPort
49669
Successfully changed project path to: C:/Users/lny/Desktop/COMP602/Mythics ()1)
C:/Users/lny/Desktop/COMP602/Mythics ()1)
[UnityMemory] Configuration Parameters - Can be set up in boot.config
    "memorysetup-bucket-allocator-granularity=16"
    "memorysetup-bucket-allocator-bucket-count=8"
    "memorysetup-bucket-allocator-block-size=33554432"
    "memorysetup-bucket-allocator-block-count=8"
    "memorysetup-main-allocator-block-size=16777216"
    "memorysetup-thread-allocator-block-size=16777216"
    "memorysetup-gfx-main-allocator-block-size=16777216"
    "memorysetup-gfx-thread-allocator-block-size=16777216"
    "memorysetup-cache-allocator-block-size=4194304"
    "memorysetup-typetree-allocator-block-size=2097152"
    "memorysetup-profiler-bucket-allocator-granularity=16"
    "memorysetup-profiler-bucket-allocator-bucket-count=8"
    "memorysetup-profiler-bucket-allocator-block-size=33554432"
    "memorysetup-profiler-bucket-allocator-block-count=8"
    "memorysetup-profiler-allocator-block-size=16777216"
    "memorysetup-profiler-editor-allocator-block-size=1048576"
    "memorysetup-temp-allocator-size-main=16777216"
    "memorysetup-job-temp-allocator-block-size=2097152"
    "memorysetup-job-temp-allocator-block-size-background=1048576"
    "memorysetup-job-temp-allocator-reduction-small-platforms=262144"
    "memorysetup-temp-allocator-size-background-worker=32768"
    "memorysetup-temp-allocator-size-job-worker=262144"
    "memorysetup-temp-allocator-size-preload-manager=33554432"
    "memorysetup-temp-allocator-size-nav-mesh-worker=65536"
    "memorysetup-temp-allocator-size-audio-worker=65536"
    "memorysetup-temp-allocator-size-cloud-worker=32768"
    "memorysetup-temp-allocator-size-gi-baking-worker=262144"
    "memorysetup-temp-allocator-size-gfx=262144"
Player connection [11908] Host "[IP] 192.168.1.228 [Port] 0 [Flags] 2 [Guid] 2960179612 [EditorId] 2960179612 [Version] 1048832 [Id] WindowsEditor(7,DESKTOP-UVGHRJR) [Debug] 1 [PackageName] WindowsEditor [ProjectName] Editor" joined multi-casting on [225.0.0.222:54997]...

Player connection [11908] Host "[IP] 192.168.1.228 [Port] 0 [Flags] 2 [Guid] 2960179612 [EditorId] 2960179612 [Version] 1048832 [Id] WindowsEditor(7,DESKTOP-UVGHRJR) [Debug] 1 [PackageName] WindowsEditor [ProjectName] Editor" joined alternative multi-casting on [225.0.0.222:34997]...

Refreshing native plugins compatible for Editor in 157.17 ms, found 4 plugins.
Preloading 0 native plugins for Editor in 0.00 ms.
Initialize engine version: 2021.3.29f1 (204d6dc9ae1c)
[Subsystems] Discovering subsystems at path C:/unity/2021.3.29f1/Editor/Data/Resources/UnitySubsystems
[Subsystems] Discovering subsystems at path C:/Users/lny/Desktop/COMP602/Mythics ()1)/Assets
GfxDevice: creating device client; threaded=0; jobified=0
Direct3D:
    Version:  Direct3D 11.0 [level 11.1]
    Renderer: NVIDIA GeForce RTX 3080 Laptop GPU (ID=0x24dc)
    Vendor:   NVIDIA
    VRAM:     16191 MB
    Driver:   31.0.15.3699
Initialize mono
Mono path[0] = 'C:/unity/2021.3.29f1/Editor/Data/Managed'
Mono path[1] = 'C:/unity/2021.3.29f1/Editor/Data/MonoBleedingEdge/lib/mono/unityjit-win32'
Mono config path = 'C:/unity/2021.3.29f1/Editor/Data/MonoBleedingEdge/etc'
Using monoOptions --debugger-agent=transport=dt_socket,embedding=1,server=y,suspend=n,address=127.0.0.1:56164
Begin MonoManager ReloadAssembly
Registering precompiled unity dll's ...
Register platform support module: C:/unity/2021.3.29f1/Editor/Data/PlaybackEngines/WindowsStandaloneSupport/UnityEditor.WindowsStandalone.Extensions.dll
Registered in 0.008516 seconds.
Native extension for WindowsStandalone target not found
Refreshing native plugins compatible for Editor in 117.26 ms, found 4 plugins.
Preloading 0 native plugins for Editor in 0.00 ms.
Mono: successfully reloaded assembly
- Completed reload, in  0.853 seconds
Domain Reload Profiling:
	ReloadAssembly (853ms)
		BeginReloadAssembly (109ms)
			ExecutionOrderSort (0ms)
			DisableScriptedObjects (0ms)
			BackupInstance (0ms)
			ReleaseScriptingObjects (0ms)
			CreateAndSetChildDomain (1ms)
		EndReloadAssembly (614ms)
			LoadAssemblies (105ms)
			RebuildTransferFunctionScriptingTraits (0ms)
			SetupTypeCache (122ms)
			ReleaseScriptCaches (0ms)
			RebuildScriptCaches (27ms)
			SetupLoadedEditorAssemblies (397ms)
				LogAssemblyErrors (0ms)
				InitializePlatformSupportModulesInManaged (10ms)
				SetLoadedEditorAssemblies (0ms)
				RefreshPlugins (117ms)
				BeforeProcessingInitializeOnLoad (2ms)
				ProcessInitializeOnLoadAttributes (199ms)
				ProcessInitializeOnLoadMethodAttributes (68ms)
				AfterProcessingInitializeOnLoad (0ms)
				EditorAssembliesLoaded (0ms)
			ExecutionOrderSort2 (0ms)
			AwakeInstancesAfterBackupRestoration (0ms)
Platform modules already initialized, skipping
Registering precompiled user dll's ...
Registered in 0.013359 seconds.
Begin MonoManager ReloadAssembly
Symbol file LoadedFromMemory doesn't match image C:\Users\lny\Desktop\COMP602\Mythics ()1)\Library\PackageCache\com.unity.visualscripting@1.8.0\Editor\VisualScripting.Core\Dependencies\YamlDotNet\Unity.VisualScripting.YamlDotNet.dll
Symbol file LoadedFromMemory doesn't match image C:\Users\lny\Desktop\COMP602\Mythics ()1)\Library\PackageCache\com.unity.visualscripting@1.8.0\Editor\VisualScripting.Core\Dependencies\DotNetZip\Unity.VisualScripting.IonicZip.dll
Native extension for WindowsStandalone target not found
Refreshing native plugins compatible for Editor in 119.41 ms, found 4 plugins.
Preloading 0 native plugins for Editor in 0.00 ms.
Mono: successfully reloaded assembly
- Completed reload, in  1.455 seconds
Domain Reload Profiling:
	ReloadAssembly (1457ms)
		BeginReloadAssembly (143ms)
			ExecutionOrderSort (0ms)
			DisableScriptedObjects (7ms)
			BackupInstance (0ms)
			ReleaseScriptingObjects (0ms)
			CreateAndSetChildDomain (18ms)
		EndReloadAssembly (1147ms)
			LoadAssemblies (126ms)
			RebuildTransferFunctionScriptingTraits (0ms)
			SetupTypeCache (326ms)
			ReleaseScriptCaches (1ms)
			RebuildScriptCaches (85ms)
			SetupLoadedEditorAssemblies (565ms)
				LogAssemblyErrors (0ms)
				InitializePlatformSupportModulesInManaged (7ms)
				SetLoadedEditorAssemblies (0ms)
				RefreshPlugins (119ms)
				BeforeProcessingInitializeOnLoad (121ms)
				ProcessInitializeOnLoadAttributes (248ms)
				ProcessInitializeOnLoadMethodAttributes (53ms)
				AfterProcessingInitializeOnLoad (17ms)
				EditorAssembliesLoaded (0ms)
			ExecutionOrderSort2 (0ms)
			AwakeInstancesAfterBackupRestoration (13ms)
Platform modules already initialized, skipping
========================================================================
Worker process is ready to serve import requests
Launched and connected shader compiler UnityShaderCompiler.exe after 0.04 seconds
Refreshing native plugins compatible for Editor in 0.68 ms, found 4 plugins.
Preloading 0 native plugins for Editor in 0.00 ms.
Unloading 3796 Unused Serialized files (Serialized files now loaded: 0)
Unloading 35 unused Assets / (46.8 KB). Loaded Objects now: 4256.
Memory consumption went from 144.4 MB to 144.4 MB.
Total: 3.251700 ms (FindLiveObjects: 0.298900 ms CreateObjectMapping: 0.131800 ms MarkObjects: 2.685500 ms  DeleteObjects: 0.129400 ms)

AssetImportParameters requested are different than current active one (requested -> active):
  custom:video-decoder-ogg-theora: a1e56fd34408186e4bbccfd4996cb3dc -> 
  custom:container-muxer-webm: aa71ff27fc2769a1b78a27578f13a17b -> 
  custom:container-demuxer-webm: 4f35f7cbe854078d1ac9338744f61a02 -> 
  custom:video-encoder-webm-vp8: eb34c28f22e8b96e1ab97ce403110664 -> 
  custom:video-codec-MediaFoundation-h265: 746d11721c4dcdbdad8f713fa42b33f4 -> 
  custom:CustomObjectIndexerAttribute: bc11b3a6c3213fcdd17b65e7da85e133 -> 
  custom:audio-encoder-webm-vorbis: bf7c407c2cedff20999df2af8eb42d56 -> 
  custom:framework-win-MediaFoundation: 216162199b28c13a410421893ffa2e32 -> 
  custom:container-demuxer-ogg: 62fdf1f143b41e24485cea50d1cbac27 -> 
  custom:video-decoder-webm-vp8: 9c59270c3fd7afecdb556c50c9e8de78 -> 
  custom:audio-decoder-ogg-vorbis: bf7c407c2cedff20999df2af8eb42d56 -> 
========================================================================
Received Import Request.
  Time since last request: 1448348.636287 seconds.
  path: Assets/PoisonIdle_0026_Layer-44.png
  artifactKey: Guid(c9338f0c659f70d4bb5fa1b53a2479d7) Importer(815301076,1909f56bfc062723c751e8b465ee728b)
Start importing Assets/PoisonIdle_0026_Layer-44.png using Guid(c9338f0c659f70d4bb5fa1b53a2479d7) Importer(815301076,1909f56bfc062723c751e8b465ee728b)  -> (artifact id: '34e1ce4a349d71576d665a7ed65ab470') in 0.213874 seconds 
========================================================================
Received Import Request.
  Time since last request: 0.000038 seconds.
  path: Assets/PoisonIdle_0031_Layer-39.png
  artifactKey: Guid(ec2ebf677c45a664698623bb21792b92) Importer(815301076,1909f56bfc062723c751e8b465ee728b)
Start importing Assets/PoisonIdle_0031_Layer-39.png using Guid(ec2ebf677c45a664698623bb21792b92) Importer(815301076,1909f56bfc062723c751e8b465ee728b)  -> (artifact id: 'cd53ed5721b45b8036587260ab7844be') in 0.103420 seconds 
========================================================================
Received Import Request.
  Time since last request: 0.000045 seconds.
  path: Assets/PoisonIdle_0036_Layer-34.png
  artifactKey: Guid(81bd050b87a057744a68c557e5609bb9) Importer(815301076,1909f56bfc062723c751e8b465ee728b)
Start importing Assets/PoisonIdle_0036_Layer-34.png using Guid(81bd050b87a057744a68c557e5609bb9) Importer(815301076,1909f56bfc062723c751e8b465ee728b)  -> (artifact id: '24935eebe292fe764bb39269c2ed8554') in 0.048347 seconds 
========================================================================
Received Import Request.
  Time since last request: 0.000031 seconds.
  path: Assets/PoisonIdle_0030_Layer-40.png
  artifactKey: Guid(df0f25f5279af654d975d8af5e3abbc7) Importer(815301076,1909f56bfc062723c751e8b465ee728b)
Start importing Assets/PoisonIdle_0030_Layer-40.png using Guid(df0f25f5279af654d975d8af5e3abbc7) Importer(815301076,1909f56bfc062723c751e8b465ee728b)  -> (artifact id: '93f4f2103487b186b109a2fd0e33c54f') in 0.050624 seconds 
========================================================================
Received Import Request.
  Time since last request: 0.443521 seconds.
  path: Assets/PoisonIdle_0014_Layer-56.png
  artifactKey: Guid(69729d8e27956d94f88fd61eb1f05dfa) Importer(815301076,1909f56bfc062723c751e8b465ee728b)
Start importing Assets/PoisonIdle_0014_Layer-56.png using Guid(69729d8e27956d94f88fd61eb1f05dfa) Importer(815301076,1909f56bfc062723c751e8b465ee728b)  -> (artifact id: '07f460f6771d192bdb1da95aa9a1cda4') in 0.034517 seconds 
========================================================================
Received Import Request.
  Time since last request: 0.000026 seconds.
  path: Assets/PoisonIdle_0017_Layer-53.png
  artifactKey: Guid(4bd8953e68fa0034687ed92a49d5c419) Importer(815301076,1909f56bfc062723c751e8b465ee728b)
Start importing Assets/PoisonIdle_0017_Layer-53.png using Guid(4bd8953e68fa0034687ed92a49d5c419) Importer(815301076,1909f56bfc062723c751e8b465ee728b)  -> (artifact id: 'f14e0faacaa35834d33ad24dfb9e7247') in 0.041017 seconds 
========================================================================
Received Import Request.
  Time since last request: 0.000033 seconds.
  path: Assets/PoisonIdle_0022_Layer-48.png
  artifactKey: Guid(9218ff8456f379c4d93a1c88407d8e84) Importer(815301076,1909f56bfc062723c751e8b465ee728b)
Start importing Assets/PoisonIdle_0022_Layer-48.png using Guid(9218ff8456f379c4d93a1c88407d8e84) Importer(815301076,1909f56bfc062723c751e8b465ee728b)  -> (artifact id: 'dbe6f2f052b271a27f627ccacdecc646') in 0.041280 seconds 
========================================================================
Received Import Request.
  Time since last request: 0.408087 seconds.
  path: Assets/PoisonIdle_0002_Layer-68.png
  artifactKey: Guid(8eeeb4386fd2db64a83a0255627d482a) Importer(815301076,1909f56bfc062723c751e8b465ee728b)
Start importing Assets/PoisonIdle_0002_Layer-68.png using Guid(8eeeb4386fd2db64a83a0255627d482a) Importer(815301076,1909f56bfc062723c751e8b465ee728b)  -> (artifact id: '0ba3d76640b13d8b680f0611df2b9a1b') in 0.073932 seconds 
========================================================================
Received Import Request.
  Time since last request: 0.002421 seconds.
  path: Assets/PoisonIdle_0006_Layer-64.png
  artifactKey: Guid(fbf4f032b3521e04f91882383298a986) Importer(815301076,1909f56bfc062723c751e8b465ee728b)
Start importing Assets/PoisonIdle_0006_Layer-64.png using Guid(fbf4f032b3521e04f91882383298a986) Importer(815301076,1909f56bfc062723c751e8b465ee728b)  -> (artifact id: 'b39591081b5672e5981a8436d9442ccc') in 0.085929 seconds 
========================================================================
Received Import Request.
  Time since last request: 0.000040 seconds.
  path: Assets/PoisonIdle_0010_Layer-60.png
  artifactKey: Guid(f3e0112e39dbf584dbf02dec00d649f0) Importer(815301076,1909f56bfc062723c751e8b465ee728b)
Start importing Assets/PoisonIdle_0010_Layer-60.png using Guid(f3e0112e39dbf584dbf02dec00d649f0) Importer(815301076,1909f56bfc062723c751e8b465ee728b)  -> (artifact id: 'c5a300f43b00f85e8418eb8160a766de') in 0.088631 seconds 
========================================================================
Received Import Request.
  Time since last request: 41.329202 seconds.
  path: Assets/StormIdle_0000s_0002_Layer-153.png
  artifactKey: Guid(bc98ac93e5b3cc047af0e35cf88f6dc5) Importer(815301076,1909f56bfc062723c751e8b465ee728b)
Start importing Assets/StormIdle_0000s_0002_Layer-153.png using Guid(bc98ac93e5b3cc047af0e35cf88f6dc5) Importer(815301076,1909f56bfc062723c751e8b465ee728b)  -> (artifact id: 'a91af5f07d2dfabfbf2d9f8336d2985b') in 0.062335 seconds 
========================================================================
Received Import Request.
  Time since last request: 0.000025 seconds.
  path: Assets/StormIdle_0000s_0010_Layer-145.png
  artifactKey: Guid(4848dc252ee45124c804556d67bfd99b) Importer(815301076,1909f56bfc062723c751e8b465ee728b)
Start importing Assets/StormIdle_0000s_0010_Layer-145.png using Guid(4848dc252ee45124c804556d67bfd99b) Importer(815301076,1909f56bfc062723c751e8b465ee728b)  -> (artifact id: '7ee7150b08529323f5ec1a81457026d8') in 0.157327 seconds 
========================================================================
Received Import Request.
  Time since last request: 0.000042 seconds.
  path: Assets/StormIdle_0000s_0009_Layer-146.png
  artifactKey: Guid(66f50c694b8e7584299f57fc54b227e5) Importer(815301076,1909f56bfc062723c751e8b465ee728b)
Start importing Assets/StormIdle_0000s_0009_Layer-146.png using Guid(66f50c694b8e7584299f57fc54b227e5) Importer(815301076,1909f56bfc062723c751e8b465ee728b)  -> (artifact id: '615d1aad7ff32599de628b8632f70755') in 0.058795 seconds 
========================================================================
Received Import Request.
  Time since last request: 0.000039 seconds.
  path: Assets/StormIdle_0000s_0006_Layer-149.png
  artifactKey: Guid(8a49c2fc43e073d48a897f5ccdd76793) Importer(815301076,1909f56bfc062723c751e8b465ee728b)
Start importing Assets/StormIdle_0000s_0006_Layer-149.png using Guid(8a49c2fc43e073d48a897f5ccdd76793) Importer(815301076,1909f56bfc062723c751e8b465ee728b)  -> (artifact id: '3ab660d2a8af15c559ab322f5ae50847') in 0.055854 seconds 
========================================================================
Received Prepare
Registering precompiled user dll's ...
Registered in 0.014615 seconds.
Begin MonoManager ReloadAssembly
Symbol file LoadedFromMemory doesn't match image C:\Users\lny\Desktop\COMP602\Mythics ()1)\Library\PackageCache\com.unity.visualscripting@1.8.0\Editor\VisualScripting.Core\Dependencies\YamlDotNet\Unity.VisualScripting.YamlDotNet.dll
Symbol file LoadedFromMemory doesn't match image C:\Users\lny\Desktop\COMP602\Mythics ()1)\Library\PackageCache\com.unity.visualscripting@1.8.0\Editor\VisualScripting.Core\Dependencies\DotNetZip\Unity.VisualScripting.IonicZip.dll
Native extension for WindowsStandalone target not found
Refreshing native plugins compatible for Editor in 0.93 ms, found 4 plugins.
Preloading 0 native plugins for Editor in 0.00 ms.
Mono: successfully reloaded assembly
- Completed reload, in  1.477 seconds
Domain Reload Profiling:
	ReloadAssembly (1478ms)
		BeginReloadAssembly (223ms)
			ExecutionOrderSort (0ms)
			DisableScriptedObjects (11ms)
			BackupInstance (0ms)
			ReleaseScriptingObjects (0ms)
			CreateAndSetChildDomain (54ms)
		EndReloadAssembly (1095ms)
			LoadAssemblies (147ms)
			RebuildTransferFunctionScriptingTraits (0ms)
			SetupTypeCache (327ms)
			ReleaseScriptCaches (2ms)
			RebuildScriptCaches (63ms)
			SetupLoadedEditorAssemblies (497ms)
				LogAssemblyErrors (0ms)
				InitializePlatformSupportModulesInManaged (9ms)
				SetLoadedEditorAssemblies (1ms)
				RefreshPlugins (1ms)
				BeforeProcessingInitializeOnLoad (135ms)
				ProcessInitializeOnLoadAttributes (263ms)
				ProcessInitializeOnLoadMethodAttributes (65ms)
				AfterProcessingInitializeOnLoad (23ms)
				EditorAssembliesLoaded (0ms)
			ExecutionOrderSort2 (0ms)
			AwakeInstancesAfterBackupRestoration (19ms)
Platform modules already initialized, skipping
Refreshing native plugins compatible for Editor in 3.91 ms, found 4 plugins.
Preloading 0 native plugins for Editor in 0.00 ms.
Unloading 3785 Unused Serialized files (Serialized files now loaded: 0)
Unloading 22 unused Assets / (22.0 KB). Loaded Objects now: 4266.
Memory consumption went from 147.7 MB to 147.7 MB.
Total: 4.402500 ms (FindLiveObjects: 0.357000 ms CreateObjectMapping: 0.237300 ms MarkObjects: 3.772400 ms  DeleteObjects: 0.034300 ms)

AssetImportParameters requested are different than current active one (requested -> active):
  custom:video-decoder-ogg-theora: a1e56fd34408186e4bbccfd4996cb3dc -> 
  custom:container-muxer-webm: aa71ff27fc2769a1b78a27578f13a17b -> 
  custom:container-demuxer-webm: 4f35f7cbe854078d1ac9338744f61a02 -> 
  custom:video-encoder-webm-vp8: eb34c28f22e8b96e1ab97ce403110664 -> 
  custom:video-codec-MediaFoundation-h265: 746d11721c4dcdbdad8f713fa42b33f4 -> 
  custom:CustomObjectIndexerAttribute: bc11b3a6c3213fcdd17b65e7da85e133 -> 
  custom:audio-encoder-webm-vorbis: bf7c407c2cedff20999df2af8eb42d56 -> 
  custom:framework-win-MediaFoundation: 216162199b28c13a410421893ffa2e32 -> 
  custom:container-demuxer-ogg: 62fdf1f143b41e24485cea50d1cbac27 -> 
  custom:video-decoder-webm-vp8: 9c59270c3fd7afecdb556c50c9e8de78 -> 
  custom:audio-decoder-ogg-vorbis: bf7c407c2cedff20999df2af8eb42d56 -> 
========================================================================
Received Import Request.
  Time since last request: 111.386890 seconds.
  path: Assets/FireIdle_0000s_0022_Layer-5.png
  artifactKey: Guid(4d6312cb024044743ab48fc6087647f1) Importer(815301076,1909f56bfc062723c751e8b465ee728b)
Start importing Assets/FireIdle_0000s_0022_Layer-5.png using Guid(4d6312cb024044743ab48fc6087647f1) Importer(815301076,1909f56bfc062723c751e8b465ee728b)  -> (artifact id: 'd8522493051611d65ebaaddae83767f7') in 0.167768 seconds 
========================================================================
Received Import Request.
  Time since last request: 0.000041 seconds.
  path: Assets/FireIdle_0000s_0008_Layer-19.png
  artifactKey: Guid(e2530de06c5892d4a84879b6b598f4fc) Importer(815301076,1909f56bfc062723c751e8b465ee728b)
Start importing Assets/FireIdle_0000s_0008_Layer-19.png using Guid(e2530de06c5892d4a84879b6b598f4fc) Importer(815301076,1909f56bfc062723c751e8b465ee728b)  -> (artifact id: '7bfcb38ea98994dc43922067720bcfaf') in 0.061808 seconds 
========================================================================
Received Import Request.
  Time since last request: 0.000053 seconds.
  path: Assets/FireIdle_0000s_0021_Layer-6.png
  artifactKey: Guid(8429b04c8d69f8241b30f007c1a484ec) Importer(815301076,1909f56bfc062723c751e8b465ee728b)
Start importing Assets/FireIdle_0000s_0021_Layer-6.png using Guid(8429b04c8d69f8241b30f007c1a484ec) Importer(815301076,1909f56bfc062723c751e8b465ee728b)  -> (artifact id: 'd5d4cac10fa12cc08e3dc4ff6190dad9') in 0.059087 seconds 
========================================================================
Received Import Request.
  Time since last request: 0.000039 seconds.
  path: Assets/FireIdle_0000s_0026_Layer-1.png
  artifactKey: Guid(516f6403364aa9144a3924ff780ce355) Importer(815301076,1909f56bfc062723c751e8b465ee728b)
Start importing Assets/FireIdle_0000s_0026_Layer-1.png using Guid(516f6403364aa9144a3924ff780ce355) Importer(815301076,1909f56bfc062723c751e8b465ee728b)  -> (artifact id: 'b529ff021b06e37499d935d517bcbe51') in 0.080355 seconds 
========================================================================
Received Import Request.
  Time since last request: 0.000042 seconds.
  path: Assets/FireIdle_0000s_0019_Layer-8.png
  artifactKey: Guid(201a712651c2fe344b2c6addd47727db) Importer(815301076,1909f56bfc062723c751e8b465ee728b)
Start importing Assets/FireIdle_0000s_0019_Layer-8.png using Guid(201a712651c2fe344b2c6addd47727db) Importer(815301076,1909f56bfc062723c751e8b465ee728b)  -> (artifact id: '5c18e706e72dfb954ad5074ee0400d86') in 0.068030 seconds 
========================================================================
Received Import Request.
  Time since last request: 0.000035 seconds.
  path: Assets/FireIdle_0000s_0014_Layer-13.png
  artifactKey: Guid(ec25d1f34a7176540a7c47cca06316c8) Importer(815301076,1909f56bfc062723c751e8b465ee728b)
Start importing Assets/FireIdle_0000s_0014_Layer-13.png using Guid(ec25d1f34a7176540a7c47cca06316c8) Importer(815301076,1909f56bfc062723c751e8b465ee728b)  -> (artifact id: '03527205ad9675c616fd8d069ba472cd') in 0.057339 seconds 
========================================================================
Received Import Request.
  Time since last request: 0.000055 seconds.
  path: Assets/FireIdle_0000s_0012_Layer-15.png
  artifactKey: Guid(54436631d17d72040bc1dd3a2dc580cf) Importer(815301076,1909f56bfc062723c751e8b465ee728b)
Start importing Assets/FireIdle_0000s_0012_Layer-15.png using Guid(54436631d17d72040bc1dd3a2dc580cf) Importer(815301076,1909f56bfc062723c751e8b465ee728b)  -> (artifact id: '100bf4b37c529afd7598c343f8deea3b') in 0.088468 seconds 
========================================================================
Received Import Request.
  Time since last request: 0.000037 seconds.
  path: Assets/FireIdle_0000s_0001_Layer-26.png
  artifactKey: Guid(e8f1013f43591bb408b8c8c27a144748) Importer(815301076,1909f56bfc062723c751e8b465ee728b)
Start importing Assets/FireIdle_0000s_0001_Layer-26.png using Guid(e8f1013f43591bb408b8c8c27a144748) Importer(815301076,1909f56bfc062723c751e8b465ee728b)  -> (artifact id: 'bd48677da9f0fd9fbf9c24e1cd139d5e') in 0.053733 seconds 
========================================================================
Received Import Request.
  Time since last request: 0.000027 seconds.
  path: Assets/FireIdle_0000s_0011_Layer-16.png
  artifactKey: Guid(7c722bc6d2a59dc49a25a44c603fc568) Importer(815301076,1909f56bfc062723c751e8b465ee728b)
Start importing Assets/FireIdle_0000s_0011_Layer-16.png using Guid(7c722bc6d2a59dc49a25a44c603fc568) Importer(815301076,1909f56bfc062723c751e8b465ee728b)  -> (artifact id: '157651378edaa025daa50515756f713c') in 0.047416 seconds 
========================================================================
Received Import Request.
  Time since last request: 0.000033 seconds.
  path: Assets/FireIdle_0000s_0010_Layer-17.png
  artifactKey: Guid(a6ca4a9f0c5736c44a2f424ab7a6d7b2) Importer(815301076,1909f56bfc062723c751e8b465ee728b)
Start importing Assets/FireIdle_0000s_0010_Layer-17.png using Guid(a6ca4a9f0c5736c44a2f424ab7a6d7b2) Importer(815301076,1909f56bfc062723c751e8b465ee728b)  -> (artifact id: '8bae158886302428e3af16e2357fa8bc') in 0.051477 seconds 
========================================================================
Received Import Request.
  Time since last request: 0.000053 seconds.
  path: Assets/FireIdle_0000s_0024_Layer-3.png
  artifactKey: Guid(2c74c583dc4c376488eb02c6ba3eae79) Importer(815301076,1909f56bfc062723c751e8b465ee728b)
Start importing Assets/FireIdle_0000s_0024_Layer-3.png using Guid(2c74c583dc4c376488eb02c6ba3eae79) Importer(815301076,1909f56bfc062723c751e8b465ee728b)  -> (artifact id: '67a1609ec66ccb9d7f99caffca49d26e') in 0.049169 seconds 
========================================================================
Received Import Request.
  Time since last request: 0.000023 seconds.
  path: Assets/FireIdle_0000s_0004_Layer-23.png
  artifactKey: Guid(d8a72ba625eb7d64fb3f8e07ee8922b3) Importer(815301076,1909f56bfc062723c751e8b465ee728b)
Start importing Assets/FireIdle_0000s_0004_Layer-23.png using Guid(d8a72ba625eb7d64fb3f8e07ee8922b3) Importer(815301076,1909f56bfc062723c751e8b465ee728b)  -> (artifact id: 'fcbdc6e541b2d5306f212cddcfecfad0') in 0.052387 seconds 
========================================================================
Received Import Request.
  Time since last request: 0.000037 seconds.
  path: Assets/FireIdle_0000s_0025_Layer-2.png
  artifactKey: Guid(f7a1f8fd76084114490d250bb17acf9d) Importer(815301076,1909f56bfc062723c751e8b465ee728b)
Start importing Assets/FireIdle_0000s_0025_Layer-2.png using Guid(f7a1f8fd76084114490d250bb17acf9d) Importer(815301076,1909f56bfc062723c751e8b465ee728b)  -> (artifact id: 'fa0b8d0274e33f007b07d4031c9f5948') in 0.048352 seconds 
========================================================================
Received Import Request.
  Time since last request: 0.000024 seconds.
  path: Assets/FireIdle_0000s_0007_Layer-20.png
  artifactKey: Guid(333cde9ccbd3fff44a198a041f6bd8a1) Importer(815301076,1909f56bfc062723c751e8b465ee728b)
Start importing Assets/FireIdle_0000s_0007_Layer-20.png using Guid(333cde9ccbd3fff44a198a041f6bd8a1) Importer(815301076,1909f56bfc062723c751e8b465ee728b)  -> (artifact id: 'fc8a0fd92132b3a976ec5b120b976a23') in 0.041308 seconds 
========================================================================
Received Import Request.
  Time since last request: 10.378048 seconds.
  path: Assets/IceIdle_0000s_0001_Layer-139.png
  artifactKey: Guid(78f2c0b28724d1e47b484313cc313a50) Importer(815301076,1909f56bfc062723c751e8b465ee728b)
Start importing Assets/IceIdle_0000s_0001_Layer-139.png using Guid(78f2c0b28724d1e47b484313cc313a50) Importer(815301076,1909f56bfc062723c751e8b465ee728b)  -> (artifact id: 'e1a95b76bc229f3388b18cade005edb0') in 0.047356 seconds 
========================================================================
Received Import Request.
  Time since last request: 0.000892 seconds.
  path: Assets/IceIdle_0000s_0011_Layer-129.png
  artifactKey: Guid(87396efa06ba9964cad202fef90e13b3) Importer(815301076,1909f56bfc062723c751e8b465ee728b)
Start importing Assets/IceIdle_0000s_0011_Layer-129.png using Guid(87396efa06ba9964cad202fef90e13b3) Importer(815301076,1909f56bfc062723c751e8b465ee728b)  -> (artifact id: '2baad4c2638d87254c373a32c63ad66c') in 0.045879 seconds 
========================================================================
Received Import Request.
  Time since last request: 0.000033 seconds.
  path: Assets/IceIdle_0000s_0014_Layer-126.png
  artifactKey: Guid(8a0e5658a0feb3a428312a9542d6ef64) Importer(815301076,1909f56bfc062723c751e8b465ee728b)
Start importing Assets/IceIdle_0000s_0014_Layer-126.png using Guid(8a0e5658a0feb3a428312a9542d6ef64) Importer(815301076,1909f56bfc062723c751e8b465ee728b)  -> (artifact id: '3ffe19f6078acec1e8ed08b4ed05272d') in 0.050996 seconds 
========================================================================
Received Import Request.
  Time since last request: 0.000027 seconds.
  path: Assets/IceIdle_0000s_0033_Layer-107.png
  artifactKey: Guid(24178d2aa697bdc4b8b76cd3ee8ac246) Importer(815301076,1909f56bfc062723c751e8b465ee728b)
Start importing Assets/IceIdle_0000s_0033_Layer-107.png using Guid(24178d2aa697bdc4b8b76cd3ee8ac246) Importer(815301076,1909f56bfc062723c751e8b465ee728b)  -> (artifact id: '8345426aae8ae28d1a25de87e4eab796') in 0.041364 seconds 
========================================================================
Received Import Request.
  Time since last request: 0.000022 seconds.
  path: Assets/IceIdle_0000s_0034_Layer-106.png
  artifactKey: Guid(4fd6d187c8d475b48b596c19270390a1) Importer(815301076,1909f56bfc062723c751e8b465ee728b)
Start importing Assets/IceIdle_0000s_0034_Layer-106.png using Guid(4fd6d187c8d475b48b596c19270390a1) Importer(815301076,1909f56bfc062723c751e8b465ee728b)  -> (artifact id: 'c37e3f585dfe446858a5b477558ac09a') in 0.049521 seconds 
========================================================================
Received Import Request.
  Time since last request: 0.000021 seconds.
  path: Assets/IceIdle_0000s_0024_Layer-116.png
  artifactKey: Guid(9666eeddcd407244fa69e77c8c7e577b) Importer(815301076,1909f56bfc062723c751e8b465ee728b)
Start importing Assets/IceIdle_0000s_0024_Layer-116.png using Guid(9666eeddcd407244fa69e77c8c7e577b) Importer(815301076,1909f56bfc062723c751e8b465ee728b)  -> (artifact id: '85a5d59a6ba1fb122912b019a0b35d3b') in 0.041216 seconds 
========================================================================
Received Import Request.
  Time since last request: 0.000023 seconds.
  path: Assets/IceIdle_0000s_0017_Layer-123.png
  artifactKey: Guid(45a67e39b9191014fad66fb5785bfb51) Importer(815301076,1909f56bfc062723c751e8b465ee728b)
Start importing Assets/IceIdle_0000s_0017_Layer-123.png using Guid(45a67e39b9191014fad66fb5785bfb51) Importer(815301076,1909f56bfc062723c751e8b465ee728b)  -> (artifact id: '2de8e0505a9de808fe921771eee4cf11') in 0.040400 seconds 
========================================================================
Received Import Request.
  Time since last request: 0.000027 seconds.
  path: Assets/IceIdle_0000s_0015_Layer-125.png
  artifactKey: Guid(6106ed0e8806b8f4a9a2781569d3f9ef) Importer(815301076,1909f56bfc062723c751e8b465ee728b)
Start importing Assets/IceIdle_0000s_0015_Layer-125.png using Guid(6106ed0e8806b8f4a9a2781569d3f9ef) Importer(815301076,1909f56bfc062723c751e8b465ee728b)  -> (artifact id: 'c7d58e5bc935caefc44f30b3d631e247') in 0.040046 seconds 
========================================================================
Received Import Request.
  Time since last request: 0.000031 seconds.
  path: Assets/IceIdle_0000s_0018_Layer-122.png
  artifactKey: Guid(a471ea753c3682c4f9673235cebaf834) Importer(815301076,1909f56bfc062723c751e8b465ee728b)
Start importing Assets/IceIdle_0000s_0018_Layer-122.png using Guid(a471ea753c3682c4f9673235cebaf834) Importer(815301076,1909f56bfc062723c751e8b465ee728b)  -> (artifact id: '9a39fa21e43d1891165bd1b8a6a7c5e3') in 0.045982 seconds 
========================================================================
Received Import Request.
  Time since last request: 0.000046 seconds.
  path: Assets/IceIdle_0000s_0025_Layer-115.png
  artifactKey: Guid(0223e726e9138bf46a9baa3037fbbaa9) Importer(815301076,1909f56bfc062723c751e8b465ee728b)
Start importing Assets/IceIdle_0000s_0025_Layer-115.png using Guid(0223e726e9138bf46a9baa3037fbbaa9) Importer(815301076,1909f56bfc062723c751e8b465ee728b)  -> (artifact id: '79a2ae420fe747cae2bacac035f3765e') in 0.049418 seconds 
========================================================================
Received Import Request.
  Time since last request: 0.000023 seconds.
  path: Assets/IceIdle_0000s_0029_Layer-111.png
  artifactKey: Guid(a05589e4593bfc94fa6530a5fb7a6e79) Importer(815301076,1909f56bfc062723c751e8b465ee728b)
Start importing Assets/IceIdle_0000s_0029_Layer-111.png using Guid(a05589e4593bfc94fa6530a5fb7a6e79) Importer(815301076,1909f56bfc062723c751e8b465ee728b)  -> (artifact id: '0288d91ea2546c7ab84a773116e7621a') in 0.051932 seconds 
========================================================================
Received Import Request.
  Time since last request: 0.000031 seconds.
  path: Assets/IceIdle_0000s_0028_Layer-112.png
  artifactKey: Guid(66cd7f8e4f1a0044bbb4d265d7455505) Importer(815301076,1909f56bfc062723c751e8b465ee728b)
Start importing Assets/IceIdle_0000s_0028_Layer-112.png using Guid(66cd7f8e4f1a0044bbb4d265d7455505) Importer(815301076,1909f56bfc062723c751e8b465ee728b)  -> (artifact id: '45f9201e585bed3b5f625e4bee355904') in 0.047282 seconds 
========================================================================
Received Import Request.
  Time since last request: 0.000029 seconds.
  path: Assets/IceIdle_0000s_0020_Layer-120.png
  artifactKey: Guid(e501542f8a4c50c45bde1391c188007f) Importer(815301076,1909f56bfc062723c751e8b465ee728b)
Start importing Assets/IceIdle_0000s_0020_Layer-120.png using Guid(e501542f8a4c50c45bde1391c188007f) Importer(815301076,1909f56bfc062723c751e8b465ee728b)  -> (artifact id: '208eed70b1de0918372644e3a7d96efa') in 0.046310 seconds 
========================================================================
Received Import Request.
  Time since last request: 1.879705 seconds.
  path: Assets/IceIdle_0000s_0002_Layer-138.png
  artifactKey: Guid(865caf0260ae84f4db9d202d3ff98852) Importer(815301076,1909f56bfc062723c751e8b465ee728b)
Start importing Assets/IceIdle_0000s_0002_Layer-138.png using Guid(865caf0260ae84f4db9d202d3ff98852) Importer(815301076,1909f56bfc062723c751e8b465ee728b)  -> (artifact id: 'd22241dd9bbd1d5414c97f4c2650142d') in 0.050323 seconds 
========================================================================
Received Import Request.
  Time since last request: 0.000030 seconds.
  path: Assets/IceIdle_0000s_0008_Layer-132.png
  artifactKey: Guid(2e00d3d70fb64b9459216e7b967d66d0) Importer(815301076,1909f56bfc062723c751e8b465ee728b)
Start importing Assets/IceIdle_0000s_0008_Layer-132.png using Guid(2e00d3d70fb64b9459216e7b967d66d0) Importer(815301076,1909f56bfc062723c751e8b465ee728b)  -> (artifact id: '6567a5fab2517ff5ef78799849436b90') in 0.057269 seconds 
========================================================================
Received Import Request.
  Time since last request: 0.000049 seconds.
  path: Assets/IceIdle_0000s_0010_Layer-130.png
  artifactKey: Guid(6f0df60fcf85de14097dca4f3e908221) Importer(815301076,1909f56bfc062723c751e8b465ee728b)
Start importing Assets/IceIdle_0000s_0010_Layer-130.png using Guid(6f0df60fcf85de14097dca4f3e908221) Importer(815301076,1909f56bfc062723c751e8b465ee728b)  -> (artifact id: '5330618aa70f3b28e184be905a80dbbd') in 0.057628 seconds 
========================================================================
Received Import Request.
  Time since last request: 0.000030 seconds.
  path: Assets/IceIdle_0000s_0005_Layer-135.png
  artifactKey: Guid(d518d50773b43b441a41d816dddee2bc) Importer(815301076,1909f56bfc062723c751e8b465ee728b)
Start importing Assets/IceIdle_0000s_0005_Layer-135.png using Guid(d518d50773b43b441a41d816dddee2bc) Importer(815301076,1909f56bfc062723c751e8b465ee728b)  -> (artifact id: 'd2bda79b987835b373d6255a65589230') in 0.050016 seconds 
========================================================================
Received Import Request.
  Time since last request: 10.803375 seconds.
  path: Assets/FireIdle_0000s_0001_Layer-26.png
  artifactKey: Guid(e8f1013f43591bb408b8c8c27a144748) Importer(815301076,1909f56bfc062723c751e8b465ee728b)
Start importing Assets/FireIdle_0000s_0001_Layer-26.png using Guid(e8f1013f43591bb408b8c8c27a144748) Importer(815301076,1909f56bfc062723c751e8b465ee728b)  -> (artifact id: '4bb9a135e929d053baf53aab9c517180') in 0.056197 seconds 
========================================================================
Received Import Request.
  Time since last request: 0.000031 seconds.
  path: Assets/FireIdle_0000s_0021_Layer-6.png
  artifactKey: Guid(8429b04c8d69f8241b30f007c1a484ec) Importer(815301076,1909f56bfc062723c751e8b465ee728b)
Start importing Assets/FireIdle_0000s_0021_Layer-6.png using Guid(8429b04c8d69f8241b30f007c1a484ec) Importer(815301076,1909f56bfc062723c751e8b465ee728b)  -> (artifact id: '8a26313c02ff8fa3b5c386fc22f47ccc') in 0.056003 seconds 
========================================================================
Received Import Request.
  Time since last request: 0.000040 seconds.
  path: Assets/FireIdle_0000s_0019_Layer-8.png
  artifactKey: Guid(201a712651c2fe344b2c6addd47727db) Importer(815301076,1909f56bfc062723c751e8b465ee728b)
Start importing Assets/FireIdle_0000s_0019_Layer-8.png using Guid(201a712651c2fe344b2c6addd47727db) Importer(815301076,1909f56bfc062723c751e8b465ee728b)  -> (artifact id: 'bc4a26ffb7fbd691dbbe4aea58fe59aa') in 0.075580 seconds 
========================================================================
Received Import Request.
  Time since last request: 0.000036 seconds.
  path: Assets/FireIdle_0000s_0013_Layer-14.png
  artifactKey: Guid(b59b3b2fbe3570f48b61abe3a6cfab6c) Importer(815301076,1909f56bfc062723c751e8b465ee728b)
Start importing Assets/FireIdle_0000s_0013_Layer-14.png using Guid(b59b3b2fbe3570f48b61abe3a6cfab6c) Importer(815301076,1909f56bfc062723c751e8b465ee728b)  -> (artifact id: '1a2bd7b36324b964512ac8c137addddc') in 0.076062 seconds 
========================================================================
Received Import Request.
  Time since last request: 0.000031 seconds.
  path: Assets/FireIdle_0000s_0023_Layer-4.png
  artifactKey: Guid(0741b6a52be09b74182c65f955e11da9) Importer(815301076,1909f56bfc062723c751e8b465ee728b)
Start importing Assets/FireIdle_0000s_0023_Layer-4.png using Guid(0741b6a52be09b74182c65f955e11da9) Importer(815301076,1909f56bfc062723c751e8b465ee728b)  -> (artifact id: '460b60c53478b789eb167d8d53d360b1') in 0.066933 seconds 
========================================================================
Received Import Request.
  Time since last request: 0.000034 seconds.
  path: Assets/FireIdle_0000s_0025_Layer-2.png
  artifactKey: Guid(f7a1f8fd76084114490d250bb17acf9d) Importer(815301076,1909f56bfc062723c751e8b465ee728b)
Start importing Assets/FireIdle_0000s_0025_Layer-2.png using Guid(f7a1f8fd76084114490d250bb17acf9d) Importer(815301076,1909f56bfc062723c751e8b465ee728b)  -> (artifact id: '6523726e512de4f74040a06cd214a4e0') in 0.062095 seconds 
========================================================================
Received Import Request.
  Time since last request: 10.688208 seconds.
  path: Assets/IceIdle_0000s_0012_Layer-128.png
  artifactKey: Guid(847ef4c1e8c7979499aede11113fed2f) Importer(815301076,1909f56bfc062723c751e8b465ee728b)
Start importing Assets/IceIdle_0000s_0012_Layer-128.png using Guid(847ef4c1e8c7979499aede11113fed2f) Importer(815301076,1909f56bfc062723c751e8b465ee728b)  -> (artifact id: '7a70cfec0cddafe708711fa6224f5b1d') in 0.105398 seconds 
========================================================================
Received Import Request.
  Time since last request: 0.000026 seconds.
  path: Assets/IceIdle_0000s_0019_Layer-121.png
  artifactKey: Guid(9abc47ed6fb1dad47bab990b11241f57) Importer(815301076,1909f56bfc062723c751e8b465ee728b)
Start importing Assets/IceIdle_0000s_0019_Layer-121.png using Guid(9abc47ed6fb1dad47bab990b11241f57) Importer(815301076,1909f56bfc062723c751e8b465ee728b)  -> (artifact id: '797a0f67eb2147a7b865c23a9b3e4680') in 0.082139 seconds 
========================================================================
Received Import Request.
  Time since last request: 0.000033 seconds.
  path: Assets/IceIdle_0000s_0024_Layer-116.png
  artifactKey: Guid(9666eeddcd407244fa69e77c8c7e577b) Importer(815301076,1909f56bfc062723c751e8b465ee728b)
Start importing Assets/IceIdle_0000s_0024_Layer-116.png using Guid(9666eeddcd407244fa69e77c8c7e577b) Importer(815301076,1909f56bfc062723c751e8b465ee728b)  -> (artifact id: '9106e13eed3e9c4deb75e61b6bdeacc9') in 0.047007 seconds 
========================================================================
Received Import Request.
  Time since last request: 0.000023 seconds.
  path: Assets/IceIdle_0000s_0015_Layer-125.png
  artifactKey: Guid(6106ed0e8806b8f4a9a2781569d3f9ef) Importer(815301076,1909f56bfc062723c751e8b465ee728b)
Start importing Assets/IceIdle_0000s_0015_Layer-125.png using Guid(6106ed0e8806b8f4a9a2781569d3f9ef) Importer(815301076,1909f56bfc062723c751e8b465ee728b)  -> (artifact id: '548366bee8c46e52097f412066bc8422') in 0.048665 seconds 
========================================================================
Received Import Request.
  Time since last request: 0.000019 seconds.
  path: Assets/IceIdle_0000s_0025_Layer-115.png
  artifactKey: Guid(0223e726e9138bf46a9baa3037fbbaa9) Importer(815301076,1909f56bfc062723c751e8b465ee728b)
Start importing Assets/IceIdle_0000s_0025_Layer-115.png using Guid(0223e726e9138bf46a9baa3037fbbaa9) Importer(815301076,1909f56bfc062723c751e8b465ee728b)  -> (artifact id: 'e6d47b61ae58c121a5edc89346deaf3d') in 0.045568 seconds 
========================================================================
Received Import Request.
  Time since last request: 0.000020 seconds.
  path: Assets/IceIdle_0000s_0028_Layer-112.png
  artifactKey: Guid(66cd7f8e4f1a0044bbb4d265d7455505) Importer(815301076,1909f56bfc062723c751e8b465ee728b)
Start importing Assets/IceIdle_0000s_0028_Layer-112.png using Guid(66cd7f8e4f1a0044bbb4d265d7455505) Importer(815301076,1909f56bfc062723c751e8b465ee728b)  -> (artifact id: '2d2bd37bd9522c7dc6f4944c8d8e0e91') in 0.037902 seconds 
========================================================================
Received Import Request.
  Time since last request: 19.481056 seconds.
  path: Assets/PoisonIdle_0013_Layer-57.png
  artifactKey: Guid(be48d88302b558647820801154e21521) Importer(815301076,1909f56bfc062723c751e8b465ee728b)
Start importing Assets/PoisonIdle_0013_Layer-57.png using Guid(be48d88302b558647820801154e21521) Importer(815301076,1909f56bfc062723c751e8b465ee728b)  -> (artifact id: '730d473c439d76a1a6d9536d6d3637fe') in 0.088668 seconds 
========================================================================
Received Import Request.
  Time since last request: 0.000022 seconds.
  path: Assets/PoisonIdle_0017_Layer-53.png
  artifactKey: Guid(4bd8953e68fa0034687ed92a49d5c419) Importer(815301076,1909f56bfc062723c751e8b465ee728b)
Start importing Assets/PoisonIdle_0017_Layer-53.png using Guid(4bd8953e68fa0034687ed92a49d5c419) Importer(815301076,1909f56bfc062723c751e8b465ee728b)  -> (artifact id: '7aa2042fcf63a947c7753456aa251e02') in 0.079175 seconds 
========================================================================
Received Import Request.
  Time since last request: 0.000027 seconds.
  path: Assets/PoisonIdle_0031_Layer-39.png
  artifactKey: Guid(ec2ebf677c45a664698623bb21792b92) Importer(815301076,1909f56bfc062723c751e8b465ee728b)
Start importing Assets/PoisonIdle_0031_Layer-39.png using Guid(ec2ebf677c45a664698623bb21792b92) Importer(815301076,1909f56bfc062723c751e8b465ee728b)  -> (artifact id: '707c48bc7762623220c2aaa8a870e9f6') in 0.045649 seconds 
========================================================================
Received Import Request.
  Time since last request: 0.000064 seconds.
  path: Assets/PoisonIdle_0025_Layer-45.png
  artifactKey: Guid(33d13b9d43db657479e3b33b4060fd0d) Importer(815301076,1909f56bfc062723c751e8b465ee728b)
Start importing Assets/PoisonIdle_0025_Layer-45.png using Guid(33d13b9d43db657479e3b33b4060fd0d) Importer(815301076,1909f56bfc062723c751e8b465ee728b)  -> (artifact id: '12673a15747c5a595640d414adc13b1c') in 0.050646 seconds 
========================================================================
Received Import Request.
  Time since last request: 0.000024 seconds.
  path: Assets/PoisonIdle_0039_Layer-31.png
  artifactKey: Guid(ec6debd8878094d46841af0fda387bc0) Importer(815301076,1909f56bfc062723c751e8b465ee728b)
Start importing Assets/PoisonIdle_0039_Layer-31.png using Guid(ec6debd8878094d46841af0fda387bc0) Importer(815301076,1909f56bfc062723c751e8b465ee728b)  -> (artifact id: '46b89b15438790d3b73c4d34f9801483') in 0.045159 seconds 
========================================================================
Received Import Request.
  Time since last request: 0.000023 seconds.
  path: Assets/PoisonIdle_0027_Layer-43.png
  artifactKey: Guid(fdde2837c19ee3e4da690e48b0b5a8c4) Importer(815301076,1909f56bfc062723c751e8b465ee728b)
Start importing Assets/PoisonIdle_0027_Layer-43.png using Guid(fdde2837c19ee3e4da690e48b0b5a8c4) Importer(815301076,1909f56bfc062723c751e8b465ee728b)  -> (artifact id: '07b6af1f3382e45fbccce0d6471972d0') in 0.044810 seconds 
========================================================================
Received Import Request.
  Time since last request: 0.000026 seconds.
  path: Assets/PoisonIdle_0018_Layer-52.png
  artifactKey: Guid(e72d846421370764d8eeb9b5fd34f4ab) Importer(815301076,1909f56bfc062723c751e8b465ee728b)
Start importing Assets/PoisonIdle_0018_Layer-52.png using Guid(e72d846421370764d8eeb9b5fd34f4ab) Importer(815301076,1909f56bfc062723c751e8b465ee728b)  -> (artifact id: 'c3100265e8aa6813ea400bf81bfb38e3') in 0.054314 seconds 
========================================================================
Received Import Request.
  Time since last request: 6.307225 seconds.
  path: Assets/StormIdle_0000s_0001_Layer-154.png
  artifactKey: Guid(a806631906e5411438b146e3ce755dd3) Importer(815301076,1909f56bfc062723c751e8b465ee728b)
Start importing Assets/StormIdle_0000s_0001_Layer-154.png using Guid(a806631906e5411438b146e3ce755dd3) Importer(815301076,1909f56bfc062723c751e8b465ee728b)  -> (artifact id: '39794003b85f393bd39e9129abc895e6') in 0.069331 seconds 
========================================================================
Received Import Request.
  Time since last request: 0.000034 seconds.
  path: Assets/StormIdle_0000s_0013_Layer-142.png
  artifactKey: Guid(92df46d4a43160f498698428cf6a6415) Importer(815301076,1909f56bfc062723c751e8b465ee728b)
Start importing Assets/StormIdle_0000s_0013_Layer-142.png using Guid(92df46d4a43160f498698428cf6a6415) Importer(815301076,1909f56bfc062723c751e8b465ee728b)  -> (artifact id: 'f4604938a21b592d001ae444b531f8c9') in 0.091399 seconds 
========================================================================
Received Import Request.
  Time since last request: 0.000045 seconds.
  path: Assets/StormIdle_0000s_0008_Layer-147.png
  artifactKey: Guid(669d3b2ab3dbfc54a9fa4e4441fb6815) Importer(815301076,1909f56bfc062723c751e8b465ee728b)
Start importing Assets/StormIdle_0000s_0008_Layer-147.png using Guid(669d3b2ab3dbfc54a9fa4e4441fb6815) Importer(815301076,1909f56bfc062723c751e8b465ee728b)  -> (artifact id: '2587f96e5bfc9a9491769f2f0981ce26') in 0.062637 seconds 
========================================================================
Received Import Request.
  Time since last request: 0.000036 seconds.
  path: Assets/StormIdle_0000s_0006_Layer-149.png
  artifactKey: Guid(8a49c2fc43e073d48a897f5ccdd76793) Importer(815301076,1909f56bfc062723c751e8b465ee728b)
Start importing Assets/StormIdle_0000s_0006_Layer-149.png using Guid(8a49c2fc43e073d48a897f5ccdd76793) Importer(815301076,1909f56bfc062723c751e8b465ee728b)  -> (artifact id: '99613981551176f913f1c786fabc2a39') in 0.050323 seconds 
========================================================================
Received Prepare
Registering precompiled user dll's ...
Registered in 0.013610 seconds.
Begin MonoManager ReloadAssembly
Symbol file LoadedFromMemory doesn't match image C:\Users\lny\Desktop\COMP602\Mythics ()1)\Library\PackageCache\com.unity.visualscripting@1.8.0\Editor\VisualScripting.Core\Dependencies\YamlDotNet\Unity.VisualScripting.YamlDotNet.dll
Symbol file LoadedFromMemory doesn't match image C:\Users\lny\Desktop\COMP602\Mythics ()1)\Library\PackageCache\com.unity.visualscripting@1.8.0\Editor\VisualScripting.Core\Dependencies\DotNetZip\Unity.VisualScripting.IonicZip.dll
Native extension for WindowsStandalone target not found
Refreshing native plugins compatible for Editor in 1.28 ms, found 4 plugins.
Preloading 0 native plugins for Editor in 0.00 ms.
Mono: successfully reloaded assembly
- Completed reload, in  1.737 seconds
Domain Reload Profiling:
	ReloadAssembly (1738ms)
		BeginReloadAssembly (235ms)
			ExecutionOrderSort (0ms)
			DisableScriptedObjects (10ms)
			BackupInstance (0ms)
			ReleaseScriptingObjects (0ms)
			CreateAndSetChildDomain (57ms)
		EndReloadAssembly (1326ms)
			LoadAssemblies (174ms)
			RebuildTransferFunctionScriptingTraits (0ms)
			SetupTypeCache (373ms)
			ReleaseScriptCaches (3ms)
			RebuildScriptCaches (73ms)
			SetupLoadedEditorAssemblies (638ms)
				LogAssemblyErrors (0ms)
				InitializePlatformSupportModulesInManaged (12ms)
				SetLoadedEditorAssemblies (1ms)
				RefreshPlugins (1ms)
				BeforeProcessingInitializeOnLoad (160ms)
				ProcessInitializeOnLoadAttributes (370ms)
				ProcessInitializeOnLoadMethodAttributes (69ms)
				AfterProcessingInitializeOnLoad (25ms)
				EditorAssembliesLoaded (0ms)
			ExecutionOrderSort2 (0ms)
			AwakeInstancesAfterBackupRestoration (20ms)
Platform modules already initialized, skipping
Refreshing native plugins compatible for Editor in 3.68 ms, found 4 plugins.
Preloading 0 native plugins for Editor in 0.00 ms.
Unloading 3785 Unused Serialized files (Serialized files now loaded: 0)
Unloading 22 unused Assets / (21.9 KB). Loaded Objects now: 4269.
Memory consumption went from 147.8 MB to 147.8 MB.
Total: 7.716400 ms (FindLiveObjects: 0.360300 ms CreateObjectMapping: 0.269400 ms MarkObjects: 7.058500 ms  DeleteObjects: 0.026900 ms)

AssetImportParameters requested are different than current active one (requested -> active):
  custom:video-decoder-ogg-theora: a1e56fd34408186e4bbccfd4996cb3dc -> 
  custom:container-muxer-webm: aa71ff27fc2769a1b78a27578f13a17b -> 
  custom:container-demuxer-webm: 4f35f7cbe854078d1ac9338744f61a02 -> 
  custom:video-encoder-webm-vp8: eb34c28f22e8b96e1ab97ce403110664 -> 
  custom:video-codec-MediaFoundation-h265: 746d11721c4dcdbdad8f713fa42b33f4 -> 
  custom:CustomObjectIndexerAttribute: bc11b3a6c3213fcdd17b65e7da85e133 -> 
  custom:audio-encoder-webm-vorbis: bf7c407c2cedff20999df2af8eb42d56 -> 
  custom:framework-win-MediaFoundation: 216162199b28c13a410421893ffa2e32 -> 
  custom:container-demuxer-ogg: 62fdf1f143b41e24485cea50d1cbac27 -> 
  custom:video-decoder-webm-vp8: 9c59270c3fd7afecdb556c50c9e8de78 -> 
  custom:audio-decoder-ogg-vorbis: bf7c407c2cedff20999df2af8eb42d56 -> 
========================================================================
Received Prepare
Registering precompiled user dll's ...
Registered in 0.012953 seconds.
Begin MonoManager ReloadAssembly
Symbol file LoadedFromMemory doesn't match image C:\Users\lny\Desktop\COMP602\Mythics ()1)\Library\PackageCache\com.unity.visualscripting@1.8.0\Editor\VisualScripting.Core\Dependencies\YamlDotNet\Unity.VisualScripting.YamlDotNet.dll
Symbol file LoadedFromMemory doesn't match image C:\Users\lny\Desktop\COMP602\Mythics ()1)\Library\PackageCache\com.unity.visualscripting@1.8.0\Editor\VisualScripting.Core\Dependencies\DotNetZip\Unity.VisualScripting.IonicZip.dll
Native extension for WindowsStandalone target not found
Refreshing native plugins compatible for Editor in 1.03 ms, found 4 plugins.
Preloading 0 native plugins for Editor in 0.00 ms.
Mono: successfully reloaded assembly
- Completed reload, in  1.873 seconds
Domain Reload Profiling:
	ReloadAssembly (1874ms)
		BeginReloadAssembly (315ms)
			ExecutionOrderSort (0ms)
			DisableScriptedObjects (9ms)
			BackupInstance (0ms)
			ReleaseScriptingObjects (0ms)
			CreateAndSetChildDomain (44ms)
		EndReloadAssembly (1368ms)
			LoadAssemblies (267ms)
			RebuildTransferFunctionScriptingTraits (0ms)
			SetupTypeCache (657ms)
			ReleaseScriptCaches (2ms)
			RebuildScriptCaches (63ms)
			SetupLoadedEditorAssemblies (454ms)
				LogAssemblyErrors (0ms)
				InitializePlatformSupportModulesInManaged (12ms)
				SetLoadedEditorAssemblies (1ms)
				RefreshPlugins (1ms)
				BeforeProcessingInitializeOnLoad (124ms)
				ProcessInitializeOnLoadAttributes (253ms)
				ProcessInitializeOnLoadMethodAttributes (45ms)
				AfterProcessingInitializeOnLoad (18ms)
				EditorAssembliesLoaded (0ms)
			ExecutionOrderSort2 (0ms)
			AwakeInstancesAfterBackupRestoration (11ms)
Platform modules already initialized, skipping
Refreshing native plugins compatible for Editor in 3.31 ms, found 4 plugins.
Preloading 0 native plugins for Editor in 0.00 ms.
Unloading 3785 Unused Serialized files (Serialized files now loaded: 0)
Unloading 22 unused Assets / (21.9 KB). Loaded Objects now: 4272.
Memory consumption went from 147.8 MB to 147.8 MB.
Total: 4.462500 ms (FindLiveObjects: 0.510200 ms CreateObjectMapping: 0.322800 ms MarkObjects: 3.594200 ms  DeleteObjects: 0.033900 ms)

AssetImportParameters requested are different than current active one (requested -> active):
  custom:video-decoder-ogg-theora: a1e56fd34408186e4bbccfd4996cb3dc -> 
  custom:container-muxer-webm: aa71ff27fc2769a1b78a27578f13a17b -> 
  custom:container-demuxer-webm: 4f35f7cbe854078d1ac9338744f61a02 -> 
  custom:video-encoder-webm-vp8: eb34c28f22e8b96e1ab97ce403110664 -> 
  custom:video-codec-MediaFoundation-h265: 746d11721c4dcdbdad8f713fa42b33f4 -> 
  custom:CustomObjectIndexerAttribute: bc11b3a6c3213fcdd17b65e7da85e133 -> 
  custom:audio-encoder-webm-vorbis: bf7c407c2cedff20999df2af8eb42d56 -> 
  custom:framework-win-MediaFoundation: 216162199b28c13a410421893ffa2e32 -> 
  custom:container-demuxer-ogg: 62fdf1f143b41e24485cea50d1cbac27 -> 
  custom:video-decoder-webm-vp8: 9c59270c3fd7afecdb556c50c9e8de78 -> 
  custom:audio-decoder-ogg-vorbis: bf7c407c2cedff20999df2af8eb42d56 -> 
========================================================================
Received Import Request.
  Time since last request: 183.679233 seconds.
  path: Assets/IceIdle_0000s_0008_Layer-132.png
  artifactKey: Guid(2e00d3d70fb64b9459216e7b967d66d0) Importer(815301076,1909f56bfc062723c751e8b465ee728b)
Start importing Assets/IceIdle_0000s_0008_Layer-132.png using Guid(2e00d3d70fb64b9459216e7b967d66d0) Importer(815301076,1909f56bfc062723c751e8b465ee728b)  -> (artifact id: '1b6418a2c4ef5a7aafc7be8ee8227f90') in 0.123824 seconds 
========================================================================
Received Import Request.
  Time since last request: 0.000028 seconds.
  path: Assets/IceIdle_0000s_0002_Layer-138.png
  artifactKey: Guid(865caf0260ae84f4db9d202d3ff98852) Importer(815301076,1909f56bfc062723c751e8b465ee728b)
Start importing Assets/IceIdle_0000s_0002_Layer-138.png using Guid(865caf0260ae84f4db9d202d3ff98852) Importer(815301076,1909f56bfc062723c751e8b465ee728b)  -> (artifact id: '9aa1343f29266503732628bbdf366fb7') in 0.049362 seconds 
========================================================================
Received Import Request.
  Time since last request: 0.000048 seconds.
  path: Assets/IceIdle_0000s_0007_Layer-133.png
  artifactKey: Guid(5c7f076e54d7c8b4ab1469b58d52535a) Importer(815301076,1909f56bfc062723c751e8b465ee728b)
Start importing Assets/IceIdle_0000s_0007_Layer-133.png using Guid(5c7f076e54d7c8b4ab1469b58d52535a) Importer(815301076,1909f56bfc062723c751e8b465ee728b)  -> (artifact id: '62f91124a2a3eba45568bf7ec00a6625') in 0.054369 seconds 
========================================================================
Received Import Request.
  Time since last request: 0.000036 seconds.
  path: Assets/IceIdle_0000s_0005_Layer-135.png
  artifactKey: Guid(d518d50773b43b441a41d816dddee2bc) Importer(815301076,1909f56bfc062723c751e8b465ee728b)
Start importing Assets/IceIdle_0000s_0005_Layer-135.png using Guid(d518d50773b43b441a41d816dddee2bc) Importer(815301076,1909f56bfc062723c751e8b465ee728b)  -> (artifact id: '3e762e1a94240bfa3de964064ef74092') in 0.055462 seconds 
========================================================================
Received Import Request.
  Time since last request: 0.000041 seconds.
  path: Assets/IceIdle_0000s_0006_Layer-134.png
  artifactKey: Guid(ca0b77042edb20e4e84213e5ac2acc0e) Importer(815301076,1909f56bfc062723c751e8b465ee728b)
Start importing Assets/IceIdle_0000s_0006_Layer-134.png using Guid(ca0b77042edb20e4e84213e5ac2acc0e) Importer(815301076,1909f56bfc062723c751e8b465ee728b)  -> (artifact id: '55c9086a6a1e73f8d6772f8592be02ac') in 0.051258 seconds 
Editor requested this worker to shutdown with reason: Scaling down because of idle timeout
AssetImportWorker is now disconnected from the server
Process exiting
Exiting without the bug reporter. Application will terminate with return code 0