Using pre-set license
Built from '2021.3/staging' branch; Version is '2021.3.29f1 (204d6dc9ae1c) revision 2116973'; Using compiler version '192829333'; Build Type 'Release'
OS: 'Windows 10  (10.0.19045) 64bit Core' Language: 'zh' Physical Memory: 32429 MB
BatchMode: 1, IsHumanControllingUs: 0, StartBugReporterOnCrash: 0, Is64bit: 1, IsPro: 1

COMMAND LINE ARGUMENTS:
C:\unity\2021.3.29f1\Editor\Unity.exe
-adb2
-batchMode
-noUpm
-name
AssetImportWorker8
-projectPath
C:/Users/lny/Desktop/COMP602/Mythics ()1)
-logFile
Logs/AssetImportWorker8.log
-srvPort
49669
Successfully changed project path to: C:/Users/lny/Desktop/COMP602/Mythics ()1)
C:/Users/lny/Desktop/COMP602/Mythics ()1)
[UnityMemory] Configuration Parameters - Can be set up in boot.config
    "memorysetup-bucket-allocator-granularity=16"
    "memorysetup-bucket-allocator-bucket-count=8"
    "memorysetup-bucket-allocator-block-size=33554432"
    "memorysetup-bucket-allocator-block-count=8"
    "memorysetup-main-allocator-block-size=16777216"
    "memorysetup-thread-allocator-block-size=16777216"
    "memorysetup-gfx-main-allocator-block-size=16777216"
    "memorysetup-gfx-thread-allocator-block-size=16777216"
    "memorysetup-cache-allocator-block-size=4194304"
    "memorysetup-typetree-allocator-block-size=2097152"
    "memorysetup-profiler-bucket-allocator-granularity=16"
    "memorysetup-profiler-bucket-allocator-bucket-count=8"
    "memorysetup-profiler-bucket-allocator-block-size=33554432"
    "memorysetup-profiler-bucket-allocator-block-count=8"
    "memorysetup-profiler-allocator-block-size=16777216"
    "memorysetup-profiler-editor-allocator-block-size=1048576"
    "memorysetup-temp-allocator-size-main=16777216"
    "memorysetup-job-temp-allocator-block-size=2097152"
    "memorysetup-job-temp-allocator-block-size-background=1048576"
    "memorysetup-job-temp-allocator-reduction-small-platforms=262144"
    "memorysetup-temp-allocator-size-background-worker=32768"
    "memorysetup-temp-allocator-size-job-worker=262144"
    "memorysetup-temp-allocator-size-preload-manager=33554432"
    "memorysetup-temp-allocator-size-nav-mesh-worker=65536"
    "memorysetup-temp-allocator-size-audio-worker=65536"
    "memorysetup-temp-allocator-size-cloud-worker=32768"
    "memorysetup-temp-allocator-size-gi-baking-worker=262144"
    "memorysetup-temp-allocator-size-gfx=262144"
Player connection [2876] Host "[IP] 192.168.1.228 [Port] 0 [Flags] 2 [Guid] 431863808 [EditorId] 431863808 [Version] 1048832 [Id] WindowsEditor(7,DESKTOP-UVGHRJR) [Debug] 1 [PackageName] WindowsEditor [ProjectName] Editor" joined multi-casting on [225.0.0.222:54997]...

Player connection [2876] Host "[IP] 192.168.1.228 [Port] 0 [Flags] 2 [Guid] 431863808 [EditorId] 431863808 [Version] 1048832 [Id] WindowsEditor(7,DESKTOP-UVGHRJR) [Debug] 1 [PackageName] WindowsEditor [ProjectName] Editor" joined alternative multi-casting on [225.0.0.222:34997]...

Refreshing native plugins compatible for Editor in 209.83 ms, found 4 plugins.
Preloading 0 native plugins for Editor in 0.00 ms.
Initialize engine version: 2021.3.29f1 (204d6dc9ae1c)
[Subsystems] Discovering subsystems at path C:/unity/2021.3.29f1/Editor/Data/Resources/UnitySubsystems
[Subsystems] Discovering subsystems at path C:/Users/lny/Desktop/COMP602/Mythics ()1)/Assets
GfxDevice: creating device client; threaded=0; jobified=0
Direct3D:
    Version:  Direct3D 11.0 [level 11.1]
    Renderer: NVIDIA GeForce RTX 3080 Laptop GPU (ID=0x24dc)
    Vendor:   NVIDIA
    VRAM:     16191 MB
    Driver:   31.0.15.3699
Initialize mono
Mono path[0] = 'C:/unity/2021.3.29f1/Editor/Data/Managed'
Mono path[1] = 'C:/unity/2021.3.29f1/Editor/Data/MonoBleedingEdge/lib/mono/unityjit-win32'
Mono config path = 'C:/unity/2021.3.29f1/Editor/Data/MonoBleedingEdge/etc'
Using monoOptions --debugger-agent=transport=dt_socket,embedding=1,server=y,suspend=n,address=127.0.0.1:56392
Begin MonoManager ReloadAssembly
Registering precompiled unity dll's ...
Register platform support module: C:/unity/2021.3.29f1/Editor/Data/PlaybackEngines/WindowsStandaloneSupport/UnityEditor.WindowsStandalone.Extensions.dll
Registered in 0.010702 seconds.
Native extension for WindowsStandalone target not found
Refreshing native plugins compatible for Editor in 126.99 ms, found 4 plugins.
Preloading 0 native plugins for Editor in 0.00 ms.
Mono: successfully reloaded assembly
- Completed reload, in  0.932 seconds
Domain Reload Profiling:
	ReloadAssembly (933ms)
		BeginReloadAssembly (140ms)
			ExecutionOrderSort (0ms)
			DisableScriptedObjects (0ms)
			BackupInstance (0ms)
			ReleaseScriptingObjects (0ms)
			CreateAndSetChildDomain (1ms)
		EndReloadAssembly (644ms)
			LoadAssemblies (136ms)
			RebuildTransferFunctionScriptingTraits (0ms)
			SetupTypeCache (156ms)
			ReleaseScriptCaches (0ms)
			RebuildScriptCaches (36ms)
			SetupLoadedEditorAssemblies (376ms)
				LogAssemblyErrors (0ms)
				InitializePlatformSupportModulesInManaged (12ms)
				SetLoadedEditorAssemblies (0ms)
				RefreshPlugins (127ms)
				BeforeProcessingInitializeOnLoad (1ms)
				ProcessInitializeOnLoadAttributes (182ms)
				ProcessInitializeOnLoadMethodAttributes (54ms)
				AfterProcessingInitializeOnLoad (0ms)
				EditorAssembliesLoaded (0ms)
			ExecutionOrderSort2 (0ms)
			AwakeInstancesAfterBackupRestoration (0ms)
Platform modules already initialized, skipping
Registering precompiled user dll's ...
Registered in 0.014835 seconds.
Begin MonoManager ReloadAssembly
Symbol file LoadedFromMemory doesn't match image C:\Users\lny\Desktop\COMP602\Mythics ()1)\Library\PackageCache\com.unity.visualscripting@1.8.0\Editor\VisualScripting.Core\Dependencies\YamlDotNet\Unity.VisualScripting.YamlDotNet.dll
Symbol file LoadedFromMemory doesn't match image C:\Users\lny\Desktop\COMP602\Mythics ()1)\Library\PackageCache\com.unity.visualscripting@1.8.0\Editor\VisualScripting.Core\Dependencies\DotNetZip\Unity.VisualScripting.IonicZip.dll
Native extension for WindowsStandalone target not found
Refreshing native plugins compatible for Editor in 145.19 ms, found 4 plugins.
Preloading 0 native plugins for Editor in 0.00 ms.
Mono: successfully reloaded assembly
- Completed reload, in  1.929 seconds
Domain Reload Profiling:
	ReloadAssembly (1930ms)
		BeginReloadAssembly (231ms)
			ExecutionOrderSort (0ms)
			DisableScriptedObjects (8ms)
			BackupInstance (0ms)
			ReleaseScriptingObjects (0ms)
			CreateAndSetChildDomain (38ms)
		EndReloadAssembly (1469ms)
			LoadAssemblies (186ms)
			RebuildTransferFunctionScriptingTraits (0ms)
			SetupTypeCache (391ms)
			ReleaseScriptCaches (1ms)
			RebuildScriptCaches (104ms)
			SetupLoadedEditorAssemblies (736ms)
				LogAssemblyErrors (0ms)
				InitializePlatformSupportModulesInManaged (8ms)
				SetLoadedEditorAssemblies (0ms)
				RefreshPlugins (145ms)
				BeforeProcessingInitializeOnLoad (175ms)
				ProcessInitializeOnLoadAttributes (330ms)
				ProcessInitializeOnLoadMethodAttributes (57ms)
				AfterProcessingInitializeOnLoad (20ms)
				EditorAssembliesLoaded (0ms)
			ExecutionOrderSort2 (0ms)
			AwakeInstancesAfterBackupRestoration (13ms)
Platform modules already initialized, skipping
========================================================================
Worker process is ready to serve import requests
Launched and connected shader compiler UnityShaderCompiler.exe after 0.06 seconds
Refreshing native plugins compatible for Editor in 0.71 ms, found 4 plugins.
Preloading 0 native plugins for Editor in 0.00 ms.
Unloading 3796 Unused Serialized files (Serialized files now loaded: 0)
Unloading 35 unused Assets / (46.8 KB). Loaded Objects now: 4256.
Memory consumption went from 144.5 MB to 144.4 MB.
Total: 3.053900 ms (FindLiveObjects: 0.289400 ms CreateObjectMapping: 0.114200 ms MarkObjects: 2.563300 ms  DeleteObjects: 0.086000 ms)

AssetImportParameters requested are different than current active one (requested -> active):
  custom:video-decoder-ogg-theora: a1e56fd34408186e4bbccfd4996cb3dc -> 
  custom:container-muxer-webm: aa71ff27fc2769a1b78a27578f13a17b -> 
  custom:container-demuxer-webm: 4f35f7cbe854078d1ac9338744f61a02 -> 
  custom:video-encoder-webm-vp8: eb34c28f22e8b96e1ab97ce403110664 -> 
  custom:video-codec-MediaFoundation-h265: 746d11721c4dcdbdad8f713fa42b33f4 -> 
  custom:CustomObjectIndexerAttribute: bc11b3a6c3213fcdd17b65e7da85e133 -> 
  custom:audio-encoder-webm-vorbis: bf7c407c2cedff20999df2af8eb42d56 -> 
  custom:framework-win-MediaFoundation: 216162199b28c13a410421893ffa2e32 -> 
  custom:container-demuxer-ogg: 62fdf1f143b41e24485cea50d1cbac27 -> 
  custom:video-decoder-webm-vp8: 9c59270c3fd7afecdb556c50c9e8de78 -> 
  custom:audio-decoder-ogg-vorbis: bf7c407c2cedff20999df2af8eb42d56 -> 
========================================================================
Received Import Request.
  Time since last request: 1448517.437529 seconds.
  path: Assets/IceIdle_0000s_0000_Layer-140.png
  artifactKey: Guid(9fec7d4afeaf9fc4888ef1bc5fb5e765) Importer(815301076,1909f56bfc062723c751e8b465ee728b)
Start importing Assets/IceIdle_0000s_0000_Layer-140.png using Guid(9fec7d4afeaf9fc4888ef1bc5fb5e765) Importer(815301076,1909f56bfc062723c751e8b465ee728b)  -> (artifact id: '0564ed6345076e1e07a2570ca932aee7') in 0.230974 seconds 
========================================================================
Received Import Request.
  Time since last request: 0.000042 seconds.
  path: Assets/IceIdle_0000s_0006_Layer-134.png
  artifactKey: Guid(ca0b77042edb20e4e84213e5ac2acc0e) Importer(815301076,1909f56bfc062723c751e8b465ee728b)
Start importing Assets/IceIdle_0000s_0006_Layer-134.png using Guid(ca0b77042edb20e4e84213e5ac2acc0e) Importer(815301076,1909f56bfc062723c751e8b465ee728b)  -> (artifact id: '9a4c1841d746b518d5aeac144565180a') in 0.044912 seconds 
========================================================================
Received Import Request.
  Time since last request: 3.203064 seconds.
  path: Assets/FireIdle_0000s_0000_Layer-27.png
  artifactKey: Guid(2c15b11431b89be4484cc017931cadf4) Importer(815301076,1909f56bfc062723c751e8b465ee728b)
Start importing Assets/FireIdle_0000s_0000_Layer-27.png using Guid(2c15b11431b89be4484cc017931cadf4) Importer(815301076,1909f56bfc062723c751e8b465ee728b)  -> (artifact id: '9269fd0d14b8192916ece9b31d14c537') in 0.044799 seconds 
========================================================================
Received Import Request.
  Time since last request: 7.434112 seconds.
  path: Assets/FireIdle_0000s_0022_Layer-5.png
  artifactKey: Guid(4d6312cb024044743ab48fc6087647f1) Importer(815301076,1909f56bfc062723c751e8b465ee728b)
Start importing Assets/FireIdle_0000s_0022_Layer-5.png using Guid(4d6312cb024044743ab48fc6087647f1) Importer(815301076,1909f56bfc062723c751e8b465ee728b)  -> (artifact id: 'e25161968caa56187364a77ed1a44cb8') in 0.052980 seconds 
========================================================================
Received Import Request.
  Time since last request: 0.004956 seconds.
  path: Assets/FireIdle_0000s_0000_Layer-27.png
  artifactKey: Guid(2c15b11431b89be4484cc017931cadf4) Importer(815301076,1909f56bfc062723c751e8b465ee728b)
Start importing Assets/FireIdle_0000s_0000_Layer-27.png using Guid(2c15b11431b89be4484cc017931cadf4) Importer(815301076,1909f56bfc062723c751e8b465ee728b)  -> (artifact id: 'c7e665cb5c5441f56c13b2410ab50044') in 0.063610 seconds 
========================================================================
Received Import Request.
  Time since last request: 0.000035 seconds.
  path: Assets/FireIdle_0000s_0026_Layer-1.png
  artifactKey: Guid(516f6403364aa9144a3924ff780ce355) Importer(815301076,1909f56bfc062723c751e8b465ee728b)
Start importing Assets/FireIdle_0000s_0026_Layer-1.png using Guid(516f6403364aa9144a3924ff780ce355) Importer(815301076,1909f56bfc062723c751e8b465ee728b)  -> (artifact id: 'c49ae817f0510f71e1f6178656995bad') in 0.080480 seconds 
========================================================================
Received Import Request.
  Time since last request: 0.000053 seconds.
  path: Assets/FireIdle_0000s_0014_Layer-13.png
  artifactKey: Guid(ec25d1f34a7176540a7c47cca06316c8) Importer(815301076,1909f56bfc062723c751e8b465ee728b)
Start importing Assets/FireIdle_0000s_0014_Layer-13.png using Guid(ec25d1f34a7176540a7c47cca06316c8) Importer(815301076,1909f56bfc062723c751e8b465ee728b)  -> (artifact id: '456ac9e015ee496128522870a6d57ef0') in 0.061365 seconds 
========================================================================
Received Import Request.
  Time since last request: 0.000028 seconds.
  path: Assets/FireIdle_0000s_0020_Layer-7.png
  artifactKey: Guid(b6e96463175f38541be71bf02523e63f) Importer(815301076,1909f56bfc062723c751e8b465ee728b)
Start importing Assets/FireIdle_0000s_0020_Layer-7.png using Guid(b6e96463175f38541be71bf02523e63f) Importer(815301076,1909f56bfc062723c751e8b465ee728b)  -> (artifact id: '52f883543cafa1a5e46ee0fcc0b3605e') in 0.082268 seconds 
========================================================================
Received Import Request.
  Time since last request: 0.000035 seconds.
  path: Assets/FireIdle_0000s_0024_Layer-3.png
  artifactKey: Guid(2c74c583dc4c376488eb02c6ba3eae79) Importer(815301076,1909f56bfc062723c751e8b465ee728b)
Start importing Assets/FireIdle_0000s_0024_Layer-3.png using Guid(2c74c583dc4c376488eb02c6ba3eae79) Importer(815301076,1909f56bfc062723c751e8b465ee728b)  -> (artifact id: 'd1f759b85abdf41d461a5d205d500cba') in 0.077912 seconds 
========================================================================
Received Import Request.
  Time since last request: 0.000036 seconds.
  path: Assets/FireIdle_0000s_0005_Layer-22.png
  artifactKey: Guid(abbfc19228cc4e54d930eabdfa0d45ec) Importer(815301076,1909f56bfc062723c751e8b465ee728b)
Start importing Assets/FireIdle_0000s_0005_Layer-22.png using Guid(abbfc19228cc4e54d930eabdfa0d45ec) Importer(815301076,1909f56bfc062723c751e8b465ee728b)  -> (artifact id: 'eb6301512ca483077f1f9f7b5d7b6430') in 0.050379 seconds 
========================================================================
Received Import Request.
  Time since last request: 10.610836 seconds.
  path: Assets/IceIdle_0000s_0001_Layer-139.png
  artifactKey: Guid(78f2c0b28724d1e47b484313cc313a50) Importer(815301076,1909f56bfc062723c751e8b465ee728b)
Start importing Assets/IceIdle_0000s_0001_Layer-139.png using Guid(78f2c0b28724d1e47b484313cc313a50) Importer(815301076,1909f56bfc062723c751e8b465ee728b)  -> (artifact id: '3d2d6948201e37826b031310c08e8ffa') in 0.049696 seconds 
========================================================================
Received Import Request.
  Time since last request: 0.000023 seconds.
  path: Assets/IceIdle_0000s_0011_Layer-129.png
  artifactKey: Guid(87396efa06ba9964cad202fef90e13b3) Importer(815301076,1909f56bfc062723c751e8b465ee728b)
Start importing Assets/IceIdle_0000s_0011_Layer-129.png using Guid(87396efa06ba9964cad202fef90e13b3) Importer(815301076,1909f56bfc062723c751e8b465ee728b)  -> (artifact id: '08252cab9d2650ec31d455ab379f0b4a') in 0.068440 seconds 
========================================================================
Received Import Request.
  Time since last request: 0.000033 seconds.
  path: Assets/IceIdle_0000s_0033_Layer-107.png
  artifactKey: Guid(24178d2aa697bdc4b8b76cd3ee8ac246) Importer(815301076,1909f56bfc062723c751e8b465ee728b)
Start importing Assets/IceIdle_0000s_0033_Layer-107.png using Guid(24178d2aa697bdc4b8b76cd3ee8ac246) Importer(815301076,1909f56bfc062723c751e8b465ee728b)  -> (artifact id: 'a70a489fac920b26ecf8216ddfb9f82a') in 0.088971 seconds 
========================================================================
Received Import Request.
  Time since last request: 0.000043 seconds.
  path: Assets/IceIdle_0000s_0022_Layer-118.png
  artifactKey: Guid(396a729b361a86d4481ed03a7dd0768d) Importer(815301076,1909f56bfc062723c751e8b465ee728b)
Start importing Assets/IceIdle_0000s_0022_Layer-118.png using Guid(396a729b361a86d4481ed03a7dd0768d) Importer(815301076,1909f56bfc062723c751e8b465ee728b)  -> (artifact id: '21d8200643e8ae9fdad75cb96116d880') in 0.067510 seconds 
========================================================================
Received Import Request.
  Time since last request: 0.000023 seconds.
  path: Assets/IceIdle_0000s_0031_Layer-109.png
  artifactKey: Guid(aa095f562b0e11a4d9a12eaa495281e7) Importer(815301076,1909f56bfc062723c751e8b465ee728b)
Start importing Assets/IceIdle_0000s_0031_Layer-109.png using Guid(aa095f562b0e11a4d9a12eaa495281e7) Importer(815301076,1909f56bfc062723c751e8b465ee728b)  -> (artifact id: 'e188784164c6a5708ce21bf786b774d9') in 0.056325 seconds 
========================================================================
Received Import Request.
  Time since last request: 0.000023 seconds.
  path: Assets/IceIdle_0000s_0023_Layer-117.png
  artifactKey: Guid(b0fdc7aec06470249b593336e6a44f8c) Importer(815301076,1909f56bfc062723c751e8b465ee728b)
Start importing Assets/IceIdle_0000s_0023_Layer-117.png using Guid(b0fdc7aec06470249b593336e6a44f8c) Importer(815301076,1909f56bfc062723c751e8b465ee728b)  -> (artifact id: '378f9e1cd558280dfaaa6c170140a989') in 0.042196 seconds 
========================================================================
Received Import Request.
  Time since last request: 0.000028 seconds.
  path: Assets/IceIdle_0000s_0027_Layer-113.png
  artifactKey: Guid(83f212627be468f40a043402d222c13a) Importer(815301076,1909f56bfc062723c751e8b465ee728b)
Start importing Assets/IceIdle_0000s_0027_Layer-113.png using Guid(83f212627be468f40a043402d222c13a) Importer(815301076,1909f56bfc062723c751e8b465ee728b)  -> (artifact id: '1b7e69464e982a7ba30ba9d450c8f485') in 0.035056 seconds 
========================================================================
Received Import Request.
  Time since last request: 19.421112 seconds.
  path: Assets/PoisonIdle_0006_Layer-64.png
  artifactKey: Guid(fbf4f032b3521e04f91882383298a986) Importer(815301076,1909f56bfc062723c751e8b465ee728b)
Start importing Assets/PoisonIdle_0006_Layer-64.png using Guid(fbf4f032b3521e04f91882383298a986) Importer(815301076,1909f56bfc062723c751e8b465ee728b)  -> (artifact id: '2f727da71cd37a7ca52c4f4cfcc40270') in 0.045857 seconds 
========================================================================
Received Import Request.
  Time since last request: 0.010825 seconds.
  path: Assets/PoisonIdle_0012_Layer-58.png
  artifactKey: Guid(578b98ecaea32684ba363fd4c10b62e6) Importer(815301076,1909f56bfc062723c751e8b465ee728b)
Start importing Assets/PoisonIdle_0012_Layer-58.png using Guid(578b98ecaea32684ba363fd4c10b62e6) Importer(815301076,1909f56bfc062723c751e8b465ee728b)  -> (artifact id: '7931a663fc7eddd4f09960634b20b7db') in 0.056217 seconds 
========================================================================
Received Import Request.
  Time since last request: 0.000017 seconds.
  path: Assets/PoisonIdle_0033_Layer-37.png
  artifactKey: Guid(29659fd4d18cd9e4fb661ee5f938e189) Importer(815301076,1909f56bfc062723c751e8b465ee728b)
Start importing Assets/PoisonIdle_0033_Layer-37.png using Guid(29659fd4d18cd9e4fb661ee5f938e189) Importer(815301076,1909f56bfc062723c751e8b465ee728b)  -> (artifact id: 'da784ac8c3488334a5f444e286f8f2a4') in 0.088708 seconds 
========================================================================
Received Import Request.
  Time since last request: 0.000022 seconds.
  path: Assets/PoisonIdle_0032_Layer-38.png
  artifactKey: Guid(1aaf41bba49e85747a871ccd2fdc6638) Importer(815301076,1909f56bfc062723c751e8b465ee728b)
Start importing Assets/PoisonIdle_0032_Layer-38.png using Guid(1aaf41bba49e85747a871ccd2fdc6638) Importer(815301076,1909f56bfc062723c751e8b465ee728b)  -> (artifact id: '6bea8d82a6581e11e2c3ec7309c7e054') in 0.043975 seconds 
========================================================================
Received Import Request.
  Time since last request: 0.000034 seconds.
  path: Assets/PoisonIdle_0038_Layer-32.png
  artifactKey: Guid(30574f51eafc082459c151293da43dee) Importer(815301076,1909f56bfc062723c751e8b465ee728b)
Start importing Assets/PoisonIdle_0038_Layer-32.png using Guid(30574f51eafc082459c151293da43dee) Importer(815301076,1909f56bfc062723c751e8b465ee728b)  -> (artifact id: '126da4ba172c157689391e50a6a7c944') in 0.050277 seconds 
========================================================================
Received Import Request.
  Time since last request: 0.000044 seconds.
  path: Assets/PoisonIdle_0036_Layer-34.png
  artifactKey: Guid(81bd050b87a057744a68c557e5609bb9) Importer(815301076,1909f56bfc062723c751e8b465ee728b)
Start importing Assets/PoisonIdle_0036_Layer-34.png using Guid(81bd050b87a057744a68c557e5609bb9) Importer(815301076,1909f56bfc062723c751e8b465ee728b)  -> (artifact id: '82eb9adfa9e3d1c7ad3b493091a592af') in 0.046772 seconds 
========================================================================
Received Import Request.
  Time since last request: 0.000024 seconds.
  path: Assets/PoisonIdle_0022_Layer-48.png
  artifactKey: Guid(9218ff8456f379c4d93a1c88407d8e84) Importer(815301076,1909f56bfc062723c751e8b465ee728b)
Start importing Assets/PoisonIdle_0022_Layer-48.png using Guid(9218ff8456f379c4d93a1c88407d8e84) Importer(815301076,1909f56bfc062723c751e8b465ee728b)  -> (artifact id: 'd4b37dbda6dc835af708bb894b20d9a5') in 0.042623 seconds 
========================================================================
Received Import Request.
  Time since last request: 0.000020 seconds.
  path: Assets/PoisonIdle_0040_Layer-30.png
  artifactKey: Guid(77ab425987b673045811a7744011e6b9) Importer(815301076,1909f56bfc062723c751e8b465ee728b)
Start importing Assets/PoisonIdle_0040_Layer-30.png using Guid(77ab425987b673045811a7744011e6b9) Importer(815301076,1909f56bfc062723c751e8b465ee728b)  -> (artifact id: 'c6bafea840718c02d7c2b7b1458c07e0') in 0.050172 seconds 
========================================================================
Received Import Request.
  Time since last request: 0.000027 seconds.
  path: Assets/PoisonIdle_0019_Layer-51.png
  artifactKey: Guid(5fb31d46f33050244a7dd1f8f5c74e89) Importer(815301076,1909f56bfc062723c751e8b465ee728b)
Start importing Assets/PoisonIdle_0019_Layer-51.png using Guid(5fb31d46f33050244a7dd1f8f5c74e89) Importer(815301076,1909f56bfc062723c751e8b465ee728b)  -> (artifact id: 'd03cdeb0f9ec64b9852ee0b171cdb49e') in 0.047598 seconds 
========================================================================
Received Import Request.
  Time since last request: 6.217714 seconds.
  path: Assets/StormIdle_0000s_0007_Layer-148.png
  artifactKey: Guid(1a6671024c2048d449b60e1735156997) Importer(815301076,1909f56bfc062723c751e8b465ee728b)
Start importing Assets/StormIdle_0000s_0007_Layer-148.png using Guid(1a6671024c2048d449b60e1735156997) Importer(815301076,1909f56bfc062723c751e8b465ee728b)  -> (artifact id: 'f27f17f35753626e206f0c722d211b40') in 0.055070 seconds 
========================================================================
Received Import Request.
  Time since last request: 0.004085 seconds.
  path: Assets/StormIdle_0000s_0000_Layer-155.png
  artifactKey: Guid(80d357e00ca7b67418c012ed8a7d49d2) Importer(815301076,1909f56bfc062723c751e8b465ee728b)
Start importing Assets/StormIdle_0000s_0000_Layer-155.png using Guid(80d357e00ca7b67418c012ed8a7d49d2) Importer(815301076,1909f56bfc062723c751e8b465ee728b)  -> (artifact id: '3867acb484ef2a3eaa05d3bf418ef818') in 0.066160 seconds 
========================================================================
Received Import Request.
  Time since last request: 0.000031 seconds.
  path: Assets/StormIdle_0000s_0010_Layer-145.png
  artifactKey: Guid(4848dc252ee45124c804556d67bfd99b) Importer(815301076,1909f56bfc062723c751e8b465ee728b)
Start importing Assets/StormIdle_0000s_0010_Layer-145.png using Guid(4848dc252ee45124c804556d67bfd99b) Importer(815301076,1909f56bfc062723c751e8b465ee728b)  -> (artifact id: '1c53ea6268c6efdf8061b5fb4165bff9') in 0.075277 seconds 
========================================================================
Received Import Request.
  Time since last request: 0.000038 seconds.
  path: Assets/StormIdle_0000s_0004_Layer-151.png
  artifactKey: Guid(2dc36cd82a988674392df6941b9c71cc) Importer(815301076,1909f56bfc062723c751e8b465ee728b)
Start importing Assets/StormIdle_0000s_0004_Layer-151.png using Guid(2dc36cd82a988674392df6941b9c71cc) Importer(815301076,1909f56bfc062723c751e8b465ee728b)  -> (artifact id: 'f3be1dbc1a3129efc2e9541243f6433e') in 0.062751 seconds 
========================================================================
Received Import Request.
  Time since last request: 0.000052 seconds.
  path: Assets/StormIdle_0000s_0005_Layer-150.png
  artifactKey: Guid(6059225eaae9c3c4fa8e6025cbe5740c) Importer(815301076,1909f56bfc062723c751e8b465ee728b)
Start importing Assets/StormIdle_0000s_0005_Layer-150.png using Guid(6059225eaae9c3c4fa8e6025cbe5740c) Importer(815301076,1909f56bfc062723c751e8b465ee728b)  -> (artifact id: 'b67aa52a86ef9587256a88a4750c55ba') in 0.061573 seconds 
========================================================================
Received Prepare
Registering precompiled user dll's ...
Registered in 0.013913 seconds.
Begin MonoManager ReloadAssembly
Symbol file LoadedFromMemory doesn't match image C:\Users\lny\Desktop\COMP602\Mythics ()1)\Library\PackageCache\com.unity.visualscripting@1.8.0\Editor\VisualScripting.Core\Dependencies\YamlDotNet\Unity.VisualScripting.YamlDotNet.dll
Symbol file LoadedFromMemory doesn't match image C:\Users\lny\Desktop\COMP602\Mythics ()1)\Library\PackageCache\com.unity.visualscripting@1.8.0\Editor\VisualScripting.Core\Dependencies\DotNetZip\Unity.VisualScripting.IonicZip.dll
Native extension for WindowsStandalone target not found
Refreshing native plugins compatible for Editor in 0.80 ms, found 4 plugins.
Preloading 0 native plugins for Editor in 0.00 ms.
Mono: successfully reloaded assembly
- Completed reload, in  1.694 seconds
Domain Reload Profiling:
	ReloadAssembly (1695ms)
		BeginReloadAssembly (223ms)
			ExecutionOrderSort (0ms)
			DisableScriptedObjects (9ms)
			BackupInstance (0ms)
			ReleaseScriptingObjects (0ms)
			CreateAndSetChildDomain (53ms)
		EndReloadAssembly (1295ms)
			LoadAssemblies (170ms)
			RebuildTransferFunctionScriptingTraits (0ms)
			SetupTypeCache (372ms)
			ReleaseScriptCaches (3ms)
			RebuildScriptCaches (70ms)
			SetupLoadedEditorAssemblies (613ms)
				LogAssemblyErrors (0ms)
				InitializePlatformSupportModulesInManaged (12ms)
				SetLoadedEditorAssemblies (1ms)
				RefreshPlugins (1ms)
				BeforeProcessingInitializeOnLoad (147ms)
				ProcessInitializeOnLoadAttributes (342ms)
				ProcessInitializeOnLoadMethodAttributes (84ms)
				AfterProcessingInitializeOnLoad (27ms)
				EditorAssembliesLoaded (0ms)
			ExecutionOrderSort2 (0ms)
			AwakeInstancesAfterBackupRestoration (19ms)
Platform modules already initialized, skipping
Refreshing native plugins compatible for Editor in 4.94 ms, found 4 plugins.
Preloading 0 native plugins for Editor in 0.00 ms.
Unloading 3785 Unused Serialized files (Serialized files now loaded: 0)
Unloading 22 unused Assets / (22.0 KB). Loaded Objects now: 4266.
Memory consumption went from 147.7 MB to 147.7 MB.
Total: 4.412300 ms (FindLiveObjects: 0.390800 ms CreateObjectMapping: 0.303700 ms MarkObjects: 3.678100 ms  DeleteObjects: 0.038300 ms)

AssetImportParameters requested are different than current active one (requested -> active):
  custom:video-decoder-ogg-theora: a1e56fd34408186e4bbccfd4996cb3dc -> 
  custom:container-muxer-webm: aa71ff27fc2769a1b78a27578f13a17b -> 
  custom:container-demuxer-webm: 4f35f7cbe854078d1ac9338744f61a02 -> 
  custom:video-encoder-webm-vp8: eb34c28f22e8b96e1ab97ce403110664 -> 
  custom:video-codec-MediaFoundation-h265: 746d11721c4dcdbdad8f713fa42b33f4 -> 
  custom:CustomObjectIndexerAttribute: bc11b3a6c3213fcdd17b65e7da85e133 -> 
  custom:audio-encoder-webm-vorbis: bf7c407c2cedff20999df2af8eb42d56 -> 
  custom:framework-win-MediaFoundation: 216162199b28c13a410421893ffa2e32 -> 
  custom:container-demuxer-ogg: 62fdf1f143b41e24485cea50d1cbac27 -> 
  custom:video-decoder-webm-vp8: 9c59270c3fd7afecdb556c50c9e8de78 -> 
  custom:audio-decoder-ogg-vorbis: bf7c407c2cedff20999df2af8eb42d56 -> 
========================================================================
Received Prepare
Registering precompiled user dll's ...
Registered in 0.013615 seconds.
Begin MonoManager ReloadAssembly
Symbol file LoadedFromMemory doesn't match image C:\Users\lny\Desktop\COMP602\Mythics ()1)\Library\PackageCache\com.unity.visualscripting@1.8.0\Editor\VisualScripting.Core\Dependencies\YamlDotNet\Unity.VisualScripting.YamlDotNet.dll
Symbol file LoadedFromMemory doesn't match image C:\Users\lny\Desktop\COMP602\Mythics ()1)\Library\PackageCache\com.unity.visualscripting@1.8.0\Editor\VisualScripting.Core\Dependencies\DotNetZip\Unity.VisualScripting.IonicZip.dll
Native extension for WindowsStandalone target not found
Refreshing native plugins compatible for Editor in 1.17 ms, found 4 plugins.
Preloading 0 native plugins for Editor in 0.00 ms.
Mono: successfully reloaded assembly
- Completed reload, in  1.883 seconds
Domain Reload Profiling:
	ReloadAssembly (1884ms)
		BeginReloadAssembly (314ms)
			ExecutionOrderSort (0ms)
			DisableScriptedObjects (8ms)
			BackupInstance (0ms)
			ReleaseScriptingObjects (0ms)
			CreateAndSetChildDomain (45ms)
		EndReloadAssembly (1375ms)
			LoadAssemblies (270ms)
			RebuildTransferFunctionScriptingTraits (0ms)
			SetupTypeCache (651ms)
			ReleaseScriptCaches (2ms)
			RebuildScriptCaches (66ms)
			SetupLoadedEditorAssemblies (458ms)
				LogAssemblyErrors (0ms)
				InitializePlatformSupportModulesInManaged (9ms)
				SetLoadedEditorAssemblies (1ms)
				RefreshPlugins (1ms)
				BeforeProcessingInitializeOnLoad (132ms)
				ProcessInitializeOnLoadAttributes (249ms)
				ProcessInitializeOnLoadMethodAttributes (50ms)
				AfterProcessingInitializeOnLoad (16ms)
				EditorAssembliesLoaded (0ms)
			ExecutionOrderSort2 (0ms)
			AwakeInstancesAfterBackupRestoration (10ms)
Platform modules already initialized, skipping
Refreshing native plugins compatible for Editor in 3.45 ms, found 4 plugins.
Preloading 0 native plugins for Editor in 0.00 ms.
Unloading 3785 Unused Serialized files (Serialized files now loaded: 0)
Unloading 22 unused Assets / (22.0 KB). Loaded Objects now: 4269.
Memory consumption went from 147.7 MB to 147.7 MB.
Total: 3.728200 ms (FindLiveObjects: 0.508300 ms CreateObjectMapping: 0.322300 ms MarkObjects: 2.864100 ms  DeleteObjects: 0.032200 ms)

AssetImportParameters requested are different than current active one (requested -> active):
  custom:video-decoder-ogg-theora: a1e56fd34408186e4bbccfd4996cb3dc -> 
  custom:container-muxer-webm: aa71ff27fc2769a1b78a27578f13a17b -> 
  custom:container-demuxer-webm: 4f35f7cbe854078d1ac9338744f61a02 -> 
  custom:video-encoder-webm-vp8: eb34c28f22e8b96e1ab97ce403110664 -> 
  custom:video-codec-MediaFoundation-h265: 746d11721c4dcdbdad8f713fa42b33f4 -> 
  custom:CustomObjectIndexerAttribute: bc11b3a6c3213fcdd17b65e7da85e133 -> 
  custom:audio-encoder-webm-vorbis: bf7c407c2cedff20999df2af8eb42d56 -> 
  custom:framework-win-MediaFoundation: 216162199b28c13a410421893ffa2e32 -> 
  custom:container-demuxer-ogg: 62fdf1f143b41e24485cea50d1cbac27 -> 
  custom:video-decoder-webm-vp8: 9c59270c3fd7afecdb556c50c9e8de78 -> 
  custom:audio-decoder-ogg-vorbis: bf7c407c2cedff20999df2af8eb42d56 -> 
========================================================================
Received Import Request.
  Time since last request: 183.693752 seconds.
  path: Assets/IceIdle_0000s_0003_Layer-137.png
  artifactKey: Guid(023d4a3022017ab45bbe07cc72697980) Importer(815301076,1909f56bfc062723c751e8b465ee728b)
Start importing Assets/IceIdle_0000s_0003_Layer-137.png using Guid(023d4a3022017ab45bbe07cc72697980) Importer(815301076,1909f56bfc062723c751e8b465ee728b)  -> (artifact id: '9b4a0f2182e7cf1df806010ad5d40674') in 0.118297 seconds 
========================================================================
Received Import Request.
  Time since last request: 0.000029 seconds.
  path: Assets/IceIdle_0000s_0009_Layer-131.png
  artifactKey: Guid(b4e4df1e9bf2e264c9fbf821abdb29d0) Importer(815301076,1909f56bfc062723c751e8b465ee728b)
Start importing Assets/IceIdle_0000s_0009_Layer-131.png using Guid(b4e4df1e9bf2e264c9fbf821abdb29d0) Importer(815301076,1909f56bfc062723c751e8b465ee728b)  -> (artifact id: '67d19188107c418c340964afb502c9fb') in 0.040978 seconds 
========================================================================
Received Import Request.
  Time since last request: 0.000026 seconds.
  path: Assets/IceIdle_0000s_0010_Layer-130.png
  artifactKey: Guid(6f0df60fcf85de14097dca4f3e908221) Importer(815301076,1909f56bfc062723c751e8b465ee728b)
Start importing Assets/IceIdle_0000s_0010_Layer-130.png using Guid(6f0df60fcf85de14097dca4f3e908221) Importer(815301076,1909f56bfc062723c751e8b465ee728b)  -> (artifact id: '28e75d47541f5634ef38d9b8bcfe8f3f') in 0.048134 seconds 
========================================================================
Received Import Request.
  Time since last request: 0.000032 seconds.
  path: Assets/IceIdle_0000s_0004_Layer-136.png
  artifactKey: Guid(62b09a89ce829c74ba33bf47eb4213cd) Importer(815301076,1909f56bfc062723c751e8b465ee728b)
Start importing Assets/IceIdle_0000s_0004_Layer-136.png using Guid(62b09a89ce829c74ba33bf47eb4213cd) Importer(815301076,1909f56bfc062723c751e8b465ee728b)  -> (artifact id: 'b1d3ca43f435583407b410e2a671f366') in 0.060984 seconds 
========================================================================
Received Import Request.
  Time since last request: 0.000043 seconds.
  path: Assets/IceIdle_0000s_0000_Layer-140.png
  artifactKey: Guid(9fec7d4afeaf9fc4888ef1bc5fb5e765) Importer(815301076,1909f56bfc062723c751e8b465ee728b)
Start importing Assets/IceIdle_0000s_0000_Layer-140.png using Guid(9fec7d4afeaf9fc4888ef1bc5fb5e765) Importer(815301076,1909f56bfc062723c751e8b465ee728b)  -> (artifact id: '4bccf92f5aa5f6302bc6f8a01174c808') in 0.049927 seconds 
Editor requested this worker to shutdown with reason: Scaling down because of idle timeout
AssetImportWorker is now disconnected from the server
Process exiting
Exiting without the bug reporter. Application will terminate with return code 0