Using pre-set license
Built from '2021.3/staging' branch; Version is '2021.3.29f1 (204d6dc9ae1c) revision 2116973'; Using compiler version '192829333'; Build Type 'Release'
OS: 'Windows 10  (10.0.19045) 64bit Core' Language: 'zh' Physical Memory: 32429 MB
BatchMode: 1, IsHumanControllingUs: 0, StartBugReporterOnCrash: 0, Is64bit: 1, IsPro: 1

COMMAND LINE ARGUMENTS:
C:\unity\2021.3.29f1\Editor\Unity.exe
-adb2
-batchMode
-noUpm
-name
AssetImportWorker9
-projectPath
C:/Users/lny/Desktop/COMP602/Mythics ()1)
-logFile
Logs/AssetImportWorker9.log
-srvPort
49669
Successfully changed project path to: C:/Users/lny/Desktop/COMP602/Mythics ()1)
C:/Users/lny/Desktop/COMP602/Mythics ()1)
[UnityMemory] Configuration Parameters - Can be set up in boot.config
    "memorysetup-bucket-allocator-granularity=16"
    "memorysetup-bucket-allocator-bucket-count=8"
    "memorysetup-bucket-allocator-block-size=33554432"
    "memorysetup-bucket-allocator-block-count=8"
    "memorysetup-main-allocator-block-size=16777216"
    "memorysetup-thread-allocator-block-size=16777216"
    "memorysetup-gfx-main-allocator-block-size=16777216"
    "memorysetup-gfx-thread-allocator-block-size=16777216"
    "memorysetup-cache-allocator-block-size=4194304"
    "memorysetup-typetree-allocator-block-size=2097152"
    "memorysetup-profiler-bucket-allocator-granularity=16"
    "memorysetup-profiler-bucket-allocator-bucket-count=8"
    "memorysetup-profiler-bucket-allocator-block-size=33554432"
    "memorysetup-profiler-bucket-allocator-block-count=8"
    "memorysetup-profiler-allocator-block-size=16777216"
    "memorysetup-profiler-editor-allocator-block-size=1048576"
    "memorysetup-temp-allocator-size-main=16777216"
    "memorysetup-job-temp-allocator-block-size=2097152"
    "memorysetup-job-temp-allocator-block-size-background=1048576"
    "memorysetup-job-temp-allocator-reduction-small-platforms=262144"
    "memorysetup-temp-allocator-size-background-worker=32768"
    "memorysetup-temp-allocator-size-job-worker=262144"
    "memorysetup-temp-allocator-size-preload-manager=33554432"
    "memorysetup-temp-allocator-size-nav-mesh-worker=65536"
    "memorysetup-temp-allocator-size-audio-worker=65536"
    "memorysetup-temp-allocator-size-cloud-worker=32768"
    "memorysetup-temp-allocator-size-gi-baking-worker=262144"
    "memorysetup-temp-allocator-size-gfx=262144"
Player connection [6952] Host "[IP] 192.168.1.228 [Port] 0 [Flags] 2 [Guid] 2449392085 [EditorId] 2449392085 [Version] 1048832 [Id] WindowsEditor(7,DESKTOP-UVGHRJR) [Debug] 1 [PackageName] WindowsEditor [ProjectName] Editor" joined multi-casting on [225.0.0.222:54997]...

Player connection [6952] Host "[IP] 192.168.1.228 [Port] 0 [Flags] 2 [Guid] 2449392085 [EditorId] 2449392085 [Version] 1048832 [Id] WindowsEditor(7,DESKTOP-UVGHRJR) [Debug] 1 [PackageName] WindowsEditor [ProjectName] Editor" joined alternative multi-casting on [225.0.0.222:34997]...

Refreshing native plugins compatible for Editor in 211.60 ms, found 4 plugins.
Preloading 0 native plugins for Editor in 0.00 ms.
Initialize engine version: 2021.3.29f1 (204d6dc9ae1c)
[Subsystems] Discovering subsystems at path C:/unity/2021.3.29f1/Editor/Data/Resources/UnitySubsystems
[Subsystems] Discovering subsystems at path C:/Users/lny/Desktop/COMP602/Mythics ()1)/Assets
GfxDevice: creating device client; threaded=0; jobified=0
Direct3D:
    Version:  Direct3D 11.0 [level 11.1]
    Renderer: NVIDIA GeForce RTX 3080 Laptop GPU (ID=0x24dc)
    Vendor:   NVIDIA
    VRAM:     16191 MB
    Driver:   31.0.15.3699
Initialize mono
Mono path[0] = 'C:/unity/2021.3.29f1/Editor/Data/Managed'
Mono path[1] = 'C:/unity/2021.3.29f1/Editor/Data/MonoBleedingEdge/lib/mono/unityjit-win32'
Mono config path = 'C:/unity/2021.3.29f1/Editor/Data/MonoBleedingEdge/etc'
Using monoOptions --debugger-agent=transport=dt_socket,embedding=1,server=y,suspend=n,address=127.0.0.1:56336
Begin MonoManager ReloadAssembly
Registering precompiled unity dll's ...
Register platform support module: C:/unity/2021.3.29f1/Editor/Data/PlaybackEngines/WindowsStandaloneSupport/UnityEditor.WindowsStandalone.Extensions.dll
Registered in 0.009222 seconds.
Native extension for WindowsStandalone target not found
Refreshing native plugins compatible for Editor in 122.84 ms, found 4 plugins.
Preloading 0 native plugins for Editor in 0.00 ms.
Mono: successfully reloaded assembly
- Completed reload, in  0.934 seconds
Domain Reload Profiling:
	ReloadAssembly (935ms)
		BeginReloadAssembly (141ms)
			ExecutionOrderSort (0ms)
			DisableScriptedObjects (0ms)
			BackupInstance (0ms)
			ReleaseScriptingObjects (0ms)
			CreateAndSetChildDomain (1ms)
		EndReloadAssembly (653ms)
			LoadAssemblies (137ms)
			RebuildTransferFunctionScriptingTraits (0ms)
			SetupTypeCache (153ms)
			ReleaseScriptCaches (0ms)
			RebuildScriptCaches (45ms)
			SetupLoadedEditorAssemblies (378ms)
				LogAssemblyErrors (0ms)
				InitializePlatformSupportModulesInManaged (11ms)
				SetLoadedEditorAssemblies (0ms)
				RefreshPlugins (123ms)
				BeforeProcessingInitializeOnLoad (1ms)
				ProcessInitializeOnLoadAttributes (186ms)
				ProcessInitializeOnLoadMethodAttributes (56ms)
				AfterProcessingInitializeOnLoad (0ms)
				EditorAssembliesLoaded (0ms)
			ExecutionOrderSort2 (0ms)
			AwakeInstancesAfterBackupRestoration (0ms)
Platform modules already initialized, skipping
Registering precompiled user dll's ...
Registered in 0.013217 seconds.
Begin MonoManager ReloadAssembly
Symbol file LoadedFromMemory doesn't match image C:\Users\lny\Desktop\COMP602\Mythics ()1)\Library\PackageCache\com.unity.visualscripting@1.8.0\Editor\VisualScripting.Core\Dependencies\YamlDotNet\Unity.VisualScripting.YamlDotNet.dll
Symbol file LoadedFromMemory doesn't match image C:\Users\lny\Desktop\COMP602\Mythics ()1)\Library\PackageCache\com.unity.visualscripting@1.8.0\Editor\VisualScripting.Core\Dependencies\DotNetZip\Unity.VisualScripting.IonicZip.dll
Native extension for WindowsStandalone target not found
Refreshing native plugins compatible for Editor in 144.06 ms, found 4 plugins.
Preloading 0 native plugins for Editor in 0.00 ms.
Mono: successfully reloaded assembly
- Completed reload, in  1.920 seconds
Domain Reload Profiling:
	ReloadAssembly (1921ms)
		BeginReloadAssembly (243ms)
			ExecutionOrderSort (0ms)
			DisableScriptedObjects (7ms)
			BackupInstance (0ms)
			ReleaseScriptingObjects (0ms)
			CreateAndSetChildDomain (37ms)
		EndReloadAssembly (1447ms)
			LoadAssemblies (192ms)
			RebuildTransferFunctionScriptingTraits (0ms)
			SetupTypeCache (379ms)
			ReleaseScriptCaches (1ms)
			RebuildScriptCaches (90ms)
			SetupLoadedEditorAssemblies (739ms)
				LogAssemblyErrors (0ms)
				InitializePlatformSupportModulesInManaged (9ms)
				SetLoadedEditorAssemblies (0ms)
				RefreshPlugins (144ms)
				BeforeProcessingInitializeOnLoad (169ms)
				ProcessInitializeOnLoadAttributes (344ms)
				ProcessInitializeOnLoadMethodAttributes (61ms)
				AfterProcessingInitializeOnLoad (11ms)
				EditorAssembliesLoaded (0ms)
			ExecutionOrderSort2 (0ms)
			AwakeInstancesAfterBackupRestoration (12ms)
Platform modules already initialized, skipping
========================================================================
Worker process is ready to serve import requests
Launched and connected shader compiler UnityShaderCompiler.exe after 0.06 seconds
Refreshing native plugins compatible for Editor in 0.74 ms, found 4 plugins.
Preloading 0 native plugins for Editor in 0.00 ms.
Unloading 3796 Unused Serialized files (Serialized files now loaded: 0)
Unloading 35 unused Assets / (46.8 KB). Loaded Objects now: 4256.
Memory consumption went from 144.5 MB to 144.4 MB.
Total: 3.225900 ms (FindLiveObjects: 0.326400 ms CreateObjectMapping: 0.118900 ms MarkObjects: 2.684000 ms  DeleteObjects: 0.095300 ms)

AssetImportParameters requested are different than current active one (requested -> active):
  custom:video-decoder-ogg-theora: a1e56fd34408186e4bbccfd4996cb3dc -> 
  custom:container-muxer-webm: aa71ff27fc2769a1b78a27578f13a17b -> 
  custom:container-demuxer-webm: 4f35f7cbe854078d1ac9338744f61a02 -> 
  custom:video-encoder-webm-vp8: eb34c28f22e8b96e1ab97ce403110664 -> 
  custom:video-codec-MediaFoundation-h265: 746d11721c4dcdbdad8f713fa42b33f4 -> 
  custom:CustomObjectIndexerAttribute: bc11b3a6c3213fcdd17b65e7da85e133 -> 
  custom:audio-encoder-webm-vorbis: bf7c407c2cedff20999df2af8eb42d56 -> 
  custom:framework-win-MediaFoundation: 216162199b28c13a410421893ffa2e32 -> 
  custom:container-demuxer-ogg: 62fdf1f143b41e24485cea50d1cbac27 -> 
  custom:video-decoder-webm-vp8: 9c59270c3fd7afecdb556c50c9e8de78 -> 
  custom:audio-decoder-ogg-vorbis: bf7c407c2cedff20999df2af8eb42d56 -> 
========================================================================
Received Import Request.
  Time since last request: 1448517.438141 seconds.
  path: Assets/IceIdle_0000s_0003_Layer-137.png
  artifactKey: Guid(023d4a3022017ab45bbe07cc72697980) Importer(815301076,1909f56bfc062723c751e8b465ee728b)
Start importing Assets/IceIdle_0000s_0003_Layer-137.png using Guid(023d4a3022017ab45bbe07cc72697980) Importer(815301076,1909f56bfc062723c751e8b465ee728b)  -> (artifact id: '776271f3b67be74b6dd9240e2ea0ad4b') in 0.235569 seconds 
========================================================================
Received Import Request.
  Time since last request: 10.805272 seconds.
  path: Assets/FireIdle_0000s_0002_Layer-25.png
  artifactKey: Guid(0186c29e98409644c86c67305cfb2f27) Importer(815301076,1909f56bfc062723c751e8b465ee728b)
Start importing Assets/FireIdle_0000s_0002_Layer-25.png using Guid(0186c29e98409644c86c67305cfb2f27) Importer(815301076,1909f56bfc062723c751e8b465ee728b)  -> (artifact id: 'b83bf2a24d10f85c0ebfd43aad39102a') in 0.056918 seconds 
========================================================================
Received Import Request.
  Time since last request: 0.000031 seconds.
  path: Assets/FireIdle_0000s_0006_Layer-21.png
  artifactKey: Guid(4116ecbded06dc24fb3439f376c473de) Importer(815301076,1909f56bfc062723c751e8b465ee728b)
Start importing Assets/FireIdle_0000s_0006_Layer-21.png using Guid(4116ecbded06dc24fb3439f376c473de) Importer(815301076,1909f56bfc062723c751e8b465ee728b)  -> (artifact id: '490f827b9758c27101b4ea0cfe61c1d0') in 0.059558 seconds 
========================================================================
Received Import Request.
  Time since last request: 0.000027 seconds.
  path: Assets/FireIdle_0000s_0017_Layer-10.png
  artifactKey: Guid(67c772dc6a4084a4295cdc05b2548c84) Importer(815301076,1909f56bfc062723c751e8b465ee728b)
Start importing Assets/FireIdle_0000s_0017_Layer-10.png using Guid(67c772dc6a4084a4295cdc05b2548c84) Importer(815301076,1909f56bfc062723c751e8b465ee728b)  -> (artifact id: '29b9219a8b77ce87d5088631f05a3204') in 0.065516 seconds 
========================================================================
Received Import Request.
  Time since last request: 0.000028 seconds.
  path: Assets/FireIdle_0000s_0012_Layer-15.png
  artifactKey: Guid(54436631d17d72040bc1dd3a2dc580cf) Importer(815301076,1909f56bfc062723c751e8b465ee728b)
Start importing Assets/FireIdle_0000s_0012_Layer-15.png using Guid(54436631d17d72040bc1dd3a2dc580cf) Importer(815301076,1909f56bfc062723c751e8b465ee728b)  -> (artifact id: 'df0723be24a2c0a691dcd26c77ad489e') in 0.076702 seconds 
========================================================================
Received Import Request.
  Time since last request: 0.000051 seconds.
  path: Assets/FireIdle_0000s_0010_Layer-17.png
  artifactKey: Guid(a6ca4a9f0c5736c44a2f424ab7a6d7b2) Importer(815301076,1909f56bfc062723c751e8b465ee728b)
Start importing Assets/FireIdle_0000s_0010_Layer-17.png using Guid(a6ca4a9f0c5736c44a2f424ab7a6d7b2) Importer(815301076,1909f56bfc062723c751e8b465ee728b)  -> (artifact id: 'ff12101ce0877a8f73f5171cda9680f0') in 0.058121 seconds 
========================================================================
Received Import Request.
  Time since last request: 0.000039 seconds.
  path: Assets/FireIdle_0000s_0015_Layer-12.png
  artifactKey: Guid(087726dfd1e123b4ab1b76c6cd006d15) Importer(815301076,1909f56bfc062723c751e8b465ee728b)
Start importing Assets/FireIdle_0000s_0015_Layer-12.png using Guid(087726dfd1e123b4ab1b76c6cd006d15) Importer(815301076,1909f56bfc062723c751e8b465ee728b)  -> (artifact id: '92a7c450b084f576f0cf68d2ca2fecae') in 0.059929 seconds 
========================================================================
Received Import Request.
  Time since last request: 0.000028 seconds.
  path: Assets/FireIdle_0000s_0018_Layer-9.png
  artifactKey: Guid(580313d84978e08478341fdfcfe251ed) Importer(815301076,1909f56bfc062723c751e8b465ee728b)
Start importing Assets/FireIdle_0000s_0018_Layer-9.png using Guid(580313d84978e08478341fdfcfe251ed) Importer(815301076,1909f56bfc062723c751e8b465ee728b)  -> (artifact id: 'e3729cadbf1588afef9db48a23a1d618') in 0.054321 seconds 
========================================================================
Received Import Request.
  Time since last request: 10.642037 seconds.
  path: Assets/IceIdle_0000s_0013_Layer-127.png
  artifactKey: Guid(6f496aeb549fb1c4badc710b4769597a) Importer(815301076,1909f56bfc062723c751e8b465ee728b)
Start importing Assets/IceIdle_0000s_0013_Layer-127.png using Guid(6f496aeb549fb1c4badc710b4769597a) Importer(815301076,1909f56bfc062723c751e8b465ee728b)  -> (artifact id: '5a053e96b71d5a40034eaf854eb27061') in 0.060949 seconds 
========================================================================
Received Import Request.
  Time since last request: 0.000033 seconds.
  path: Assets/IceIdle_0000s_0030_Layer-110.png
  artifactKey: Guid(af39277923ac8204c969a6726d9de4bd) Importer(815301076,1909f56bfc062723c751e8b465ee728b)
Start importing Assets/IceIdle_0000s_0030_Layer-110.png using Guid(af39277923ac8204c969a6726d9de4bd) Importer(815301076,1909f56bfc062723c751e8b465ee728b)  -> (artifact id: '1dc6aeef2d98ffe3753df6e1dee8238f') in 0.080125 seconds 
========================================================================
Received Import Request.
  Time since last request: 0.000039 seconds.
  path: Assets/IceIdle_0000s_0026_Layer-114.png
  artifactKey: Guid(8350c5cc060e94847a255449a13b7794) Importer(815301076,1909f56bfc062723c751e8b465ee728b)
Start importing Assets/IceIdle_0000s_0026_Layer-114.png using Guid(8350c5cc060e94847a255449a13b7794) Importer(815301076,1909f56bfc062723c751e8b465ee728b)  -> (artifact id: 'fecca413ded3489800f7257744a7609b') in 0.056230 seconds 
========================================================================
Received Import Request.
  Time since last request: 0.000019 seconds.
  path: Assets/IceIdle_0000s_0017_Layer-123.png
  artifactKey: Guid(45a67e39b9191014fad66fb5785bfb51) Importer(815301076,1909f56bfc062723c751e8b465ee728b)
Start importing Assets/IceIdle_0000s_0017_Layer-123.png using Guid(45a67e39b9191014fad66fb5785bfb51) Importer(815301076,1909f56bfc062723c751e8b465ee728b)  -> (artifact id: 'c940f46ae650634025ca8fd1e57684aa') in 0.080688 seconds 
========================================================================
Received Import Request.
  Time since last request: 0.000026 seconds.
  path: Assets/IceIdle_0000s_0032_Layer-108.png
  artifactKey: Guid(28fd9b258379a61408bcb318c5959ffe) Importer(815301076,1909f56bfc062723c751e8b465ee728b)
Start importing Assets/IceIdle_0000s_0032_Layer-108.png using Guid(28fd9b258379a61408bcb318c5959ffe) Importer(815301076,1909f56bfc062723c751e8b465ee728b)  -> (artifact id: '7d09f36066b6f944c8c31f7406f36ad3') in 0.048726 seconds 
========================================================================
Received Import Request.
  Time since last request: 0.000017 seconds.
  path: Assets/IceIdle_0000s_0016_Layer-124.png
  artifactKey: Guid(cc72accfba40c48479efd2f6719cd79f) Importer(815301076,1909f56bfc062723c751e8b465ee728b)
Start importing Assets/IceIdle_0000s_0016_Layer-124.png using Guid(cc72accfba40c48479efd2f6719cd79f) Importer(815301076,1909f56bfc062723c751e8b465ee728b)  -> (artifact id: 'e16098ad705e78ed3db498b7c825888d') in 0.036838 seconds 
========================================================================
Received Import Request.
  Time since last request: 19.481561 seconds.
  path: Assets/PoisonIdle_0014_Layer-56.png
  artifactKey: Guid(69729d8e27956d94f88fd61eb1f05dfa) Importer(815301076,1909f56bfc062723c751e8b465ee728b)
Start importing Assets/PoisonIdle_0014_Layer-56.png using Guid(69729d8e27956d94f88fd61eb1f05dfa) Importer(815301076,1909f56bfc062723c751e8b465ee728b)  -> (artifact id: '1168bdb8e780673731b3693c4140cdf1') in 0.064052 seconds 
========================================================================
Received Import Request.
  Time since last request: 0.000023 seconds.
  path: Assets/PoisonIdle_0021_Layer-49.png
  artifactKey: Guid(cff92cb26df8722489a2d95c4ebcc5ee) Importer(815301076,1909f56bfc062723c751e8b465ee728b)
Start importing Assets/PoisonIdle_0021_Layer-49.png using Guid(cff92cb26df8722489a2d95c4ebcc5ee) Importer(815301076,1909f56bfc062723c751e8b465ee728b)  -> (artifact id: '3f2682e43bb205cfa4556e81b3a262ef') in 0.106037 seconds 
========================================================================
Received Import Request.
  Time since last request: 0.000024 seconds.
  path: Assets/PoisonIdle_0020_Layer-50.png
  artifactKey: Guid(9b4d6651c13187d498927acc99c02fcf) Importer(815301076,1909f56bfc062723c751e8b465ee728b)
Start importing Assets/PoisonIdle_0020_Layer-50.png using Guid(9b4d6651c13187d498927acc99c02fcf) Importer(815301076,1909f56bfc062723c751e8b465ee728b)  -> (artifact id: '8de8e842e2e61b99ea785afe4a34e263') in 0.049020 seconds 
========================================================================
Received Import Request.
  Time since last request: 0.000039 seconds.
  path: Assets/PoisonIdle_0029_Layer-41.png
  artifactKey: Guid(011fc682d9f20bf4faabfd934bec5c22) Importer(815301076,1909f56bfc062723c751e8b465ee728b)
Start importing Assets/PoisonIdle_0029_Layer-41.png using Guid(011fc682d9f20bf4faabfd934bec5c22) Importer(815301076,1909f56bfc062723c751e8b465ee728b)  -> (artifact id: 'b855edbc6d787a6a1e0419df5d9f8325') in 0.046161 seconds 
========================================================================
Received Import Request.
  Time since last request: 0.000022 seconds.
  path: Assets/PoisonIdle_0024_Layer-46.png
  artifactKey: Guid(ce9cc0d63a7b2d148be0bd07c5326934) Importer(815301076,1909f56bfc062723c751e8b465ee728b)
Start importing Assets/PoisonIdle_0024_Layer-46.png using Guid(ce9cc0d63a7b2d148be0bd07c5326934) Importer(815301076,1909f56bfc062723c751e8b465ee728b)  -> (artifact id: 'ab5c10a6d5463c2c71c916a6f7509b4d') in 0.042688 seconds 
========================================================================
Received Import Request.
  Time since last request: 0.000026 seconds.
  path: Assets/PoisonIdle_0041_Layer-29.png
  artifactKey: Guid(e4d3f4fce7497cd4aac72d8535c0fb67) Importer(815301076,1909f56bfc062723c751e8b465ee728b)
Start importing Assets/PoisonIdle_0041_Layer-29.png using Guid(e4d3f4fce7497cd4aac72d8535c0fb67) Importer(815301076,1909f56bfc062723c751e8b465ee728b)  -> (artifact id: 'ede07546fa69c814e77083d5af09b5a6') in 0.041959 seconds 
========================================================================
Received Import Request.
  Time since last request: 0.000025 seconds.
  path: Assets/PoisonIdle_0042_Layer-28.png
  artifactKey: Guid(c2c1b95c367eeaa41a98b95755e99d74) Importer(815301076,1909f56bfc062723c751e8b465ee728b)
Start importing Assets/PoisonIdle_0042_Layer-28.png using Guid(c2c1b95c367eeaa41a98b95755e99d74) Importer(815301076,1909f56bfc062723c751e8b465ee728b)  -> (artifact id: '60d887570f3806534989df0440f51eec') in 0.051725 seconds 
========================================================================
Received Import Request.
  Time since last request: 0.000039 seconds.
  path: Assets/PoisonIdle_0028_Layer-42.png
  artifactKey: Guid(29a280f0939d1ab4fad9df189272ef6e) Importer(815301076,1909f56bfc062723c751e8b465ee728b)
Start importing Assets/PoisonIdle_0028_Layer-42.png using Guid(29a280f0939d1ab4fad9df189272ef6e) Importer(815301076,1909f56bfc062723c751e8b465ee728b)  -> (artifact id: 'a29e88ae8b568af09a013469f8c4f35c') in 0.049722 seconds 
========================================================================
Received Import Request.
  Time since last request: 6.254504 seconds.
  path: Assets/StormIdle_0000s_0002_Layer-153.png
  artifactKey: Guid(bc98ac93e5b3cc047af0e35cf88f6dc5) Importer(815301076,1909f56bfc062723c751e8b465ee728b)
Start importing Assets/StormIdle_0000s_0002_Layer-153.png using Guid(bc98ac93e5b3cc047af0e35cf88f6dc5) Importer(815301076,1909f56bfc062723c751e8b465ee728b)  -> (artifact id: 'df759f23b2aa48fe05b0c2add7c857b0') in 0.063858 seconds 
========================================================================
Received Import Request.
  Time since last request: 0.000031 seconds.
  path: Assets/StormIdle_0000s_0012_Layer-143.png
  artifactKey: Guid(1b308033b5dd71b4aa26b99a5fa2afda) Importer(815301076,1909f56bfc062723c751e8b465ee728b)
Start importing Assets/StormIdle_0000s_0012_Layer-143.png using Guid(1b308033b5dd71b4aa26b99a5fa2afda) Importer(815301076,1909f56bfc062723c751e8b465ee728b)  -> (artifact id: '0a6cda7e50abf2bab4b7b91eea17d215') in 0.080458 seconds 
========================================================================
Received Import Request.
  Time since last request: 0.000033 seconds.
  path: Assets/StormIdle_0000s_0014_Layer-141.png
  artifactKey: Guid(6e7f46ed75d3bd443932316ca9cafabf) Importer(815301076,1909f56bfc062723c751e8b465ee728b)
Start importing Assets/StormIdle_0000s_0014_Layer-141.png using Guid(6e7f46ed75d3bd443932316ca9cafabf) Importer(815301076,1909f56bfc062723c751e8b465ee728b)  -> (artifact id: '790c522ff12881697dcab0df6ffae3b8') in 0.084801 seconds 
========================================================================
Received Prepare
Registering precompiled user dll's ...
Registered in 0.014484 seconds.
Begin MonoManager ReloadAssembly
Symbol file LoadedFromMemory doesn't match image C:\Users\lny\Desktop\COMP602\Mythics ()1)\Library\PackageCache\com.unity.visualscripting@1.8.0\Editor\VisualScripting.Core\Dependencies\YamlDotNet\Unity.VisualScripting.YamlDotNet.dll
Symbol file LoadedFromMemory doesn't match image C:\Users\lny\Desktop\COMP602\Mythics ()1)\Library\PackageCache\com.unity.visualscripting@1.8.0\Editor\VisualScripting.Core\Dependencies\DotNetZip\Unity.VisualScripting.IonicZip.dll
Native extension for WindowsStandalone target not found
Refreshing native plugins compatible for Editor in 1.31 ms, found 4 plugins.
Preloading 0 native plugins for Editor in 0.00 ms.
Mono: successfully reloaded assembly
- Completed reload, in  1.707 seconds
Domain Reload Profiling:
	ReloadAssembly (1709ms)
		BeginReloadAssembly (230ms)
			ExecutionOrderSort (0ms)
			DisableScriptedObjects (6ms)
			BackupInstance (0ms)
			ReleaseScriptingObjects (0ms)
			CreateAndSetChildDomain (55ms)
		EndReloadAssembly (1303ms)
			LoadAssemblies (173ms)
			RebuildTransferFunctionScriptingTraits (0ms)
			SetupTypeCache (366ms)
			ReleaseScriptCaches (2ms)
			RebuildScriptCaches (68ms)
			SetupLoadedEditorAssemblies (631ms)
				LogAssemblyErrors (0ms)
				InitializePlatformSupportModulesInManaged (9ms)
				SetLoadedEditorAssemblies (1ms)
				RefreshPlugins (1ms)
				BeforeProcessingInitializeOnLoad (144ms)
				ProcessInitializeOnLoadAttributes (373ms)
				ProcessInitializeOnLoadMethodAttributes (75ms)
				AfterProcessingInitializeOnLoad (28ms)
				EditorAssembliesLoaded (0ms)
			ExecutionOrderSort2 (0ms)
			AwakeInstancesAfterBackupRestoration (20ms)
Platform modules already initialized, skipping
Refreshing native plugins compatible for Editor in 4.99 ms, found 4 plugins.
Preloading 0 native plugins for Editor in 0.00 ms.
Unloading 3785 Unused Serialized files (Serialized files now loaded: 0)
Unloading 22 unused Assets / (22.0 KB). Loaded Objects now: 4266.
Memory consumption went from 147.7 MB to 147.7 MB.
Total: 4.340600 ms (FindLiveObjects: 0.340400 ms CreateObjectMapping: 0.311000 ms MarkObjects: 3.663200 ms  DeleteObjects: 0.024800 ms)

AssetImportParameters requested are different than current active one (requested -> active):
  custom:video-decoder-ogg-theora: a1e56fd34408186e4bbccfd4996cb3dc -> 
  custom:container-muxer-webm: aa71ff27fc2769a1b78a27578f13a17b -> 
  custom:container-demuxer-webm: 4f35f7cbe854078d1ac9338744f61a02 -> 
  custom:video-encoder-webm-vp8: eb34c28f22e8b96e1ab97ce403110664 -> 
  custom:video-codec-MediaFoundation-h265: 746d11721c4dcdbdad8f713fa42b33f4 -> 
  custom:CustomObjectIndexerAttribute: bc11b3a6c3213fcdd17b65e7da85e133 -> 
  custom:audio-encoder-webm-vorbis: bf7c407c2cedff20999df2af8eb42d56 -> 
  custom:framework-win-MediaFoundation: 216162199b28c13a410421893ffa2e32 -> 
  custom:container-demuxer-ogg: 62fdf1f143b41e24485cea50d1cbac27 -> 
  custom:video-decoder-webm-vp8: 9c59270c3fd7afecdb556c50c9e8de78 -> 
  custom:audio-decoder-ogg-vorbis: bf7c407c2cedff20999df2af8eb42d56 -> 
Editor requested this worker to shutdown with reason: Scaling down because of idle timeout
AssetImportWorker is now disconnected from the server
Process exiting
Exiting without the bug reporter. Application will terminate with return code 0