Using pre-set license
Built from '2021.3/staging' branch; Version is '2021.3.29f1 (204d6dc9ae1c) revision 2116973'; Using compiler version '192829333'; Build Type 'Release'
OS: 'Windows 10  (10.0.19045) 64bit Core' Language: 'zh' Physical Memory: 32429 MB
BatchMode: 1, IsHumanControllingUs: 0, StartBugReporterOnCrash: 0, Is64bit: 1, IsPro: 1

COMMAND LINE ARGUMENTS:
C:\unity\2021.3.29f1\Editor\Unity.exe
-adb2
-batchMode
-noUpm
-name
AssetImportWorker4
-projectPath
C:/Users/lny/Desktop/COMP602/Mythics ()1)
-logFile
Logs/AssetImportWorker4.log
-srvPort
49669
Successfully changed project path to: C:/Users/lny/Desktop/COMP602/Mythics ()1)
C:/Users/lny/Desktop/COMP602/Mythics ()1)
[UnityMemory] Configuration Parameters - Can be set up in boot.config
    "memorysetup-bucket-allocator-granularity=16"
    "memorysetup-bucket-allocator-bucket-count=8"
    "memorysetup-bucket-allocator-block-size=33554432"
    "memorysetup-bucket-allocator-block-count=8"
    "memorysetup-main-allocator-block-size=16777216"
    "memorysetup-thread-allocator-block-size=16777216"
    "memorysetup-gfx-main-allocator-block-size=16777216"
    "memorysetup-gfx-thread-allocator-block-size=16777216"
    "memorysetup-cache-allocator-block-size=4194304"
    "memorysetup-typetree-allocator-block-size=2097152"
    "memorysetup-profiler-bucket-allocator-granularity=16"
    "memorysetup-profiler-bucket-allocator-bucket-count=8"
    "memorysetup-profiler-bucket-allocator-block-size=33554432"
    "memorysetup-profiler-bucket-allocator-block-count=8"
    "memorysetup-profiler-allocator-block-size=16777216"
    "memorysetup-profiler-editor-allocator-block-size=1048576"
    "memorysetup-temp-allocator-size-main=16777216"
    "memorysetup-job-temp-allocator-block-size=2097152"
    "memorysetup-job-temp-allocator-block-size-background=1048576"
    "memorysetup-job-temp-allocator-reduction-small-platforms=262144"
    "memorysetup-temp-allocator-size-background-worker=32768"
    "memorysetup-temp-allocator-size-job-worker=262144"
    "memorysetup-temp-allocator-size-preload-manager=33554432"
    "memorysetup-temp-allocator-size-nav-mesh-worker=65536"
    "memorysetup-temp-allocator-size-audio-worker=65536"
    "memorysetup-temp-allocator-size-cloud-worker=32768"
    "memorysetup-temp-allocator-size-gi-baking-worker=262144"
    "memorysetup-temp-allocator-size-gfx=262144"
Player connection [30672] Host "[IP] 192.168.1.228 [Port] 0 [Flags] 2 [Guid] 3085688170 [EditorId] 3085688170 [Version] 1048832 [Id] WindowsEditor(7,DESKTOP-UVGHRJR) [Debug] 1 [PackageName] WindowsEditor [ProjectName] Editor" joined multi-casting on [225.0.0.222:54997]...

Player connection [30672] Host "[IP] 192.168.1.228 [Port] 0 [Flags] 2 [Guid] 3085688170 [EditorId] 3085688170 [Version] 1048832 [Id] WindowsEditor(7,DESKTOP-UVGHRJR) [Debug] 1 [PackageName] WindowsEditor [ProjectName] Editor" joined alternative multi-casting on [225.0.0.222:34997]...

Refreshing native plugins compatible for Editor in 151.22 ms, found 4 plugins.
Preloading 0 native plugins for Editor in 0.00 ms.
Initialize engine version: 2021.3.29f1 (204d6dc9ae1c)
[Subsystems] Discovering subsystems at path C:/unity/2021.3.29f1/Editor/Data/Resources/UnitySubsystems
[Subsystems] Discovering subsystems at path C:/Users/lny/Desktop/COMP602/Mythics ()1)/Assets
GfxDevice: creating device client; threaded=0; jobified=0
Direct3D:
    Version:  Direct3D 11.0 [level 11.1]
    Renderer: NVIDIA GeForce RTX 3080 Laptop GPU (ID=0x24dc)
    Vendor:   NVIDIA
    VRAM:     16191 MB
    Driver:   31.0.15.3699
Initialize mono
Mono path[0] = 'C:/unity/2021.3.29f1/Editor/Data/Managed'
Mono path[1] = 'C:/unity/2021.3.29f1/Editor/Data/MonoBleedingEdge/lib/mono/unityjit-win32'
Mono config path = 'C:/unity/2021.3.29f1/Editor/Data/MonoBleedingEdge/etc'
Using monoOptions --debugger-agent=transport=dt_socket,embedding=1,server=y,suspend=n,address=127.0.0.1:56488
Begin MonoManager ReloadAssembly
Registering precompiled unity dll's ...
Register platform support module: C:/unity/2021.3.29f1/Editor/Data/PlaybackEngines/WindowsStandaloneSupport/UnityEditor.WindowsStandalone.Extensions.dll
Registered in 0.008690 seconds.
Native extension for WindowsStandalone target not found
Refreshing native plugins compatible for Editor in 118.25 ms, found 4 plugins.
Preloading 0 native plugins for Editor in 0.00 ms.
Mono: successfully reloaded assembly
- Completed reload, in  0.872 seconds
Domain Reload Profiling:
	ReloadAssembly (872ms)
		BeginReloadAssembly (125ms)
			ExecutionOrderSort (0ms)
			DisableScriptedObjects (0ms)
			BackupInstance (0ms)
			ReleaseScriptingObjects (0ms)
			CreateAndSetChildDomain (1ms)
		EndReloadAssembly (593ms)
			LoadAssemblies (120ms)
			RebuildTransferFunctionScriptingTraits (0ms)
			SetupTypeCache (136ms)
			ReleaseScriptCaches (0ms)
			RebuildScriptCaches (35ms)
			SetupLoadedEditorAssemblies (353ms)
				LogAssemblyErrors (0ms)
				InitializePlatformSupportModulesInManaged (9ms)
				SetLoadedEditorAssemblies (0ms)
				RefreshPlugins (118ms)
				BeforeProcessingInitializeOnLoad (2ms)
				ProcessInitializeOnLoadAttributes (167ms)
				ProcessInitializeOnLoadMethodAttributes (57ms)
				AfterProcessingInitializeOnLoad (0ms)
				EditorAssembliesLoaded (0ms)
			ExecutionOrderSort2 (0ms)
			AwakeInstancesAfterBackupRestoration (0ms)
Platform modules already initialized, skipping
Registering precompiled user dll's ...
Registered in 0.013795 seconds.
Begin MonoManager ReloadAssembly
Symbol file LoadedFromMemory doesn't match image C:\Users\lny\Desktop\COMP602\Mythics ()1)\Library\PackageCache\com.unity.visualscripting@1.8.0\Editor\VisualScripting.Core\Dependencies\YamlDotNet\Unity.VisualScripting.YamlDotNet.dll
Symbol file LoadedFromMemory doesn't match image C:\Users\lny\Desktop\COMP602\Mythics ()1)\Library\PackageCache\com.unity.visualscripting@1.8.0\Editor\VisualScripting.Core\Dependencies\DotNetZip\Unity.VisualScripting.IonicZip.dll
Native extension for WindowsStandalone target not found
Refreshing native plugins compatible for Editor in 123.88 ms, found 4 plugins.
Preloading 0 native plugins for Editor in 0.00 ms.
Mono: successfully reloaded assembly
- Completed reload, in  1.516 seconds
Domain Reload Profiling:
	ReloadAssembly (1517ms)
		BeginReloadAssembly (155ms)
			ExecutionOrderSort (0ms)
			DisableScriptedObjects (8ms)
			BackupInstance (0ms)
			ReleaseScriptingObjects (0ms)
			CreateAndSetChildDomain (22ms)
		EndReloadAssembly (1185ms)
			LoadAssemblies (129ms)
			RebuildTransferFunctionScriptingTraits (0ms)
			SetupTypeCache (312ms)
			ReleaseScriptCaches (1ms)
			RebuildScriptCaches (67ms)
			SetupLoadedEditorAssemblies (623ms)
				LogAssemblyErrors (0ms)
				InitializePlatformSupportModulesInManaged (6ms)
				SetLoadedEditorAssemblies (0ms)
				RefreshPlugins (124ms)
				BeforeProcessingInitializeOnLoad (162ms)
				ProcessInitializeOnLoadAttributes (265ms)
				ProcessInitializeOnLoadMethodAttributes (47ms)
				AfterProcessingInitializeOnLoad (19ms)
				EditorAssembliesLoaded (0ms)
			ExecutionOrderSort2 (0ms)
			AwakeInstancesAfterBackupRestoration (13ms)
Platform modules already initialized, skipping
========================================================================
Worker process is ready to serve import requests
Launched and connected shader compiler UnityShaderCompiler.exe after 0.05 seconds
Refreshing native plugins compatible for Editor in 0.62 ms, found 4 plugins.
Preloading 0 native plugins for Editor in 0.00 ms.
Unloading 3796 Unused Serialized files (Serialized files now loaded: 0)
Unloading 35 unused Assets / (46.8 KB). Loaded Objects now: 4256.
Memory consumption went from 144.4 MB to 144.4 MB.
Total: 2.952700 ms (FindLiveObjects: 0.285700 ms CreateObjectMapping: 0.117500 ms MarkObjects: 2.461600 ms  DeleteObjects: 0.086900 ms)

AssetImportParameters requested are different than current active one (requested -> active):
  custom:video-decoder-ogg-theora: a1e56fd34408186e4bbccfd4996cb3dc -> 
  custom:container-muxer-webm: aa71ff27fc2769a1b78a27578f13a17b -> 
  custom:container-demuxer-webm: 4f35f7cbe854078d1ac9338744f61a02 -> 
  custom:video-encoder-webm-vp8: eb34c28f22e8b96e1ab97ce403110664 -> 
  custom:video-codec-MediaFoundation-h265: 746d11721c4dcdbdad8f713fa42b33f4 -> 
  custom:CustomObjectIndexerAttribute: bc11b3a6c3213fcdd17b65e7da85e133 -> 
  custom:audio-encoder-webm-vorbis: bf7c407c2cedff20999df2af8eb42d56 -> 
  custom:framework-win-MediaFoundation: 216162199b28c13a410421893ffa2e32 -> 
  custom:container-demuxer-ogg: 62fdf1f143b41e24485cea50d1cbac27 -> 
  custom:video-decoder-webm-vp8: 9c59270c3fd7afecdb556c50c9e8de78 -> 
  custom:audio-decoder-ogg-vorbis: bf7c407c2cedff20999df2af8eb42d56 -> 
========================================================================
Received Import Request.
  Time since last request: 1448254.071927 seconds.
  path: Assets/Animation
  artifactKey: Guid(080266b4933f61b409482c5f7caacc3e) Importer(815301076,1909f56bfc062723c751e8b465ee728b)
Start importing Assets/Animation using Guid(080266b4933f61b409482c5f7caacc3e) Importer(815301076,1909f56bfc062723c751e8b465ee728b)  -> (artifact id: 'e57f25694324cc046ca94674b8b281df') in 0.017549 seconds 
========================================================================
Received Import Request.
  Time since last request: 0.057073 seconds.
  path: Assets/Animation/blue_idle.png
  artifactKey: Guid(072e8a88ac876314084103f72c53922d) Importer(815301076,1909f56bfc062723c751e8b465ee728b)
Start importing Assets/Animation/blue_idle.png using Guid(072e8a88ac876314084103f72c53922d) Importer(815301076,1909f56bfc062723c751e8b465ee728b)  -> (artifact id: 'c1866e732b156bbc76c03a5e1612521c') in 0.232760 seconds 
========================================================================
Received Import Request.
  Time since last request: 1.936763 seconds.
  path: Assets/Animation/Towers
  artifactKey: Guid(341b46ff49e9f384c9d4f8ec890dd9e8) Importer(815301076,1909f56bfc062723c751e8b465ee728b)
Start importing Assets/Animation/Towers using Guid(341b46ff49e9f384c9d4f8ec890dd9e8) Importer(815301076,1909f56bfc062723c751e8b465ee728b)  -> (artifact id: 'ed896debfc505e13eec01640312ff461') in 0.007185 seconds 
========================================================================
Received Prepare
Registering precompiled user dll's ...
Registered in 0.014371 seconds.
Begin MonoManager ReloadAssembly
Symbol file LoadedFromMemory doesn't match image C:\Users\lny\Desktop\COMP602\Mythics ()1)\Library\PackageCache\com.unity.visualscripting@1.8.0\Editor\VisualScripting.Core\Dependencies\YamlDotNet\Unity.VisualScripting.YamlDotNet.dll
Symbol file LoadedFromMemory doesn't match image C:\Users\lny\Desktop\COMP602\Mythics ()1)\Library\PackageCache\com.unity.visualscripting@1.8.0\Editor\VisualScripting.Core\Dependencies\DotNetZip\Unity.VisualScripting.IonicZip.dll
Native extension for WindowsStandalone target not found
Refreshing native plugins compatible for Editor in 0.72 ms, found 4 plugins.
Preloading 0 native plugins for Editor in 0.00 ms.
Mono: successfully reloaded assembly
- Completed reload, in  1.282 seconds
Domain Reload Profiling:
	ReloadAssembly (1283ms)
		BeginReloadAssembly (182ms)
			ExecutionOrderSort (0ms)
			DisableScriptedObjects (9ms)
			BackupInstance (0ms)
			ReleaseScriptingObjects (0ms)
			CreateAndSetChildDomain (43ms)
		EndReloadAssembly (967ms)
			LoadAssemblies (133ms)
			RebuildTransferFunctionScriptingTraits (0ms)
			SetupTypeCache (303ms)
			ReleaseScriptCaches (2ms)
			RebuildScriptCaches (53ms)
			SetupLoadedEditorAssemblies (437ms)
				LogAssemblyErrors (0ms)
				InitializePlatformSupportModulesInManaged (9ms)
				SetLoadedEditorAssemblies (1ms)
				RefreshPlugins (1ms)
				BeforeProcessingInitializeOnLoad (114ms)
				ProcessInitializeOnLoadAttributes (241ms)
				ProcessInitializeOnLoadMethodAttributes (51ms)
				AfterProcessingInitializeOnLoad (20ms)
				EditorAssembliesLoaded (0ms)
			ExecutionOrderSort2 (0ms)
			AwakeInstancesAfterBackupRestoration (16ms)
Platform modules already initialized, skipping
Refreshing native plugins compatible for Editor in 3.66 ms, found 4 plugins.
Preloading 0 native plugins for Editor in 0.00 ms.
Unloading 3785 Unused Serialized files (Serialized files now loaded: 0)
Unloading 22 unused Assets / (21.9 KB). Loaded Objects now: 4270.
Memory consumption went from 147.7 MB to 147.7 MB.
Total: 3.315300 ms (FindLiveObjects: 0.283100 ms CreateObjectMapping: 0.166100 ms MarkObjects: 2.833100 ms  DeleteObjects: 0.031900 ms)

AssetImportParameters requested are different than current active one (requested -> active):
  custom:video-decoder-ogg-theora: a1e56fd34408186e4bbccfd4996cb3dc -> 
  custom:container-muxer-webm: aa71ff27fc2769a1b78a27578f13a17b -> 
  custom:container-demuxer-webm: 4f35f7cbe854078d1ac9338744f61a02 -> 
  custom:video-encoder-webm-vp8: eb34c28f22e8b96e1ab97ce403110664 -> 
  custom:video-codec-MediaFoundation-h265: 746d11721c4dcdbdad8f713fa42b33f4 -> 
  custom:CustomObjectIndexerAttribute: bc11b3a6c3213fcdd17b65e7da85e133 -> 
  custom:audio-encoder-webm-vorbis: bf7c407c2cedff20999df2af8eb42d56 -> 
  custom:framework-win-MediaFoundation: 216162199b28c13a410421893ffa2e32 -> 
  custom:container-demuxer-ogg: 62fdf1f143b41e24485cea50d1cbac27 -> 
  custom:video-decoder-webm-vp8: 9c59270c3fd7afecdb556c50c9e8de78 -> 
  custom:audio-decoder-ogg-vorbis: bf7c407c2cedff20999df2af8eb42d56 -> 
========================================================================
Received Import Request.
  Time since last request: 58.456724 seconds.
  path: Assets/IceIdle_0000s_0011_Layer-129.png
  artifactKey: Guid(87396efa06ba9964cad202fef90e13b3) Importer(815301076,1909f56bfc062723c751e8b465ee728b)
Start importing Assets/IceIdle_0000s_0011_Layer-129.png using Guid(87396efa06ba9964cad202fef90e13b3) Importer(815301076,1909f56bfc062723c751e8b465ee728b)  -> (artifact id: '3787b25bbf0885702b933f15e84d5e62') in 0.131538 seconds 
========================================================================
Received Import Request.
  Time since last request: 0.000036 seconds.
  path: Assets/IceIdle_0000s_0030_Layer-110.png
  artifactKey: Guid(af39277923ac8204c969a6726d9de4bd) Importer(815301076,1909f56bfc062723c751e8b465ee728b)
Start importing Assets/IceIdle_0000s_0030_Layer-110.png using Guid(af39277923ac8204c969a6726d9de4bd) Importer(815301076,1909f56bfc062723c751e8b465ee728b)  -> (artifact id: 'aa5ca6a1600e3d586697bcc4ce249053') in 0.081475 seconds 
========================================================================
Received Import Request.
  Time since last request: 0.000039 seconds.
  path: Assets/IceIdle_0000s_0019_Layer-121.png
  artifactKey: Guid(9abc47ed6fb1dad47bab990b11241f57) Importer(815301076,1909f56bfc062723c751e8b465ee728b)
Start importing Assets/IceIdle_0000s_0019_Layer-121.png using Guid(9abc47ed6fb1dad47bab990b11241f57) Importer(815301076,1909f56bfc062723c751e8b465ee728b)  -> (artifact id: '34fdee929d0622e5f5e0935cd5a4de72') in 0.096550 seconds 
========================================================================
Received Import Request.
  Time since last request: 0.000029 seconds.
  path: Assets/IceIdle_0000s_0034_Layer-106.png
  artifactKey: Guid(4fd6d187c8d475b48b596c19270390a1) Importer(815301076,1909f56bfc062723c751e8b465ee728b)
Start importing Assets/IceIdle_0000s_0034_Layer-106.png using Guid(4fd6d187c8d475b48b596c19270390a1) Importer(815301076,1909f56bfc062723c751e8b465ee728b)  -> (artifact id: 'e3609a3f103168089f98a770294e69a7') in 0.054202 seconds 
========================================================================
Received Import Request.
  Time since last request: 0.000025 seconds.
  path: Assets/IceIdle_0000s_0022_Layer-118.png
  artifactKey: Guid(396a729b361a86d4481ed03a7dd0768d) Importer(815301076,1909f56bfc062723c751e8b465ee728b)
Start importing Assets/IceIdle_0000s_0022_Layer-118.png using Guid(396a729b361a86d4481ed03a7dd0768d) Importer(815301076,1909f56bfc062723c751e8b465ee728b)  -> (artifact id: '6f3f4cbb0b7676f61d5c99da1730a19b') in 0.054717 seconds 
========================================================================
Received Import Request.
  Time since last request: 0.000029 seconds.
  path: Assets/IceIdle_0000s_0017_Layer-123.png
  artifactKey: Guid(45a67e39b9191014fad66fb5785bfb51) Importer(815301076,1909f56bfc062723c751e8b465ee728b)
Start importing Assets/IceIdle_0000s_0017_Layer-123.png using Guid(45a67e39b9191014fad66fb5785bfb51) Importer(815301076,1909f56bfc062723c751e8b465ee728b)  -> (artifact id: 'ed27c110fc04c222af84d4e437ad0a8e') in 0.045338 seconds 
========================================================================
Received Import Request.
  Time since last request: 0.000031 seconds.
  path: Assets/IceIdle_0000s_0015_Layer-125.png
  artifactKey: Guid(6106ed0e8806b8f4a9a2781569d3f9ef) Importer(815301076,1909f56bfc062723c751e8b465ee728b)
Start importing Assets/IceIdle_0000s_0015_Layer-125.png using Guid(6106ed0e8806b8f4a9a2781569d3f9ef) Importer(815301076,1909f56bfc062723c751e8b465ee728b)  -> (artifact id: '6732c8392d25b148f25d6ea60816cfa1') in 0.051856 seconds 
========================================================================
Received Import Request.
  Time since last request: 0.000026 seconds.
  path: Assets/IceIdle_0000s_0032_Layer-108.png
  artifactKey: Guid(28fd9b258379a61408bcb318c5959ffe) Importer(815301076,1909f56bfc062723c751e8b465ee728b)
Start importing Assets/IceIdle_0000s_0032_Layer-108.png using Guid(28fd9b258379a61408bcb318c5959ffe) Importer(815301076,1909f56bfc062723c751e8b465ee728b)  -> (artifact id: '1ed2b89eee0cbdcc59b3fdf54fb31c0b') in 0.060293 seconds 
========================================================================
Received Import Request.
  Time since last request: 0.000032 seconds.
  path: Assets/IceIdle_0000s_0025_Layer-115.png
  artifactKey: Guid(0223e726e9138bf46a9baa3037fbbaa9) Importer(815301076,1909f56bfc062723c751e8b465ee728b)
Start importing Assets/IceIdle_0000s_0025_Layer-115.png using Guid(0223e726e9138bf46a9baa3037fbbaa9) Importer(815301076,1909f56bfc062723c751e8b465ee728b)  -> (artifact id: 'bf73f19ceb6753b3fad90acab69e67b0') in 0.051938 seconds 
========================================================================
Received Import Request.
  Time since last request: 0.000036 seconds.
  path: Assets/IceIdle_0000s_0029_Layer-111.png
  artifactKey: Guid(a05589e4593bfc94fa6530a5fb7a6e79) Importer(815301076,1909f56bfc062723c751e8b465ee728b)
Start importing Assets/IceIdle_0000s_0029_Layer-111.png using Guid(a05589e4593bfc94fa6530a5fb7a6e79) Importer(815301076,1909f56bfc062723c751e8b465ee728b)  -> (artifact id: 'cfbeaad2233f24761010dc2bec8567d7') in 0.052899 seconds 
========================================================================
Received Import Request.
  Time since last request: 0.000039 seconds.
  path: Assets/IceIdle_0000s_0028_Layer-112.png
  artifactKey: Guid(66cd7f8e4f1a0044bbb4d265d7455505) Importer(815301076,1909f56bfc062723c751e8b465ee728b)
Start importing Assets/IceIdle_0000s_0028_Layer-112.png using Guid(66cd7f8e4f1a0044bbb4d265d7455505) Importer(815301076,1909f56bfc062723c751e8b465ee728b)  -> (artifact id: 'c779974a1ce2d8d4db980378c6af0d3a') in 0.049825 seconds 
========================================================================
Received Import Request.
  Time since last request: 0.000033 seconds.
  path: Assets/IceIdle_0000s_0020_Layer-120.png
  artifactKey: Guid(e501542f8a4c50c45bde1391c188007f) Importer(815301076,1909f56bfc062723c751e8b465ee728b)
Start importing Assets/IceIdle_0000s_0020_Layer-120.png using Guid(e501542f8a4c50c45bde1391c188007f) Importer(815301076,1909f56bfc062723c751e8b465ee728b)  -> (artifact id: '1e84dcdc83e7a03069ea451ec8ce3e6f') in 0.054137 seconds 
========================================================================
Received Import Request.
  Time since last request: 0.192427 seconds.
  path: Assets/IceIdle_0000s_0000_Layer-140.png
  artifactKey: Guid(9fec7d4afeaf9fc4888ef1bc5fb5e765) Importer(815301076,1909f56bfc062723c751e8b465ee728b)
Start importing Assets/IceIdle_0000s_0000_Layer-140.png using Guid(9fec7d4afeaf9fc4888ef1bc5fb5e765) Importer(815301076,1909f56bfc062723c751e8b465ee728b)  -> (artifact id: '41003b40b7c9145c82cc86f9ce391d12') in 0.041519 seconds 
========================================================================
Received Import Request.
  Time since last request: 0.000031 seconds.
  path: Assets/IceIdle_0000s_0003_Layer-137.png
  artifactKey: Guid(023d4a3022017ab45bbe07cc72697980) Importer(815301076,1909f56bfc062723c751e8b465ee728b)
Start importing Assets/IceIdle_0000s_0003_Layer-137.png using Guid(023d4a3022017ab45bbe07cc72697980) Importer(815301076,1909f56bfc062723c751e8b465ee728b)  -> (artifact id: 'df0580d1d187444cdf06171b7626d515') in 0.053061 seconds 
========================================================================
Received Import Request.
  Time since last request: 0.000017 seconds.
  path: Assets/IceIdle_0000s_0002_Layer-138.png
  artifactKey: Guid(865caf0260ae84f4db9d202d3ff98852) Importer(815301076,1909f56bfc062723c751e8b465ee728b)
Start importing Assets/IceIdle_0000s_0002_Layer-138.png using Guid(865caf0260ae84f4db9d202d3ff98852) Importer(815301076,1909f56bfc062723c751e8b465ee728b)  -> (artifact id: '130404d7ff5109c6216b37b85e069de6') in 0.038259 seconds 
========================================================================
Received Import Request.
  Time since last request: 0.000032 seconds.
  path: Assets/IceIdle_0000s_0007_Layer-133.png
  artifactKey: Guid(5c7f076e54d7c8b4ab1469b58d52535a) Importer(815301076,1909f56bfc062723c751e8b465ee728b)
Start importing Assets/IceIdle_0000s_0007_Layer-133.png using Guid(5c7f076e54d7c8b4ab1469b58d52535a) Importer(815301076,1909f56bfc062723c751e8b465ee728b)  -> (artifact id: 'f12c2aefc18e58329f9ca3435cf516bb') in 0.051326 seconds 
========================================================================
Received Import Request.
  Time since last request: 0.000032 seconds.
  path: Assets/IceIdle_0000s_0004_Layer-136.png
  artifactKey: Guid(62b09a89ce829c74ba33bf47eb4213cd) Importer(815301076,1909f56bfc062723c751e8b465ee728b)
Start importing Assets/IceIdle_0000s_0004_Layer-136.png using Guid(62b09a89ce829c74ba33bf47eb4213cd) Importer(815301076,1909f56bfc062723c751e8b465ee728b)  -> (artifact id: '047743d264c6792aaabe9fc93051cf73') in 0.047671 seconds 
========================================================================
Received Import Request.
  Time since last request: 32.492598 seconds.
  path: Assets/PoisonIdle_0024_Layer-46.png
  artifactKey: Guid(ce9cc0d63a7b2d148be0bd07c5326934) Importer(815301076,1909f56bfc062723c751e8b465ee728b)
Start importing Assets/PoisonIdle_0024_Layer-46.png using Guid(ce9cc0d63a7b2d148be0bd07c5326934) Importer(815301076,1909f56bfc062723c751e8b465ee728b)  -> (artifact id: '2226a6877a51223d42768acc57ae0410') in 0.063145 seconds 
========================================================================
Received Import Request.
  Time since last request: 0.000036 seconds.
  path: Assets/PoisonIdle_0035_Layer-35.png
  artifactKey: Guid(c129994928ceac64481eed3228785108) Importer(815301076,1909f56bfc062723c751e8b465ee728b)
Start importing Assets/PoisonIdle_0035_Layer-35.png using Guid(c129994928ceac64481eed3228785108) Importer(815301076,1909f56bfc062723c751e8b465ee728b)  -> (artifact id: '290819ad599804e9f0936dc59184c69b') in 0.095600 seconds 
========================================================================
Received Import Request.
  Time since last request: 0.000032 seconds.
  path: Assets/PoisonIdle_0032_Layer-38.png
  artifactKey: Guid(1aaf41bba49e85747a871ccd2fdc6638) Importer(815301076,1909f56bfc062723c751e8b465ee728b)
Start importing Assets/PoisonIdle_0032_Layer-38.png using Guid(1aaf41bba49e85747a871ccd2fdc6638) Importer(815301076,1909f56bfc062723c751e8b465ee728b)  -> (artifact id: '79d8d2278599cad18c6f8ffe2c8a299f') in 0.087153 seconds 
========================================================================
Received Import Request.
  Time since last request: 0.000033 seconds.
  path: Assets/PoisonIdle_0038_Layer-32.png
  artifactKey: Guid(30574f51eafc082459c151293da43dee) Importer(815301076,1909f56bfc062723c751e8b465ee728b)
Start importing Assets/PoisonIdle_0038_Layer-32.png using Guid(30574f51eafc082459c151293da43dee) Importer(815301076,1909f56bfc062723c751e8b465ee728b)  -> (artifact id: '0be7ebfa4aa85f79f15a98a9d3bb48c9') in 0.075486 seconds 
========================================================================
Received Import Request.
  Time since last request: 0.000030 seconds.
  path: Assets/PoisonIdle_0039_Layer-31.png
  artifactKey: Guid(ec6debd8878094d46841af0fda387bc0) Importer(815301076,1909f56bfc062723c751e8b465ee728b)
Start importing Assets/PoisonIdle_0039_Layer-31.png using Guid(ec6debd8878094d46841af0fda387bc0) Importer(815301076,1909f56bfc062723c751e8b465ee728b)  -> (artifact id: '8f4e6f1566d8f274de9bf28048eaf58a') in 0.049945 seconds 
========================================================================
Received Import Request.
  Time since last request: 0.000036 seconds.
  path: Assets/PoisonIdle_0040_Layer-30.png
  artifactKey: Guid(77ab425987b673045811a7744011e6b9) Importer(815301076,1909f56bfc062723c751e8b465ee728b)
Start importing Assets/PoisonIdle_0040_Layer-30.png using Guid(77ab425987b673045811a7744011e6b9) Importer(815301076,1909f56bfc062723c751e8b465ee728b)  -> (artifact id: '90b4844073b32085a2f4c3c5e781a0ea') in 0.052828 seconds 
========================================================================
Received Import Request.
  Time since last request: 0.423691 seconds.
  path: Assets/PoisonIdle_0012_Layer-58.png
  artifactKey: Guid(578b98ecaea32684ba363fd4c10b62e6) Importer(815301076,1909f56bfc062723c751e8b465ee728b)
Start importing Assets/PoisonIdle_0012_Layer-58.png using Guid(578b98ecaea32684ba363fd4c10b62e6) Importer(815301076,1909f56bfc062723c751e8b465ee728b)  -> (artifact id: '19f7c5778e79d1426de48431dd566e23') in 0.037444 seconds 
========================================================================
Received Import Request.
  Time since last request: 0.000021 seconds.
  path: Assets/PoisonIdle_0020_Layer-50.png
  artifactKey: Guid(9b4d6651c13187d498927acc99c02fcf) Importer(815301076,1909f56bfc062723c751e8b465ee728b)
Start importing Assets/PoisonIdle_0020_Layer-50.png using Guid(9b4d6651c13187d498927acc99c02fcf) Importer(815301076,1909f56bfc062723c751e8b465ee728b)  -> (artifact id: '1da21a8687e4afe0011053ef49b1bc5a') in 0.042237 seconds 
========================================================================
Received Import Request.
  Time since last request: 0.000027 seconds.
  path: Assets/PoisonIdle_0023_Layer-47.png
  artifactKey: Guid(2e755f4cf36c88e438ab191d148fc80e) Importer(815301076,1909f56bfc062723c751e8b465ee728b)
Start importing Assets/PoisonIdle_0023_Layer-47.png using Guid(2e755f4cf36c88e438ab191d148fc80e) Importer(815301076,1909f56bfc062723c751e8b465ee728b)  -> (artifact id: '8d2ae8f543a9a3d13330909d53e5e09a') in 0.041595 seconds 
========================================================================
Received Import Request.
  Time since last request: 0.403344 seconds.
  path: Assets/PoisonIdle_0000_Layer-70.png
  artifactKey: Guid(55521459ce614844398e459e7cf7299e) Importer(815301076,1909f56bfc062723c751e8b465ee728b)
Start importing Assets/PoisonIdle_0000_Layer-70.png using Guid(55521459ce614844398e459e7cf7299e) Importer(815301076,1909f56bfc062723c751e8b465ee728b)  -> (artifact id: 'bb37a9f9bddf3de76b11b9037c01d209') in 0.073426 seconds 
========================================================================
Received Import Request.
  Time since last request: 0.000042 seconds.
  path: Assets/PoisonIdle_0009_Layer-61.png
  artifactKey: Guid(63953651858beed4ca0458d3987d3528) Importer(815301076,1909f56bfc062723c751e8b465ee728b)
Start importing Assets/PoisonIdle_0009_Layer-61.png using Guid(63953651858beed4ca0458d3987d3528) Importer(815301076,1909f56bfc062723c751e8b465ee728b)  -> (artifact id: 'efbd5f99a2b2790cbeb89768fc1c8b6a') in 0.076550 seconds 
========================================================================
Received Import Request.
  Time since last request: 0.000052 seconds.
  path: Assets/PoisonIdle_0005_Layer-65.png
  artifactKey: Guid(2b790a05148f0e140a158fecd083381c) Importer(815301076,1909f56bfc062723c751e8b465ee728b)
Start importing Assets/PoisonIdle_0005_Layer-65.png using Guid(2b790a05148f0e140a158fecd083381c) Importer(815301076,1909f56bfc062723c751e8b465ee728b)  -> (artifact id: '5fc76cff77290b72c1e55cef7e283633') in 0.081672 seconds 
========================================================================
Received Import Request.
  Time since last request: 41.342449 seconds.
  path: Assets/StormIdle_0000s_0000_Layer-155.png
  artifactKey: Guid(80d357e00ca7b67418c012ed8a7d49d2) Importer(815301076,1909f56bfc062723c751e8b465ee728b)
Start importing Assets/StormIdle_0000s_0000_Layer-155.png using Guid(80d357e00ca7b67418c012ed8a7d49d2) Importer(815301076,1909f56bfc062723c751e8b465ee728b)  -> (artifact id: '696640093619f8fb9a78695f0cb9fbbc') in 0.046928 seconds 
========================================================================
Received Import Request.
  Time since last request: 0.000023 seconds.
  path: Assets/StormIdle_0000s_0012_Layer-143.png
  artifactKey: Guid(1b308033b5dd71b4aa26b99a5fa2afda) Importer(815301076,1909f56bfc062723c751e8b465ee728b)
Start importing Assets/StormIdle_0000s_0012_Layer-143.png using Guid(1b308033b5dd71b4aa26b99a5fa2afda) Importer(815301076,1909f56bfc062723c751e8b465ee728b)  -> (artifact id: '1a27826393360f8e4a50d5b44b80d0d7') in 0.051075 seconds 
========================================================================
Received Import Request.
  Time since last request: 0.000027 seconds.
  path: Assets/StormIdle_0000s_0011_Layer-144.png
  artifactKey: Guid(9b1800fbcb085f348b7f6af0c2ed9d51) Importer(815301076,1909f56bfc062723c751e8b465ee728b)
Start importing Assets/StormIdle_0000s_0011_Layer-144.png using Guid(9b1800fbcb085f348b7f6af0c2ed9d51) Importer(815301076,1909f56bfc062723c751e8b465ee728b)  -> (artifact id: 'b39546f7d3e839be57db763be9bc3939') in 0.128735 seconds 
========================================================================
Received Import Request.
  Time since last request: 0.000046 seconds.
  path: Assets/StormIdle_0000s_0008_Layer-147.png
  artifactKey: Guid(669d3b2ab3dbfc54a9fa4e4441fb6815) Importer(815301076,1909f56bfc062723c751e8b465ee728b)
Start importing Assets/StormIdle_0000s_0008_Layer-147.png using Guid(669d3b2ab3dbfc54a9fa4e4441fb6815) Importer(815301076,1909f56bfc062723c751e8b465ee728b)  -> (artifact id: '442dcd5a7a18aa24a343b76befc74c4d') in 0.055913 seconds 
========================================================================
Received Prepare
Registering precompiled user dll's ...
Registered in 0.013377 seconds.
Begin MonoManager ReloadAssembly
Symbol file LoadedFromMemory doesn't match image C:\Users\lny\Desktop\COMP602\Mythics ()1)\Library\PackageCache\com.unity.visualscripting@1.8.0\Editor\VisualScripting.Core\Dependencies\YamlDotNet\Unity.VisualScripting.YamlDotNet.dll
Symbol file LoadedFromMemory doesn't match image C:\Users\lny\Desktop\COMP602\Mythics ()1)\Library\PackageCache\com.unity.visualscripting@1.8.0\Editor\VisualScripting.Core\Dependencies\DotNetZip\Unity.VisualScripting.IonicZip.dll
Native extension for WindowsStandalone target not found
Refreshing native plugins compatible for Editor in 1.11 ms, found 4 plugins.
Preloading 0 native plugins for Editor in 0.00 ms.
Mono: successfully reloaded assembly
- Completed reload, in  1.489 seconds
Domain Reload Profiling:
	ReloadAssembly (1490ms)
		BeginReloadAssembly (227ms)
			ExecutionOrderSort (0ms)
			DisableScriptedObjects (10ms)
			BackupInstance (0ms)
			ReleaseScriptingObjects (0ms)
			CreateAndSetChildDomain (53ms)
		EndReloadAssembly (1102ms)
			LoadAssemblies (150ms)
			RebuildTransferFunctionScriptingTraits (0ms)
			SetupTypeCache (328ms)
			ReleaseScriptCaches (3ms)
			RebuildScriptCaches (73ms)
			SetupLoadedEditorAssemblies (499ms)
				LogAssemblyErrors (0ms)
				InitializePlatformSupportModulesInManaged (12ms)
				SetLoadedEditorAssemblies (1ms)
				RefreshPlugins (1ms)
				BeforeProcessingInitializeOnLoad (146ms)
				ProcessInitializeOnLoadAttributes (252ms)
				ProcessInitializeOnLoadMethodAttributes (62ms)
				AfterProcessingInitializeOnLoad (24ms)
				EditorAssembliesLoaded (0ms)
			ExecutionOrderSort2 (0ms)
			AwakeInstancesAfterBackupRestoration (16ms)
Platform modules already initialized, skipping
Refreshing native plugins compatible for Editor in 4.31 ms, found 4 plugins.
Preloading 0 native plugins for Editor in 0.00 ms.
Unloading 3785 Unused Serialized files (Serialized files now loaded: 0)
Unloading 22 unused Assets / (22.0 KB). Loaded Objects now: 4276.
Memory consumption went from 147.7 MB to 147.7 MB.
Total: 3.162500 ms (FindLiveObjects: 0.296900 ms CreateObjectMapping: 0.127000 ms MarkObjects: 2.704600 ms  DeleteObjects: 0.032800 ms)

AssetImportParameters requested are different than current active one (requested -> active):
  custom:video-decoder-ogg-theora: a1e56fd34408186e4bbccfd4996cb3dc -> 
  custom:container-muxer-webm: aa71ff27fc2769a1b78a27578f13a17b -> 
  custom:container-demuxer-webm: 4f35f7cbe854078d1ac9338744f61a02 -> 
  custom:video-encoder-webm-vp8: eb34c28f22e8b96e1ab97ce403110664 -> 
  custom:video-codec-MediaFoundation-h265: 746d11721c4dcdbdad8f713fa42b33f4 -> 
  custom:CustomObjectIndexerAttribute: bc11b3a6c3213fcdd17b65e7da85e133 -> 
  custom:audio-encoder-webm-vorbis: bf7c407c2cedff20999df2af8eb42d56 -> 
  custom:framework-win-MediaFoundation: 216162199b28c13a410421893ffa2e32 -> 
  custom:container-demuxer-ogg: 62fdf1f143b41e24485cea50d1cbac27 -> 
  custom:video-decoder-webm-vp8: 9c59270c3fd7afecdb556c50c9e8de78 -> 
  custom:audio-decoder-ogg-vorbis: bf7c407c2cedff20999df2af8eb42d56 -> 
Editor requested this worker to shutdown with reason: Scaling down because of idle timeout
AssetImportWorker is now disconnected from the server
Process exiting
Exiting without the bug reporter. Application will terminate with return code 0